#
# There is insufficient memory for the Java Runtime Environment to continue.
# Native memory allocation (malloc) failed to allocate 2251856 bytes for Chunk::new
# Possible reasons:
#   The system is out of physical RAM or swap space
#   The process is running with CompressedOops enabled, and the Java Heap may be blocking the growth of the native heap
# Possible solutions:
#   Reduce memory load on the system
#   Increase physical memory or swap space
#   Check if swap backing store is full
#   Decrease Java heap size (-Xmx/-Xms)
#   Decrease number of Java threads
#   Decrease Java thread stack sizes (-Xss)
#   Set larger code cache with -XX:ReservedCodeCacheSize=
#   JVM is running with Unscaled Compressed Oops mode in which the Java heap is
#     placed in the first 4GB address space. The Java Heap base address is the
#     maximum limit for the native heap growth. Please use -XX:HeapBaseMinAddress
#     to set the Java Heap base and to place the Java Heap above 4GB virtual address.
# This output file may be truncated or incomplete.
#
#  Out of Memory Error (allocation.cpp:389), pid=18716, tid=0x0000000000003904
#
# JRE version: OpenJDK Runtime Environment (8.0_202-b03) (build 1.8.0_202-release-1483-b03)
# Java VM: OpenJDK 64-Bit Server VM (25.202-b03 mixed mode windows-amd64 compressed oops)
# Failed to write core dump. Minidumps are not enabled by default on client versions of Windows
#

---------------  T H R E A D  ---------------

Current thread (0x0000000015f2d800):  JavaThread "C2 CompilerThread0" daemon [_thread_in_native, id=14596, stack(0x00000000175d0000,0x00000000176d0000)]

Stack: [0x00000000175d0000,0x00000000176d0000]
[error occurred during error reporting (printing stack bounds), id 0xc0000005]

Native frames: (J=compiled Java code, j=interpreted, Vv=VM code, C=native code)


Current CompileTask:
C2:  14609 5653   !   4       java.net.URLClassLoader$1::run (63 bytes)


---------------  P R O C E S S  ---------------

Java Threads: ( => current thread )
  0x000000001de58000 JavaThread "Memory manager" [_thread_blocked, id=2904, stack(0x0000000020850000,0x0000000020950000)]
  0x000000001de50800 JavaThread "Cache worker for Build Output Cleanup Cache (C:\Users\remys_000\AndroidStudioProjects\IMCv4\.gradle\buildOutputCleanup)" [_thread_blocked, id=10448, stack(0x0000000020330000,0x0000000020430000)]
  0x000000001de57800 JavaThread "Build operations Thread 4" [_thread_blocked, id=19436, stack(0x0000000020750000,0x0000000020850000)]
  0x000000001de51800 JavaThread "Build operations Thread 3" [_thread_blocked, id=11776, stack(0x0000000020650000,0x0000000020750000)]
  0x000000001de56800 JavaThread "Build operations Thread 2" [_thread_blocked, id=17400, stack(0x0000000020550000,0x0000000020650000)]
  0x000000001de56000 JavaThread "Build operations" [_thread_blocked, id=9992, stack(0x0000000020450000,0x0000000020550000)]
  0x000000001de54800 JavaThread "Cache worker for execution history cache (C:\Users\remys_000\.gradle\caches\5.4.1\executionHistory)" [_thread_blocked, id=17720, stack(0x000000001ec60000,0x000000001ed60000)]
  0x0000000018be8000 JavaThread "Cache worker for cache directory md-rule (C:\Users\remys_000\.gradle\caches\5.4.1\md-rule)" [_thread_blocked, id=18088, stack(0x000000001eb60000,0x000000001ec60000)]
  0x0000000018be7000 JavaThread "Cache worker for cache directory md-supplier (C:\Users\remys_000\.gradle\caches\5.4.1\md-supplier)" [_thread_blocked, id=18852, stack(0x000000001ea60000,0x000000001eb60000)]
  0x0000000018be8800 JavaThread "Cache worker for file hash cache (C:\Users\remys_000\AndroidStudioProjects\IMCv4\.gradle\5.4.1\fileHashes)" [_thread_blocked, id=16848, stack(0x000000001d0f0000,0x000000001d1f0000)]
  0x0000000018be9800 JavaThread "Cache worker for journal cache (C:\Users\remys_000\.gradle\caches\journal-1)" [_thread_blocked, id=18916, stack(0x000000001bd20000,0x000000001be20000)]
  0x0000000018be3800 JavaThread "File lock request listener" [_thread_in_native, id=9876, stack(0x000000001bc20000,0x000000001bd20000)]
  0x0000000018bea000 JavaThread "Cache worker for file hash cache (C:\Users\remys_000\.gradle\caches\5.4.1\fileHashes)" [_thread_blocked, id=3380, stack(0x000000001b920000,0x000000001ba20000)]
  0x000000001804d000 JavaThread "Thread-9" [_thread_blocked, id=10352, stack(0x000000001b820000,0x000000001b920000)]
  0x0000000018065800 JavaThread "Stdin handler" [_thread_blocked, id=18364, stack(0x000000001b720000,0x000000001b820000)]
  0x0000000018064800 JavaThread "Asynchronous log dispatcher for DefaultDaemonConnection: socket connection from /127.0.0.1:59182 to /127.0.0.1:59183" [_thread_blocked, id=7588, stack(0x000000001b620000,0x000000001b720000)]
  0x00000000196f3000 JavaThread "Daemon worker" [_thread_in_vm, id=13244, stack(0x000000001b520000,0x000000001b620000)]
  0x00000000196f2800 JavaThread "Cancel handler" [_thread_blocked, id=18512, stack(0x000000001b420000,0x000000001b520000)]
  0x00000000197ec000 JavaThread "Handler for socket connection from /127.0.0.1:59182 to /127.0.0.1:59183" [_thread_in_native, id=17820, stack(0x000000001b120000,0x000000001b220000)]
  0x0000000019825000 JavaThread "Daemon periodic checks" [_thread_blocked, id=13728, stack(0x000000001b020000,0x000000001b120000)]
  0x0000000019824800 JavaThread "Daemon" [_thread_blocked, id=3928, stack(0x000000001af20000,0x000000001b020000)]
  0x0000000019503000 JavaThread "Incoming local TCP Connector on port 59182" [_thread_in_native, id=4768, stack(0x000000001acb0000,0x000000001adb0000)]
  0x0000000019562800 JavaThread "Daemon health stats" [_thread_blocked, id=15660, stack(0x000000001a670000,0x000000001a770000)]
  0x00000000178f7800 JavaThread "Service Thread" daemon [_thread_blocked, id=11292, stack(0x0000000017cd0000,0x0000000017dd0000)]
  0x0000000015f39800 JavaThread "C1 CompilerThread2" daemon [_thread_blocked, id=16392, stack(0x00000000177d0000,0x00000000178d0000)]
  0x0000000015f32000 JavaThread "C2 CompilerThread1" daemon [_thread_in_native, id=8328, stack(0x00000000176d0000,0x00000000177d0000)]
=>0x0000000015f2d800 JavaThread "C2 CompilerThread0" daemon [_thread_in_native, id=14596, stack(0x00000000175d0000,0x00000000176d0000)]
  0x0000000015f2c000 JavaThread "Attach Listener" daemon [_thread_blocked, id=16700, stack(0x00000000174d0000,0x00000000175d0000)]
  0x0000000015f2b000 JavaThread "Signal Dispatcher" daemon [_thread_blocked, id=2052, stack(0x00000000173d0000,0x00000000174d0000)]
  0x00000000025bd000 JavaThread "Finalizer" daemon [_thread_blocked, id=3720, stack(0x00000000171a0000,0x00000000172a0000)]
  0x0000000015f19000 JavaThread "Reference Handler" daemon [_thread_blocked, id=2108, stack(0x00000000170a0000,0x00000000171a0000)]
  0x00000000024c2800 JavaThread "main" [_thread_blocked, id=4304, stack(0x0000000002330000,0x0000000002430000)]

Other Threads:
  0x0000000015ef6000 VMThread [stack: 0x0000000016fa0000,0x00000000170a0000] [id=9804]
  0x00000000178fc800 WatcherThread [stack: 0x0000000017dd0000,0x0000000017ed0000] [id=8396]

VM state:not at safepoint (normal execution)

VM Mutex/Monitor currently owned by a thread: None

heap address: 0x00000000a0000000, size: 1536 MB, Compressed Oops mode: 32-bit
Narrow klass base: 0x0000000000000000, Narrow klass shift: 3
Compressed class space size: 1073741824 Address: 0x0000000100000000

Heap:
 PSYoungGen      total 222720K, used 31648K [0x00000000e0000000, 0x00000000f1f80000, 0x0000000100000000)
  eden space 205312K, 15% used [0x00000000e0000000,0x00000000e1ee8120,0x00000000ec880000)
  from space 17408K, 0% used [0x00000000ec880000,0x00000000ec880000,0x00000000ed980000)
  to   space 23040K, 0% used [0x00000000f0900000,0x00000000f0900000,0x00000000f1f80000)
 ParOldGen       total 84480K, used 38779K [0x00000000a0000000, 0x00000000a5280000, 0x00000000e0000000)
  object space 84480K, 45% used [0x00000000a0000000,0x00000000a25deda8,0x00000000a5280000)
 Metaspace       used 58813K, capacity 60860K, committed 61056K, reserved 1101824K
  class space    used 8073K, capacity 8526K, committed 8576K, reserved 1048576K

Card table byte_map: [0x0000000011980000,0x0000000011c90000] byte_map_base: 0x0000000011480000

Marking Bits: (ParMarkBitMap*) 0x0000000057279f30
 Begin Bits: [0x0000000012290000, 0x0000000013a90000)
 End Bits:   [0x0000000013a90000, 0x0000000015290000)

Polling page: 0x0000000000650000

CodeCache: size=245760Kb used=18120Kb max_used=18526Kb free=227639Kb
 bounds [0x00000000025c0000, 0x00000000037f0000, 0x00000000115c0000]
 total_blobs=6057 nmethods=5275 adapters=695
 compilation: enabled

Compilation events (10 events):
Event: 14.480 Thread 0x0000000015f39800 5755       3       java.util.logging.LogManager$LoggerContext::requiresDefaultLoggers (29 bytes)
Event: 14.481 Thread 0x0000000015f39800 nmethod 5755 0x0000000002863c10 code [0x0000000002863d80, 0x00000000028641a8]
Event: 14.481 Thread 0x0000000015f39800 5756       3       java.util.logging.LogManager::access$100 (4 bytes)
Event: 14.481 Thread 0x0000000015f39800 nmethod 5756 0x00000000027efa90 code [0x00000000027efbe0, 0x00000000027efd10]
Event: 14.525 Thread 0x0000000015f39800 5758       1       org.gradle.cache.internal.DefaultFileLockManager$DefaultFileLock::access$300 (5 bytes)
Event: 14.525 Thread 0x0000000015f39800 nmethod 5758 0x0000000002eeb850 code [0x0000000002eeb9a0, 0x0000000002eeba90]
Event: 14.576 Thread 0x0000000015f39800 5759       3       java.lang.reflect.AnnotatedElement::isAnnotationPresent (16 bytes)
Event: 14.576 Thread 0x0000000015f39800 nmethod 5759 0x0000000002b8f650 code [0x0000000002b8f7c0, 0x0000000002b8fa28]
Event: 14.577 Thread 0x0000000015f39800 5760       3       sun.reflect.annotation.AnnotationParser::parseArray (226 bytes)
Event: 14.578 Thread 0x0000000015f39800 nmethod 5760 0x0000000002ac08d0 code [0x0000000002ac0b60, 0x0000000002ac1778]

GC Heap History (10 events):
Event: 10.015 GC heap before
{Heap before GC invocations=8 (full 1):
 PSYoungGen      total 128000K, used 111338K [0x00000000e0000000, 0x00000000e9600000, 0x0000000100000000)
  eden space 119808K, 86% used [0x00000000e0000000,0x00000000e6526430,0x00000000e7500000)
  from space 8192K, 94% used [0x00000000e8e00000,0x00000000e9594760,0x00000000e9600000)
  to   space 11776K, 0% used [0x00000000e7f00000,0x00000000e7f00000,0x00000000e8a80000)
 ParOldGen       total 57344K, used 11181K [0x00000000a0000000, 0x00000000a3800000, 0x00000000e0000000)
  object space 57344K, 19% used [0x00000000a0000000,0x00000000a0aeb4d8,0x00000000a3800000)
 Metaspace       used 34462K, capacity 35406K, committed 35456K, reserved 1079296K
  class space    used 4755K, capacity 4959K, committed 4992K, reserved 1048576K
Event: 10.028 GC heap after
Heap after GC invocations=8 (full 1):
 PSYoungGen      total 141824K, used 11751K [0x00000000e0000000, 0x00000000eea80000, 0x0000000100000000)
  eden space 130048K, 0% used [0x00000000e0000000,0x00000000e0000000,0x00000000e7f00000)
  from space 11776K, 99% used [0x00000000e7f00000,0x00000000e8a79eb8,0x00000000e8a80000)
  to   space 13824K, 0% used [0x00000000edd00000,0x00000000edd00000,0x00000000eea80000)
 ParOldGen       total 57344K, used 12206K [0x00000000a0000000, 0x00000000a3800000, 0x00000000e0000000)
  object space 57344K, 21% used [0x00000000a0000000,0x00000000a0bebaf0,0x00000000a3800000)
 Metaspace       used 34462K, capacity 35406K, committed 35456K, reserved 1079296K
  class space    used 4755K, capacity 4959K, committed 4992K, reserved 1048576K
}
Event: 10.028 GC heap before
{Heap before GC invocations=9 (full 2):
 PSYoungGen      total 141824K, used 11751K [0x00000000e0000000, 0x00000000eea80000, 0x0000000100000000)
  eden space 130048K, 0% used [0x00000000e0000000,0x00000000e0000000,0x00000000e7f00000)
  from space 11776K, 99% used [0x00000000e7f00000,0x00000000e8a79eb8,0x00000000e8a80000)
  to   space 13824K, 0% used [0x00000000edd00000,0x00000000edd00000,0x00000000eea80000)
 ParOldGen       total 57344K, used 12206K [0x00000000a0000000, 0x00000000a3800000, 0x00000000e0000000)
  object space 57344K, 21% used [0x00000000a0000000,0x00000000a0bebaf0,0x00000000a3800000)
 Metaspace       used 34462K, capacity 35406K, committed 35456K, reserved 1079296K
  class space    used 4755K, capacity 4959K, committed 4992K, reserved 1048576K
Event: 10.098 GC heap after
Heap after GC invocations=9 (full 2):
 PSYoungGen      total 141824K, used 0K [0x00000000e0000000, 0x00000000eea80000, 0x0000000100000000)
  eden space 130048K, 0% used [0x00000000e0000000,0x00000000e0000000,0x00000000e7f00000)
  from space 11776K, 0% used [0x00000000e7f00000,0x00000000e7f00000,0x00000000e8a80000)
  to   space 13824K, 0% used [0x00000000edd00000,0x00000000edd00000,0x00000000eea80000)
 ParOldGen       total 84480K, used 19761K [0x00000000a0000000, 0x00000000a5280000, 0x00000000e0000000)
  object space 84480K, 23% used [0x00000000a0000000,0x00000000a134c7e0,0x00000000a5280000)
 Metaspace       used 34462K, capacity 35406K, committed 35456K, reserved 1079296K
  class space    used 4755K, capacity 4959K, committed 4992K, reserved 1048576K
}
Event: 11.827 GC heap before
{Heap before GC invocations=10 (full 2):
 PSYoungGen      total 141824K, used 130048K [0x00000000e0000000, 0x00000000eea80000, 0x0000000100000000)
  eden space 130048K, 100% used [0x00000000e0000000,0x00000000e7f00000,0x00000000e7f00000)
  from space 11776K, 0% used [0x00000000e7f00000,0x00000000e7f00000,0x00000000e8a80000)
  to   space 13824K, 0% used [0x00000000edd00000,0x00000000edd00000,0x00000000eea80000)
 ParOldGen       total 84480K, used 19761K [0x00000000a0000000, 0x00000000a5280000, 0x00000000e0000000)
  object space 84480K, 23% used [0x00000000a0000000,0x00000000a134c7e0,0x00000000a5280000)
 Metaspace       used 45980K, capacity 47352K, committed 47488K, reserved 1089536K
  class space    used 6193K, capacity 6511K, committed 6528K, reserved 1048576K
Event: 11.847 GC heap after
Heap after GC invocations=10 (full 2):
 PSYoungGen      total 207872K, used 13793K [0x00000000e0000000, 0x00000000eea80000, 0x0000000100000000)
  eden space 194048K, 0% used [0x00000000e0000000,0x00000000e0000000,0x00000000ebd80000)
  from space 13824K, 99% used [0x00000000edd00000,0x00000000eea78440,0x00000000eea80000)
  to   space 17408K, 0% used [0x00000000ec880000,0x00000000ec880000,0x00000000ed980000)
 ParOldGen       total 84480K, used 23114K [0x00000000a0000000, 0x00000000a5280000, 0x00000000e0000000)
  object space 84480K, 27% used [0x00000000a0000000,0x00000000a1692848,0x00000000a5280000)
 Metaspace       used 45980K, capacity 47352K, committed 47488K, reserved 1089536K
  class space    used 6193K, capacity 6511K, committed 6528K, reserved 1048576K
}
Event: 14.058 GC heap before
{Heap before GC invocations=11 (full 2):
 PSYoungGen      total 207872K, used 185742K [0x00000000e0000000, 0x00000000eea80000, 0x0000000100000000)
  eden space 194048K, 88% used [0x00000000e0000000,0x00000000ea7eb458,0x00000000ebd80000)
  from space 13824K, 99% used [0x00000000edd00000,0x00000000eea78440,0x00000000eea80000)
  to   space 17408K, 0% used [0x00000000ec880000,0x00000000ec880000,0x00000000ed980000)
 ParOldGen       total 84480K, used 23114K [0x00000000a0000000, 0x00000000a5280000, 0x00000000e0000000)
  object space 84480K, 27% used [0x00000000a0000000,0x00000000a1692848,0x00000000a5280000)
 Metaspace       used 57001K, capacity 58974K, committed 59096K, reserved 1099776K
  class space    used 7775K, capacity 8210K, committed 8320K, reserved 1048576K
Event: 14.079 GC heap after
Heap after GC invocations=11 (full 2):
 PSYoungGen      total 222720K, used 17396K [0x00000000e0000000, 0x00000000f1f80000, 0x0000000100000000)
  eden space 205312K, 0% used [0x00000000e0000000,0x00000000e0000000,0x00000000ec880000)
  from space 17408K, 99% used [0x00000000ec880000,0x00000000ed97d320,0x00000000ed980000)
  to   space 23040K, 0% used [0x00000000f0900000,0x00000000f0900000,0x00000000f1f80000)
 ParOldGen       total 84480K, used 30599K [0x00000000a0000000, 0x00000000a5280000, 0x00000000e0000000)
  object space 84480K, 36% used [0x00000000a0000000,0x00000000a1de1d70,0x00000000a5280000)
 Metaspace       used 57001K, capacity 58974K, committed 59096K, reserved 1099776K
  class space    used 7775K, capacity 8210K, committed 8320K, reserved 1048576K
}
Event: 14.079 GC heap before
{Heap before GC invocations=12 (full 3):
 PSYoungGen      total 222720K, used 17396K [0x00000000e0000000, 0x00000000f1f80000, 0x0000000100000000)
  eden space 205312K, 0% used [0x00000000e0000000,0x00000000e0000000,0x00000000ec880000)
  from space 17408K, 99% used [0x00000000ec880000,0x00000000ed97d320,0x00000000ed980000)
  to   space 23040K, 0% used [0x00000000f0900000,0x00000000f0900000,0x00000000f1f80000)
 ParOldGen       total 84480K, used 30599K [0x00000000a0000000, 0x00000000a5280000, 0x00000000e0000000)
  object space 84480K, 36% used [0x00000000a0000000,0x00000000a1de1d70,0x00000000a5280000)
 Metaspace       used 57001K, capacity 58974K, committed 59096K, reserved 1099776K
  class space    used 7775K, capacity 8210K, committed 8320K, reserved 1048576K
Event: 14.238 GC heap after
Heap after GC invocations=12 (full 3):
 PSYoungGen      total 222720K, used 0K [0x00000000e0000000, 0x00000000f1f80000, 0x0000000100000000)
  eden space 205312K, 0% used [0x00000000e0000000,0x00000000e0000000,0x00000000ec880000)
  from space 17408K, 0% used [0x00000000ec880000,0x00000000ec880000,0x00000000ed980000)
  to   space 23040K, 0% used [0x00000000f0900000,0x00000000f0900000,0x00000000f1f80000)
 ParOldGen       total 84480K, used 38779K [0x00000000a0000000, 0x00000000a5280000, 0x00000000e0000000)
  object space 84480K, 45% used [0x00000000a0000000,0x00000000a25deda8,0x00000000a5280000)
 Metaspace       used 56988K, capacity 58932K, committed 59096K, reserved 1099776K
  class space    used 7771K, capacity 8203K, committed 8320K, reserved 1048576K
}

Deoptimization events (10 events):
Event: 13.740 Thread 0x00000000196f3000 Uncommon trap: reason=unstable_if action=reinterpret pc=0x00000000036aba54 method=org.gradle.api.internal.project.taskfactory.DefaultTaskClassInfoStore.createTaskAction(Ljava/lang/Class;Ljava/lang/reflect/Method;Ljava/util/Map;)Lorg/gradle/api/internal/pr
Event: 13.842 Thread 0x00000000196f3000 Uncommon trap: reason=unstable_if action=reinterpret pc=0x000000000312c074 method=groovy.lang.MetaClassImpl.checkIfStdMethod(Lgroovy/lang/MetaMethod;)V @ 55
Event: 13.997 Thread 0x00000000196f3000 Uncommon trap: reason=unstable_if action=reinterpret pc=0x000000000337ccd0 method=java.util.concurrent.ConcurrentHashMap.get(Ljava/lang/Object;)Ljava/lang/Object; @ 152
Event: 14.040 Thread 0x00000000196f3000 Uncommon trap: reason=unstable_if action=reinterpret pc=0x00000000037c2d48 method=com.esotericsoftware.kryo.io.Input.readString()Ljava/lang/String; @ 28
Event: 14.319 Thread 0x00000000196f3000 Uncommon trap: reason=class_check action=maybe_recompile pc=0x0000000002b34f80 method=java.lang.Throwable.<init>(Ljava/lang/String;Ljava/lang/Throwable;)V @ 24
Event: 14.319 Thread 0x00000000196f3000 Uncommon trap: reason=class_check action=maybe_recompile pc=0x0000000002b34f80 method=java.lang.Throwable.<init>(Ljava/lang/String;Ljava/lang/Throwable;)V @ 24
Event: 14.401 Thread 0x00000000196f3000 Uncommon trap: reason=bimorphic action=maybe_recompile pc=0x000000000277f27c method=java.util.regex.Pattern$5.isSatisfiedBy(I)Z @ 16
Event: 14.401 Thread 0x00000000196f3000 Uncommon trap: reason=bimorphic action=maybe_recompile pc=0x000000000277f27c method=java.util.regex.Pattern$5.isSatisfiedBy(I)Z @ 16
Event: 14.401 Thread 0x00000000196f3000 Uncommon trap: reason=bimorphic action=maybe_recompile pc=0x000000000277f27c method=java.util.regex.Pattern$5.isSatisfiedBy(I)Z @ 16
Event: 14.401 Thread 0x00000000196f3000 Uncommon trap: reason=bimorphic action=maybe_recompile pc=0x000000000277f27c method=java.util.regex.Pattern$5.isSatisfiedBy(I)Z @ 16

Classes redefined (0 events):
No events

Internal exceptions (10 events):
Event: 13.835 Thread 0x00000000196f3000 Exception <a 'java/security/PrivilegedActionException'> (0x00000000e973f308) thrown at [D:\src\AOSP-openjdk-cygwin\jdk8u\hotspot\src\share\vm\prims\jvm.cpp, line 1508]
Event: 13.836 Thread 0x00000000196f3000 Exception <a 'java/security/PrivilegedActionException'> (0x00000000e974c2f0) thrown at [D:\src\AOSP-openjdk-cygwin\jdk8u\hotspot\src\share\vm\prims\jvm.cpp, line 1508]
Event: 13.836 Thread 0x00000000196f3000 Exception <a 'java/security/PrivilegedActionException'> (0x00000000e974ce88) thrown at [D:\src\AOSP-openjdk-cygwin\jdk8u\hotspot\src\share\vm\prims\jvm.cpp, line 1508]
Event: 13.836 Thread 0x00000000196f3000 Exception <a 'java/lang/ClassNotFoundException': org/codehaus/groovy/runtime/GStringImplCustomizer> (0x00000000e97519a8) thrown at [D:\src\AOSP-openjdk-cygwin\jdk8u\hotspot\src\share\vm\classfile\systemDictionary.cpp, line 210]
Event: 13.843 Thread 0x00000000196f3000 Exception <a 'java/lang/ClassNotFoundException': org/gradle/api/internal/plugins/DefaultConventionBeanInfo> (0x00000000e97b0d18) thrown at [D:\src\AOSP-openjdk-cygwin\jdk8u\hotspot\src\share\vm\classfile\systemDictionary.cpp, line 210]
Event: 13.843 Thread 0x00000000196f3000 Exception <a 'java/lang/ClassNotFoundException': org/gradle/internal/extensibility/DefaultConventionBeanInfo> (0x00000000e97c8e90) thrown at [D:\src\AOSP-openjdk-cygwin\jdk8u\hotspot\src\share\vm\classfile\systemDictionary.cpp, line 210]
Event: 13.844 Thread 0x00000000196f3000 Exception <a 'java/lang/ClassNotFoundException': org/gradle/internal/extensibility/DefaultConventionCustomizer> (0x00000000e97e1498) thrown at [D:\src\AOSP-openjdk-cygwin\jdk8u\hotspot\src\share\vm\classfile\systemDictionary.cpp, line 210]
Event: 13.845 Thread 0x00000000196f3000 Exception <a 'java/lang/ClassNotFoundException': org/gradle/api/internal/plugins/DefaultConventionCustomizer> (0x00000000e9820c38) thrown at [D:\src\AOSP-openjdk-cygwin\jdk8u\hotspot\src\share\vm\classfile\systemDictionary.cpp, line 210]
Event: 14.432 Thread 0x00000000196f3000 Exception <a 'java/lang/ClassNotFoundException': com/sun/org/glassfish/hk2/osgiresourcelocator/ServiceLoader> (0x00000000e0f644a8) thrown at [D:\src\AOSP-openjdk-cygwin\jdk8u\hotspot\src\share\vm\classfile\systemDictionary.cpp, line 210]
Event: 14.479 Thread 0x00000000196f3000 Exception <a 'java/lang/NullPointerException'> (0x00000000e144e250) thrown at [D:\src\AOSP-openjdk-cygwin\jdk8u\hotspot\src\share\vm\interpreter\linkResolver.cpp, line 1287]

Events (10 events):
Event: 14.571 loading class com/sun/xml/bind/annotation/XmlLocation
Event: 14.571 loading class com/sun/xml/bind/annotation/XmlLocation done
Event: 14.572 loading class com/sun/xml/bind/v2/model/nav/ReflectionNavigator$10
Event: 14.572 loading class com/sun/xml/bind/v2/model/nav/ReflectionNavigator$10 done
Event: 14.573 loading class com/sun/xml/bind/v2/model/impl/ClassInfoImpl$PropertySorter
Event: 14.573 loading class com/sun/xml/bind/v2/model/impl/ClassInfoImpl$PropertySorter done
Event: 14.574 loading class com/sun/xml/bind/v2/TODO
Event: 14.574 loading class com/sun/xml/bind/v2/TODO done
Event: 14.575 loading class com/sun/xml/bind/v2/model/impl/PropertyInfoImpl$1
Event: 14.575 loading class com/sun/xml/bind/v2/model/impl/PropertyInfoImpl$1 done


Dynamic libraries:
0x00007ff77d8f0000 - 0x00007ff77d921000 	C:\Program Files\Android\Android Studio\jre\bin\java.exe
0x00007ffcabde0000 - 0x00007ffcabfd0000 	C:\WINDOWS\SYSTEM32\ntdll.dll
0x00007ffcab470000 - 0x00007ffcab522000 	C:\WINDOWS\System32\KERNEL32.DLL
0x00007ffca9060000 - 0x00007ffca9303000 	C:\WINDOWS\System32\KERNELBASE.dll
0x00007ffcab530000 - 0x00007ffcab5d3000 	C:\WINDOWS\System32\ADVAPI32.dll
0x00007ffcaa350000 - 0x00007ffcaa3ee000 	C:\WINDOWS\System32\msvcrt.dll
0x00007ffca9e90000 - 0x00007ffca9f27000 	C:\WINDOWS\System32\sechost.dll
0x00007ffcaa880000 - 0x00007ffcaa9a0000 	C:\WINDOWS\System32\RPCRT4.dll
0x00007ffcaaa20000 - 0x00007ffcaabb4000 	C:\WINDOWS\System32\USER32.dll
0x00007ffca8ec0000 - 0x00007ffca8ee1000 	C:\WINDOWS\System32\win32u.dll
0x00007ffcab6f0000 - 0x00007ffcab716000 	C:\WINDOWS\System32\GDI32.dll
0x00007ffca9cd0000 - 0x00007ffca9e64000 	C:\WINDOWS\System32\gdi32full.dll
0x00007ffca8ef0000 - 0x00007ffca8f8e000 	C:\WINDOWS\System32\msvcp_win.dll
0x00007ffca9310000 - 0x00007ffca940a000 	C:\WINDOWS\System32\ucrtbase.dll
0x00007ffc9db80000 - 0x00007ffc9de05000 	C:\WINDOWS\WinSxS\amd64_microsoft.windows.common-controls_6595b64144ccf1df_6.0.18362.592_none_e6c0b1911312be02\COMCTL32.dll
0x00007ffca9f30000 - 0x00007ffcaa266000 	C:\WINDOWS\System32\combase.dll
0x00007ffca8fe0000 - 0x00007ffca9060000 	C:\WINDOWS\System32\bcryptPrimitives.dll
0x00007ffcabc30000 - 0x00007ffcabc5e000 	C:\WINDOWS\System32\IMM32.DLL
0x00000000569d0000 - 0x0000000056aa2000 	C:\Program Files\Android\Android Studio\jre\jre\bin\msvcr100.dll
0x0000000056ab0000 - 0x00000000572f6000 	C:\Program Files\Android\Android Studio\jre\jre\bin\server\jvm.dll
0x00007ffcabbf0000 - 0x00007ffcabbf8000 	C:\WINDOWS\System32\PSAPI.DLL
0x00007ffca2370000 - 0x00007ffca2379000 	C:\WINDOWS\SYSTEM32\WSOCK32.dll
0x00007ffcabc60000 - 0x00007ffcabccf000 	C:\WINDOWS\System32\WS2_32.dll
0x00007ffc9b920000 - 0x00007ffc9b944000 	C:\WINDOWS\SYSTEM32\WINMM.dll
0x00007ffc9f7a0000 - 0x00007ffc9f7aa000 	C:\WINDOWS\SYSTEM32\VERSION.dll
0x00007ffc9b5b0000 - 0x00007ffc9b5dd000 	C:\WINDOWS\SYSTEM32\WINMMBASE.dll
0x00007ffca8f90000 - 0x00007ffca8fda000 	C:\WINDOWS\System32\cfgmgr32.dll
0x00007ffca0e30000 - 0x00007ffca0e3f000 	C:\Program Files\Android\Android Studio\jre\jre\bin\verify.dll
0x00007ffc93800000 - 0x00007ffc93829000 	C:\Program Files\Android\Android Studio\jre\jre\bin\java.dll
0x00007ffca0de0000 - 0x00007ffca0df6000 	C:\Program Files\Android\Android Studio\jre\jre\bin\zip.dll
0x00007ffcaad80000 - 0x00007ffcab465000 	C:\WINDOWS\System32\SHELL32.dll
0x00007ffcaa3f0000 - 0x00007ffcaa499000 	C:\WINDOWS\System32\shcore.dll
0x00007ffca9550000 - 0x00007ffca9ccf000 	C:\WINDOWS\System32\windows.storage.dll
0x00007ffca8d50000 - 0x00007ffca8d6f000 	C:\WINDOWS\System32\profapi.dll
0x00007ffca8cc0000 - 0x00007ffca8d0a000 	C:\WINDOWS\System32\powrprof.dll
0x00007ffca8cb0000 - 0x00007ffca8cc0000 	C:\WINDOWS\System32\UMPDC.dll
0x00007ffcaa270000 - 0x00007ffcaa2c2000 	C:\WINDOWS\System32\shlwapi.dll
0x00007ffca8d30000 - 0x00007ffca8d41000 	C:\WINDOWS\System32\kernel.appcore.dll
0x00007ffca9e70000 - 0x00007ffca9e87000 	C:\WINDOWS\System32\cryptsp.dll
0x00007ffc98ca0000 - 0x00007ffc98cba000 	C:\Program Files\Android\Android Studio\jre\jre\bin\net.dll
0x00007ffca8520000 - 0x00007ffca8587000 	C:\WINDOWS\system32\mswsock.dll
0x00007ffc98780000 - 0x00007ffc98791000 	C:\Program Files\Android\Android Studio\jre\jre\bin\nio.dll
0x00007ffc91b00000 - 0x00007ffc91b26000 	C:\Users\remys_000\.gradle\native\29\windows-amd64\native-platform.dll
0x00007ffca0e20000 - 0x00007ffca0e2d000 	C:\Program Files\Android\Android Studio\jre\jre\bin\management.dll
0x00007ffca8030000 - 0x00007ffca8063000 	C:\WINDOWS\system32\rsaenh.dll
0x00007ffca9520000 - 0x00007ffca9546000 	C:\WINDOWS\System32\bcrypt.dll
0x00007ffca8bd0000 - 0x00007ffca8bf5000 	C:\WINDOWS\SYSTEM32\USERENV.dll
0x00007ffca86f0000 - 0x00007ffca86fc000 	C:\WINDOWS\SYSTEM32\CRYPTBASE.dll
0x00007ffca81d0000 - 0x00007ffca820a000 	C:\WINDOWS\SYSTEM32\IPHLPAPI.DLL
0x00007ffcabc20000 - 0x00007ffcabc28000 	C:\WINDOWS\System32\NSI.dll
0x00007ffca4c50000 - 0x00007ffca4c66000 	C:\WINDOWS\SYSTEM32\dhcpcsvc6.DLL
0x00007ffca4c30000 - 0x00007ffca4c4c000 	C:\WINDOWS\SYSTEM32\dhcpcsvc.DLL
0x00007ffca8210000 - 0x00007ffca82da000 	C:\WINDOWS\SYSTEM32\DNSAPI.dll

VM Arguments:
jvm_args: -Xmx1536m -Dfile.encoding=windows-1252 -Duser.country=FR -Duser.language=fr -Duser.variant 
java_command: org.gradle.launcher.daemon.bootstrap.GradleDaemon 5.4.1
java_class_path (initial): C:\Users\remys_000\.gradle\wrapper\dists\gradle-5.4.1-all\3221gyojl5jsh0helicew7rwx\gradle-5.4.1\lib\gradle-launcher-5.4.1.jar
Launcher Type: SUN_STANDARD

Environment Variables:
PATH=C:\Program Files (x86)\Common Files\Oracle\Java\javapath;C:\Program Files (x86)\NVIDIA Corporation\PhysX\Common;C:\ProgramData\Oracle\Java\javapath;c:\Program Files (x86)\Intel\iCLS Client\;c:\Program Files\Intel\iCLS Client\;C:\WINDOWS\system32;C:\WINDOWS;C:\WINDOWS\System32\Wbem;C:\WINDOWS\System32\WindowsPowerShell\v1.0\;C:\Program Files\Intel\Intel(R) Management Engine Components\DAL;C:\Program Files\Intel\Intel(R) Management Engine Components\IPT;C:\Program Files (x86)\Intel\Intel(R) Management Engine Components\DAL;C:\Program Files (x86)\Intel\Intel(R) Management Engine Components\IPT;C:\Program Files (x86)\Windows Live\Shared;C:\Program Files\Calibre2\;C:\Program Files (x86)\AMD\ATI.ACE\Core-Static;C:\Program Files (x86)\ATI Technologies\ATI.ACE\Core-Static;C:\Program Files\MySQL\MySQL Utilities 1.6\;C:\WINDOWS\System32\OpenSSH\;C:\Program Files (x86)\ffmpeg-20151205-git-a16243a-win64-static\bin;C:\ProgramData\Oracle\Java\javapath;c:\Program Files (x86)\Intel\iCLS Client\;c:\Program Files\Intel\iCLS Client\;C:\Program Files (x86)\NVIDIA Corporation\PhysX\Common;C:\WINDOWS\system32;C:\WINDOWS;C:\WINDOWS\System32\Wbem;C:\WINDOWS\System32\WindowsPowerShell\v1.0\;C:\Program Files\Intel\Intel(R) Management Engine Components\DAL;C:\Program Files\Intel\Intel(R) Management Engine Components\IPT;C:\Program Files (x86)\Intel\Intel(R) Management Engine Components\DAL;C:\Program Files (x86)\Intel\Intel(R) Management Engine Components\IPT;C:\Program Files (x86)\Windows Live\Shared;C:\Program Files\Calibre2\;";C:\Users\remys_000\AppData\Local\Microsoft\WindowsApps";C:\Program Files\MySQL\MySQL Server 5.7\bin;C:\Users\remys_000\AppData\Local\Microsoft\WindowsApps;C:\wso2\apache-maven-3.6.0\bin;
USERNAME=remys_000
OS=Windows_NT
PROCESSOR_IDENTIFIER=Intel64 Family 6 Model 58 Stepping 9, GenuineIntel



---------------  S Y S T E M  ---------------

OS: Windows 10.0 , 64 bit Build 18362 (10.0.18362.329)

CPU:total 4 (initial active 4) (4 cores per cpu, 1 threads per core) family 6 model 58 stepping 9, cmov, cx8, fxsr, mmx, sse, sse2, sse3, ssse3, sse4.1, sse4.2, popcnt, avx, aes, clmul, erms, tsc, tscinvbit, tscinv

Memory: 4k page, physical 8342824k(1452992k free), swap 12537128k(5436k free)

vm_info: OpenJDK 64-Bit Server VM (25.202-b03) for windows-amd64 JRE (1.8.0_202-release-1483-b03), built by "builder" with MS VC++ 10.0 (VS2010)

time: Sat Jan 18 19:58:10 2020
timezone: Paris, Madrid
elapsed time: 14 seconds (0d 0h 0m 14s)

