#
# There is insufficient memory for the Java Runtime Environment to continue.
# Native memory allocation (malloc) failed to allocate 1672656 bytes for Chunk::new
# Possible reasons:
#   The system is out of physical RAM or swap space
#   The process is running with CompressedOops enabled, and the Java Heap may be blocking the growth of the native heap
# Possible solutions:
#   Reduce memory load on the system
#   Increase physical memory or swap space
#   Check if swap backing store is full
#   Decrease Java heap size (-Xmx/-Xms)
#   Decrease number of Java threads
#   Decrease Java thread stack sizes (-Xss)
#   Set larger code cache with -XX:ReservedCodeCacheSize=
#   JVM is running with Unscaled Compressed Oops mode in which the Java heap is
#     placed in the first 4GB address space. The Java Heap base address is the
#     maximum limit for the native heap growth. Please use -XX:HeapBaseMinAddress
#     to set the Java Heap base and to place the Java Heap above 4GB virtual address.
# This output file may be truncated or incomplete.
#
#  Out of Memory Error (allocation.cpp:389), pid=17864, tid=0x00000000000006e8
#
# JRE version: OpenJDK Runtime Environment (8.0_202-b03) (build 1.8.0_202-release-1483-b03)
# Java VM: OpenJDK 64-Bit Server VM (25.202-b03 mixed mode windows-amd64 compressed oops)
# Failed to write core dump. Minidumps are not enabled by default on client versions of Windows
#

---------------  T H R E A D  ---------------

Current thread (0x000000001693e000):  JavaThread "C2 CompilerThread1" daemon [_thread_in_native, id=1768, stack(0x0000000018460000,0x0000000018560000)]

Stack: [0x0000000018460000,0x0000000018560000]
[error occurred during error reporting (printing stack bounds), id 0xc0000005]

Native frames: (J=compiled Java code, j=interpreted, Vv=VM code, C=native code)


Current CompileTask:
C2:4454083 19518 %     4       com.android.tools.r8.ir.conversion.IRBuilder::a @ 153 (2002 bytes)


---------------  P R O C E S S  ---------------

Java Threads: ( => current thread )
  0x000000001a506800 JavaThread "ForkJoinPool.commonPool-worker-0" daemon [_thread_blocked, id=17624, stack(0x0000000026af0000,0x0000000026bf0000)]
  0x000000001a503000 JavaThread "ForkJoinPool.commonPool-worker-2" daemon [_thread_blocked, id=10000, stack(0x00000000268f0000,0x00000000269f0000)]
  0x000000001a505000 JavaThread "stdout" [_thread_in_native, id=1836, stack(0x00000000265f0000,0x00000000266f0000)]
  0x000000001a504800 JavaThread "stderr" [_thread_in_native, id=19092, stack(0x00000000264f0000,0x00000000265f0000)]
  0x000000001a503800 JavaThread "stdout" [_thread_in_native, id=2824, stack(0x00000000263f0000,0x00000000264f0000)]
  0x000000001a4fe800 JavaThread "stderr" [_thread_in_native, id=15156, stack(0x00000000262f0000,0x00000000263f0000)]
  0x000000001e935800 JavaThread "stdout" [_thread_in_native, id=10060, stack(0x00000000257f0000,0x00000000258f0000)]
  0x000000001e935000 JavaThread "stderr" [_thread_in_native, id=18136, stack(0x00000000256f0000,0x00000000257f0000)]
  0x000000001e932800 JavaThread "stdout" [_thread_in_native, id=18980, stack(0x0000000024ff0000,0x00000000250f0000)]
  0x000000001e934000 JavaThread "stderr" [_thread_in_native, id=13984, stack(0x0000000024ef0000,0x0000000024ff0000)]
  0x000000001e938800 JavaThread "WorkerExecutor Queue Thread 4" [_thread_blocked, id=13128, stack(0x0000000024df0000,0x0000000024ef0000)]
  0x000000001e933800 JavaThread "WorkerExecutor Queue Thread 3" [_thread_blocked, id=18880, stack(0x0000000023b80000,0x0000000023c80000)]
  0x000000001e936800 JavaThread "WorkerExecutor Queue Thread 2" [_thread_blocked, id=13100, stack(0x0000000023a80000,0x0000000023b80000)]
  0x000000001e938000 JavaThread "pool-7-thread-1" [_thread_blocked, id=18104, stack(0x0000000023980000,0x0000000023a80000)]
  0x000000001e932000 JavaThread "WorkerExecutor Queue" [_thread_blocked, id=13092, stack(0x0000000023880000,0x0000000023980000)]
  0x000000001e931000 JavaThread "Cache worker for execution history cache (C:\Users\remys_000\AndroidStudioProjects\IMCv4\.gradle\5.4.1\executionHistory)" [_thread_blocked, id=11048, stack(0x0000000023780000,0x0000000023880000)]
  0x000000001e930800 JavaThread "Execution worker for ':' Thread 3" [_thread_in_Java, id=8568, stack(0x0000000023680000,0x0000000023780000)]
  0x000000001e92c800 JavaThread "Execution worker for ':' Thread 2" [_thread_in_native, id=8912, stack(0x0000000023380000,0x0000000023480000)]
  0x000000001e92f800 JavaThread "Execution worker for ':'" [_thread_in_Java, id=14280, stack(0x0000000023080000,0x0000000023180000)]
  0x000000001e92c000 JavaThread "Cache worker for file content cache (C:\Users\remys_000\AndroidStudioProjects\IMCv4\.gradle\5.4.1\fileContent)" [_thread_blocked, id=2136, stack(0x0000000022b80000,0x0000000022c80000)]
  0x000000001af93000 JavaThread "Cache worker for Build Output Cleanup Cache (C:\Users\remys_000\AndroidStudioProjects\IMCv4\.gradle\buildOutputCleanup)" [_thread_blocked, id=6820, stack(0x0000000021880000,0x0000000021980000)]
  0x000000001af92800 JavaThread "Build operations Thread 4" [_thread_blocked, id=18208, stack(0x0000000021180000,0x0000000021280000)]
  0x000000001af91800 JavaThread "Build operations Thread 3" [_thread_blocked, id=8324, stack(0x0000000021080000,0x0000000021180000)]
  0x000000001af91000 JavaThread "Build operations Thread 2" [_thread_blocked, id=6564, stack(0x000000001fa50000,0x000000001fb50000)]
  0x000000001af90000 JavaThread "Build operations" [_thread_blocked, id=8828, stack(0x000000001f750000,0x000000001f850000)]
  0x000000001af88800 JavaThread "Cache worker for cache directory md-rule (C:\Users\remys_000\.gradle\caches\5.4.1\md-rule)" [_thread_blocked, id=4516, stack(0x000000001e480000,0x000000001e580000)]
  0x000000001af8f800 JavaThread "Cache worker for cache directory md-supplier (C:\Users\remys_000\.gradle\caches\5.4.1\md-supplier)" [_thread_blocked, id=16912, stack(0x000000001e380000,0x000000001e480000)]
  0x000000001af8a000 JavaThread "Cache worker for file hash cache (C:\Users\remys_000\AndroidStudioProjects\IMCv4\.gradle\5.4.1\fileHashes)" [_thread_blocked, id=10588, stack(0x000000001da80000,0x000000001db80000)]
  0x000000001af88000 JavaThread "Thread-80" [_thread_blocked, id=1100, stack(0x000000001c1b0000,0x000000001c2b0000)]
  0x000000001af8e800 JavaThread "Stdin handler" [_thread_blocked, id=16676, stack(0x000000001beb0000,0x000000001bfb0000)]
  0x000000001af8d000 JavaThread "Asynchronous log dispatcher for DefaultDaemonConnection: socket connection from /127.0.0.1:62955 to /127.0.0.1:51088" [_thread_blocked, id=12492, stack(0x000000001bdb0000,0x000000001beb0000)]
  0x000000001af8c800 JavaThread "Daemon worker Thread 4" [_thread_in_Java, id=14908, stack(0x000000001bab0000,0x000000001bbb0000)]
  0x000000001af84000 JavaThread "Cancel handler" [_thread_blocked, id=13396, stack(0x000000001b9b0000,0x000000001bab0000)]
  0x000000001af89800 JavaThread "Handler for socket connection from /127.0.0.1:62955 to /127.0.0.1:51088" [_thread_in_native, id=8120, stack(0x00000000013a0000,0x00000000014a0000)]
  0x000000001af85800 JavaThread "Daemon Thread 4" [_thread_blocked, id=7408, stack(0x00000000012a0000,0x00000000013a0000)]
  0x000000001a4ff000 JavaThread "Cache worker for Java compile cache (C:\Users\remys_000\.gradle\caches\5.4.1\javaCompile)" [_thread_blocked, id=8356, stack(0x0000000023c80000,0x0000000023d80000)]
  0x0000000019384800 JavaThread "Cache worker for file content cache (C:\Users\remys_000\.gradle\caches\5.4.1\fileContent)" [_thread_blocked, id=13256, stack(0x0000000022680000,0x0000000022780000)]
  0x000000001af85000 JavaThread "Memory manager" [_thread_blocked, id=10044, stack(0x0000000022380000,0x0000000022480000)]
  0x000000001af8b000 JavaThread "Cache worker for execution history cache (C:\Users\remys_000\.gradle\caches\5.4.1\executionHistory)" [_thread_blocked, id=12276, stack(0x000000001fb50000,0x000000001fc50000)]
  0x0000000019386000 JavaThread "Cache worker for journal cache (C:\Users\remys_000\.gradle\caches\journal-1)" [_thread_blocked, id=2964, stack(0x000000001c4b0000,0x000000001c5b0000)]
  0x0000000019385000 JavaThread "File lock request listener" [_thread_in_native, id=8500, stack(0x000000001c3b0000,0x000000001c4b0000)]
  0x0000000019383000 JavaThread "Cache worker for file hash cache (C:\Users\remys_000\.gradle\caches\5.4.1\fileHashes)" [_thread_blocked, id=3404, stack(0x000000001c2b0000,0x000000001c3b0000)]
  0x000000001a0ef000 JavaThread "Daemon periodic checks" [_thread_blocked, id=11852, stack(0x000000001b8b0000,0x000000001b9b0000)]
  0x000000001937c000 JavaThread "Incoming local TCP Connector on port 62955" [_thread_in_native, id=7592, stack(0x000000001b640000,0x000000001b740000)]
  0x0000000019fdd000 JavaThread "Daemon health stats" [_thread_blocked, id=18112, stack(0x000000001b000000,0x000000001b100000)]
  0x0000000018064800 JavaThread "Service Thread" daemon [_thread_blocked, id=10412, stack(0x0000000018660000,0x0000000018760000)]
  0x0000000018062800 JavaThread "C1 CompilerThread2" daemon [_thread_blocked, id=11332, stack(0x0000000018560000,0x0000000018660000)]
=>0x000000001693e000 JavaThread "C2 CompilerThread1" daemon [_thread_in_native, id=1768, stack(0x0000000018460000,0x0000000018560000)]
  0x00000000168de800 JavaThread "C2 CompilerThread0" daemon [_thread_in_native, id=18680, stack(0x0000000017f60000,0x0000000018060000)]
  0x00000000168dd000 JavaThread "Attach Listener" daemon [_thread_blocked, id=14640, stack(0x0000000017e60000,0x0000000017f60000)]
  0x00000000168dc000 JavaThread "Signal Dispatcher" daemon [_thread_blocked, id=7580, stack(0x0000000017d60000,0x0000000017e60000)]
  0x0000000002f6b800 JavaThread "Finalizer" daemon [_thread_blocked, id=6436, stack(0x0000000017b30000,0x0000000017c30000)]
  0x00000000168c9000 JavaThread "Reference Handler" daemon [_thread_blocked, id=9084, stack(0x0000000017a30000,0x0000000017b30000)]
  0x0000000002e72800 JavaThread "main" [_thread_blocked, id=6544, stack(0x0000000002d70000,0x0000000002e70000)]

Other Threads:
  0x00000000168a6800 VMThread [stack: 0x0000000017930000,0x0000000017a30000] [id=11840]
  0x0000000018065800 WatcherThread [stack: 0x0000000018760000,0x0000000018860000] [id=5076]

VM state:not at safepoint (normal execution)

VM Mutex/Monitor currently owned by a thread: None

heap address: 0x00000000a0000000, size: 1536 MB, Compressed Oops mode: 32-bit
Narrow klass base: 0x0000000000000000, Narrow klass shift: 3
Compressed class space size: 1073741824 Address: 0x0000000100000000

Heap:
 PSYoungGen      total 344576K, used 80361K [0x00000000e0000000, 0x00000000fd080000, 0x0000000100000000)
  eden space 304128K, 19% used [0x00000000e0000000,0x00000000e3afab18,0x00000000f2900000)
  from space 40448K, 49% used [0x00000000f4f00000,0x00000000f627fbd8,0x00000000f7680000)
  to   space 38912K, 0% used [0x00000000f2900000,0x00000000f2900000,0x00000000f4f00000)
 ParOldGen       total 117760K, used 89215K [0x00000000a0000000, 0x00000000a7300000, 0x00000000e0000000)
  object space 117760K, 75% used [0x00000000a0000000,0x00000000a571feb8,0x00000000a7300000)
 Metaspace       used 91989K, capacity 95728K, committed 96020K, reserved 1132544K
  class space    used 11799K, capacity 12505K, committed 12604K, reserved 1048576K

Card table byte_map: [0x0000000012330000,0x0000000012640000] byte_map_base: 0x0000000011e30000

Marking Bits: (ParMarkBitMap*) 0x0000000057279f30
 Begin Bits: [0x0000000012c40000, 0x0000000014440000)
 End Bits:   [0x0000000014440000, 0x0000000015c40000)

Polling page: 0x0000000001020000

CodeCache: size=245760Kb used=54269Kb max_used=54735Kb free=191490Kb
 bounds [0x0000000002f70000, 0x0000000006530000, 0x0000000011f70000]
 total_blobs=16732 nmethods=15843 adapters=801
 compilation: enabled

Compilation events (10 events):
Event: 4453.990 Thread 0x0000000018062800 19667       2       com.android.tools.r8.code.AddInt2Addr::<init> (7 bytes)
Event: 4453.990 Thread 0x0000000018062800 nmethod 19667 0x0000000004c76bd0 code [0x0000000004c76d40, 0x0000000004c76ea8]
Event: 4453.992 Thread 0x0000000018062800 19669       2       com.android.tools.r8.ir.code.Monitor::a (73 bytes)
Event: 4453.993 Thread 0x0000000018062800 nmethod 19669 0x0000000003d21550 code [0x0000000003d21740, 0x0000000003d21c68]
Event: 4453.993 Thread 0x0000000018062800 19670       2       com.android.tools.r8.ir.code.Monitor::object (14 bytes)
Event: 4453.993 Thread 0x0000000018062800 nmethod 19670 0x0000000003d210d0 code [0x0000000003d21240, 0x0000000003d213e8]
Event: 4453.995 Thread 0x0000000018062800 19671       2       com.android.tools.r8.ir.analysis.type.ArrayTypeLatticeElement::asArrayTypeLatticeElement (2 bytes)
Event: 4453.995 Thread 0x0000000018062800 nmethod 19671 0x0000000004c76890 code [0x0000000004c769e0, 0x0000000004c76b30]
Event: 4454.012 Thread 0x0000000018062800 19672       2       com.android.tools.r8.ir.code.h0::b (7 bytes)
Event: 4454.013 Thread 0x0000000018062800 nmethod 19672 0x000000000325da50 code [0x000000000325dba0, 0x000000000325dd10]

GC Heap History (10 events):
Event: 3216.047 GC heap before
{Heap before GC invocations=13 (full 3):
 PSYoungGen      total 382464K, used 382441K [0x00000000e0000000, 0x00000000f9f80000, 0x0000000100000000)
  eden space 356864K, 100% used [0x00000000e0000000,0x00000000f5c80000,0x00000000f5c80000)
  from space 25600K, 99% used [0x00000000f6b80000,0x00000000f847a530,0x00000000f8480000)
  to   space 27648K, 0% used [0x00000000f8480000,0x00000000f8480000,0x00000000f9f80000)
 ParOldGen       total 117760K, used 44109K [0x00000000a0000000, 0x00000000a7300000, 0x00000000e0000000)
  object space 117760K, 37% used [0x00000000a0000000,0x00000000a2b13400,0x00000000a7300000)
 Metaspace       used 84041K, capacity 86900K, committed 87060K, reserved 1124352K
  class space    used 10912K, capacity 11523K, committed 11580K, reserved 1048576K
Event: 3216.097 GC heap after
Heap after GC invocations=13 (full 3):
 PSYoungGen      total 370176K, used 27640K [0x00000000e0000000, 0x00000000fa680000, 0x0000000100000000)
  eden space 342528K, 0% used [0x00000000e0000000,0x00000000e0000000,0x00000000f4e80000)
  from space 27648K, 99% used [0x00000000f8480000,0x00000000f9f7e320,0x00000000f9f80000)
  to   space 45056K, 0% used [0x00000000f4e80000,0x00000000f4e80000,0x00000000f7a80000)
 ParOldGen       total 117760K, used 64624K [0x00000000a0000000, 0x00000000a7300000, 0x00000000e0000000)
  object space 117760K, 54% used [0x00000000a0000000,0x00000000a3f1c1a0,0x00000000a7300000)
 Metaspace       used 84041K, capacity 86900K, committed 87060K, reserved 1124352K
  class space    used 10912K, capacity 11523K, committed 11580K, reserved 1048576K
}
Event: 4438.622 GC heap before
{Heap before GC invocations=14 (full 3):
 PSYoungGen      total 370176K, used 370168K [0x00000000e0000000, 0x00000000fa680000, 0x0000000100000000)
  eden space 342528K, 100% used [0x00000000e0000000,0x00000000f4e80000,0x00000000f4e80000)
  from space 27648K, 99% used [0x00000000f8480000,0x00000000f9f7e320,0x00000000f9f80000)
  to   space 45056K, 0% used [0x00000000f4e80000,0x00000000f4e80000,0x00000000f7a80000)
 ParOldGen       total 117760K, used 64624K [0x00000000a0000000, 0x00000000a7300000, 0x00000000e0000000)
  object space 117760K, 54% used [0x00000000a0000000,0x00000000a3f1c1a0,0x00000000a7300000)
 Metaspace       used 89598K, capacity 93104K, committed 93204K, reserved 1130496K
  class space    used 11632K, capacity 12339K, committed 12348K, reserved 1048576K
Event: 4438.657 GC heap after
Heap after GC invocations=14 (full 3):
 PSYoungGen      total 340480K, used 11400K [0x00000000e0000000, 0x00000000f9600000, 0x0000000100000000)
  eden space 328704K, 0% used [0x00000000e0000000,0x00000000e0000000,0x00000000f4100000)
  from space 11776K, 96% used [0x00000000f4e80000,0x00000000f59a2388,0x00000000f5a00000)
  to   space 43520K, 0% used [0x00000000f6b80000,0x00000000f6b80000,0x00000000f9600000)
 ParOldGen       total 117760K, used 89199K [0x00000000a0000000, 0x00000000a7300000, 0x00000000e0000000)
  object space 117760K, 75% used [0x00000000a0000000,0x00000000a571beb8,0x00000000a7300000)
 Metaspace       used 89598K, capacity 93104K, committed 93204K, reserved 1130496K
  class space    used 11632K, capacity 12339K, committed 12348K, reserved 1048576K
}
Event: 4450.842 GC heap before
{Heap before GC invocations=15 (full 3):
 PSYoungGen      total 340480K, used 340104K [0x00000000e0000000, 0x00000000f9600000, 0x0000000100000000)
  eden space 328704K, 100% used [0x00000000e0000000,0x00000000f4100000,0x00000000f4100000)
  from space 11776K, 96% used [0x00000000f4e80000,0x00000000f59a2388,0x00000000f5a00000)
  to   space 43520K, 0% used [0x00000000f6b80000,0x00000000f6b80000,0x00000000f9600000)
 ParOldGen       total 117760K, used 89199K [0x00000000a0000000, 0x00000000a7300000, 0x00000000e0000000)
  object space 117760K, 75% used [0x00000000a0000000,0x00000000a571beb8,0x00000000a7300000)
 Metaspace       used 91367K, capacity 95072K, committed 95252K, reserved 1132544K
  class space    used 11775K, capacity 12487K, committed 12604K, reserved 1048576K
Event: 4450.861 GC heap after
Heap after GC invocations=15 (full 3):
 PSYoungGen      total 341504K, used 15616K [0x00000000e0000000, 0x00000000f8500000, 0x0000000100000000)
  eden space 315392K, 0% used [0x00000000e0000000,0x00000000e0000000,0x00000000f3400000)
  from space 26112K, 59% used [0x00000000f6b80000,0x00000000f7ac00d0,0x00000000f8500000)
  to   space 41472K, 0% used [0x00000000f3400000,0x00000000f3400000,0x00000000f5c80000)
 ParOldGen       total 117760K, used 89207K [0x00000000a0000000, 0x00000000a7300000, 0x00000000e0000000)
  object space 117760K, 75% used [0x00000000a0000000,0x00000000a571deb8,0x00000000a7300000)
 Metaspace       used 91367K, capacity 95072K, committed 95252K, reserved 1132544K
  class space    used 11775K, capacity 12487K, committed 12604K, reserved 1048576K
}
Event: 4452.672 GC heap before
{Heap before GC invocations=16 (full 3):
 PSYoungGen      total 341504K, used 331008K [0x00000000e0000000, 0x00000000f8500000, 0x0000000100000000)
  eden space 315392K, 100% used [0x00000000e0000000,0x00000000f3400000,0x00000000f3400000)
  from space 26112K, 59% used [0x00000000f6b80000,0x00000000f7ac00d0,0x00000000f8500000)
  to   space 41472K, 0% used [0x00000000f3400000,0x00000000f3400000,0x00000000f5c80000)
 ParOldGen       total 117760K, used 89207K [0x00000000a0000000, 0x00000000a7300000, 0x00000000e0000000)
  object space 117760K, 75% used [0x00000000a0000000,0x00000000a571deb8,0x00000000a7300000)
 Metaspace       used 91890K, capacity 95572K, committed 95764K, reserved 1132544K
  class space    used 11797K, capacity 12501K, committed 12604K, reserved 1048576K
Event: 4452.695 GC heap after
Heap after GC invocations=16 (full 3):
 PSYoungGen      total 324096K, used 21025K [0x00000000e0000000, 0x00000000f7680000, 0x0000000100000000)
  eden space 302592K, 0% used [0x00000000e0000000,0x00000000e0000000,0x00000000f2780000)
  from space 21504K, 97% used [0x00000000f3400000,0x00000000f4888648,0x00000000f4900000)
  to   space 40448K, 0% used [0x00000000f4f00000,0x00000000f4f00000,0x00000000f7680000)
 ParOldGen       total 117760K, used 89215K [0x00000000a0000000, 0x00000000a7300000, 0x00000000e0000000)
  object space 117760K, 75% used [0x00000000a0000000,0x00000000a571feb8,0x00000000a7300000)
 Metaspace       used 91890K, capacity 95572K, committed 95764K, reserved 1132544K
  class space    used 11797K, capacity 12501K, committed 12604K, reserved 1048576K
}
Event: 4453.920 GC heap before
{Heap before GC invocations=17 (full 3):
 PSYoungGen      total 324096K, used 323617K [0x00000000e0000000, 0x00000000f7680000, 0x0000000100000000)
  eden space 302592K, 100% used [0x00000000e0000000,0x00000000f2780000,0x00000000f2780000)
  from space 21504K, 97% used [0x00000000f3400000,0x00000000f4888648,0x00000000f4900000)
  to   space 40448K, 0% used [0x00000000f4f00000,0x00000000f4f00000,0x00000000f7680000)
 ParOldGen       total 117760K, used 89215K [0x00000000a0000000, 0x00000000a7300000, 0x00000000e0000000)
  object space 117760K, 75% used [0x00000000a0000000,0x00000000a571feb8,0x00000000a7300000)
 Metaspace       used 91966K, capacity 95658K, committed 95764K, reserved 1132544K
  class space    used 11798K, capacity 12504K, committed 12604K, reserved 1048576K
Event: 4453.956 GC heap after
Heap after GC invocations=17 (full 3):
 PSYoungGen      total 344576K, used 19966K [0x00000000e0000000, 0x00000000fd080000, 0x0000000100000000)
  eden space 304128K, 0% used [0x00000000e0000000,0x00000000e0000000,0x00000000f2900000)
  from space 40448K, 49% used [0x00000000f4f00000,0x00000000f627fbd8,0x00000000f7680000)
  to   space 38912K, 0% used [0x00000000f2900000,0x00000000f2900000,0x00000000f4f00000)
 ParOldGen       total 117760K, used 89215K [0x00000000a0000000, 0x00000000a7300000, 0x00000000e0000000)
  object space 117760K, 75% used [0x00000000a0000000,0x00000000a571feb8,0x00000000a7300000)
 Metaspace       used 91966K, capacity 95658K, committed 95764K, reserved 1132544K
  class space    used 11798K, capacity 12504K, committed 12604K, reserved 1048576K
}

Deoptimization events (10 events):
Event: 4451.543 Thread 0x000000001af8c800 Uncommon trap: reason=class_check action=maybe_recompile pc=0x000000000646a9fc method=com.android.tools.r8.ir.analysis.g.e.b(Lcom/android/tools/r8/ir/code/Instruction;)V @ 241
Event: 4451.589 Thread 0x000000001af8c800 Uncommon trap: reason=unstable_if action=reinterpret pc=0x0000000005ede150 method=com.android.tools.r8.ir.conversion.X.a(I[Lcom/android/tools/r8/ir/conversion/P;Lcom/android/tools/r8/m/a/a/b/d0;)Z @ 661
Event: 4451.673 Thread 0x000000001af8c800 Uncommon trap: reason=class_check action=maybe_recompile pc=0x000000000646a9fc method=com.android.tools.r8.ir.analysis.g.e.b(Lcom/android/tools/r8/ir/code/Instruction;)V @ 241
Event: 4452.271 Thread 0x000000001e930800 Uncommon trap: reason=unstable_if action=reinterpret pc=0x00000000064c1734 method=com.android.tools.r8.ir.conversion.N.traceInstruction(ILcom/android/tools/r8/ir/conversion/IRBuilder;)I @ 193
Event: 4452.272 Thread 0x000000001e930800 Uncommon trap: reason=unstable_if action=reinterpret pc=0x0000000003927bb0 method=java.util.Collections$SetFromMap.add(Ljava/lang/Object;)Z @ 13
Event: 4452.586 Thread 0x000000001e92c800 Uncommon trap: reason=unstable_if action=reinterpret pc=0x0000000005745b00 method=com.android.tools.r8.ir.conversion.V.b(Lcom/android/tools/r8/t/a/a/B;)Z @ 11
Event: 4452.586 Thread 0x000000001e92c800 Uncommon trap: reason=unstable_if action=reinterpret pc=0x0000000004897ed4 method=com.android.tools.r8.ir.conversion.V.b(Lcom/android/tools/r8/t/a/a/B;)Z @ 11
Event: 4452.754 Thread 0x000000001e92c800 Uncommon trap: reason=array_check action=maybe_recompile pc=0x0000000005e8f230 method=java.util.TimSort.mergeHi(IIII)V @ 101
Event: 4452.756 Thread 0x000000001e92c800 Uncommon trap: reason=array_check action=maybe_recompile pc=0x0000000005e8f230 method=java.util.TimSort.mergeHi(IIII)V @ 101
Event: 4452.985 Thread 0x000000001e930800 Uncommon trap: reason=unstable_if action=reinterpret pc=0x0000000004a33030 method=com.android.tools.r8.ir.code.ValueType.c()Z @ 4

Classes redefined (0 events):
No events

Internal exceptions (10 events):
Event: 4451.969 Thread 0x000000001e930800 Exception <a 'sun/nio/fs/WindowsException'> (0x00000000e9847718) thrown at [D:\src\AOSP-openjdk-cygwin\jdk8u\hotspot\src\share\vm\prims\jni.cpp, line 710]
Event: 4451.992 Thread 0x000000001af8c800 Exception <a 'sun/nio/fs/WindowsException'> (0x00000000e7f80530) thrown at [D:\src\AOSP-openjdk-cygwin\jdk8u\hotspot\src\share\vm\prims\jni.cpp, line 710]
Event: 4452.078 Thread 0x000000001af8c800 Exception <a 'sun/nio/fs/WindowsException'> (0x00000000eb1334e0) thrown at [D:\src\AOSP-openjdk-cygwin\jdk8u\hotspot\src\share\vm\prims\jni.cpp, line 710]
Event: 4452.320 Thread 0x000000001af8c800 Exception <a 'sun/nio/fs/WindowsException'> (0x00000000edd11d28) thrown at [D:\src\AOSP-openjdk-cygwin\jdk8u\hotspot\src\share\vm\prims\jni.cpp, line 710]
Event: 4452.821 Thread 0x000000001e92c800 Exception <a 'sun/nio/fs/WindowsException'> (0x00000000e2202678) thrown at [D:\src\AOSP-openjdk-cygwin\jdk8u\hotspot\src\share\vm\prims\jni.cpp, line 710]
Event: 4452.835 Thread 0x000000001af8c800 Exception <a 'sun/nio/fs/WindowsException'> (0x00000000e21463f0) thrown at [D:\src\AOSP-openjdk-cygwin\jdk8u\hotspot\src\share\vm\prims\jni.cpp, line 710]
Event: 4453.230 Thread 0x000000001e92f800 Exception <a 'sun/nio/fs/WindowsException'> (0x00000000e6e155f8) thrown at [D:\src\AOSP-openjdk-cygwin\jdk8u\hotspot\src\share\vm\prims\jni.cpp, line 710]
Event: 4453.631 Thread 0x000000001e930800 Exception <a 'sun/nio/fs/WindowsException'> (0x00000000ef2b7520) thrown at [D:\src\AOSP-openjdk-cygwin\jdk8u\hotspot\src\share\vm\prims\jni.cpp, line 710]
Event: 4453.982 Thread 0x000000001af8c800 Exception <a 'sun/nio/fs/WindowsException'> (0x00000000e07358f8) thrown at [D:\src\AOSP-openjdk-cygwin\jdk8u\hotspot\src\share\vm\prims\jni.cpp, line 710]
Event: 4454.031 Thread 0x000000001e930800 Exception <a 'sun/nio/fs/WindowsException'> (0x00000000e1c08958) thrown at [D:\src\AOSP-openjdk-cygwin\jdk8u\hotspot\src\share\vm\prims\jni.cpp, line 710]

Events (10 events):
Event: 4453.920 Executing VM operation: ParallelGCFailedAllocation
Event: 4453.956 Executing VM operation: ParallelGCFailedAllocation done
Event: 4453.956 Executing VM operation: RevokeBias
Event: 4453.956 Executing VM operation: RevokeBias done
Event: 4453.956 Executing VM operation: RevokeBias
Event: 4453.957 Executing VM operation: RevokeBias done
Event: 4453.959 Executing VM operation: RevokeBias
Event: 4453.959 Executing VM operation: RevokeBias done
Event: 4453.960 Executing VM operation: RevokeBias
Event: 4453.961 Executing VM operation: RevokeBias done


Dynamic libraries:
0x00007ff77d8f0000 - 0x00007ff77d921000 	C:\Program Files\Android\Android Studio\jre\bin\java.exe
0x00007ffcabde0000 - 0x00007ffcabfd0000 	C:\WINDOWS\SYSTEM32\ntdll.dll
0x00007ffcab470000 - 0x00007ffcab522000 	C:\WINDOWS\System32\KERNEL32.DLL
0x00007ffca9060000 - 0x00007ffca9303000 	C:\WINDOWS\System32\KERNELBASE.dll
0x00007ffcab530000 - 0x00007ffcab5d3000 	C:\WINDOWS\System32\ADVAPI32.dll
0x00007ffcaa350000 - 0x00007ffcaa3ee000 	C:\WINDOWS\System32\msvcrt.dll
0x00007ffca9e90000 - 0x00007ffca9f27000 	C:\WINDOWS\System32\sechost.dll
0x00007ffcaa880000 - 0x00007ffcaa9a0000 	C:\WINDOWS\System32\RPCRT4.dll
0x00007ffcaaa20000 - 0x00007ffcaabb4000 	C:\WINDOWS\System32\USER32.dll
0x00007ffca8ec0000 - 0x00007ffca8ee1000 	C:\WINDOWS\System32\win32u.dll
0x00007ffcab6f0000 - 0x00007ffcab716000 	C:\WINDOWS\System32\GDI32.dll
0x00007ffca9cd0000 - 0x00007ffca9e64000 	C:\WINDOWS\System32\gdi32full.dll
0x00007ffca8ef0000 - 0x00007ffca8f8e000 	C:\WINDOWS\System32\msvcp_win.dll
0x00007ffca9310000 - 0x00007ffca940a000 	C:\WINDOWS\System32\ucrtbase.dll
0x00007ffc9db80000 - 0x00007ffc9de05000 	C:\WINDOWS\WinSxS\amd64_microsoft.windows.common-controls_6595b64144ccf1df_6.0.18362.592_none_e6c0b1911312be02\COMCTL32.dll
0x00007ffca9f30000 - 0x00007ffcaa266000 	C:\WINDOWS\System32\combase.dll
0x00007ffca8fe0000 - 0x00007ffca9060000 	C:\WINDOWS\System32\bcryptPrimitives.dll
0x00007ffcabc30000 - 0x00007ffcabc5e000 	C:\WINDOWS\System32\IMM32.DLL
0x00000000569d0000 - 0x0000000056aa2000 	C:\Program Files\Android\Android Studio\jre\jre\bin\msvcr100.dll
0x0000000056ab0000 - 0x00000000572f6000 	C:\Program Files\Android\Android Studio\jre\jre\bin\server\jvm.dll
0x00007ffcabbf0000 - 0x00007ffcabbf8000 	C:\WINDOWS\System32\PSAPI.DLL
0x00007ffca2370000 - 0x00007ffca2379000 	C:\WINDOWS\SYSTEM32\WSOCK32.dll
0x00007ffc9b920000 - 0x00007ffc9b944000 	C:\WINDOWS\SYSTEM32\WINMM.dll
0x00007ffc9f7a0000 - 0x00007ffc9f7aa000 	C:\WINDOWS\SYSTEM32\VERSION.dll
0x00007ffcabc60000 - 0x00007ffcabccf000 	C:\WINDOWS\System32\WS2_32.dll
0x00007ffc9b5b0000 - 0x00007ffc9b5dd000 	C:\WINDOWS\SYSTEM32\WINMMBASE.dll
0x00007ffca8f90000 - 0x00007ffca8fda000 	C:\WINDOWS\System32\cfgmgr32.dll
0x00007ffca0c20000 - 0x00007ffca0c2f000 	C:\Program Files\Android\Android Studio\jre\jre\bin\verify.dll
0x00007ffc98bd0000 - 0x00007ffc98bf9000 	C:\Program Files\Android\Android Studio\jre\jre\bin\java.dll
0x00007ffc9b650000 - 0x00007ffc9b666000 	C:\Program Files\Android\Android Studio\jre\jre\bin\zip.dll
0x00007ffcaad80000 - 0x00007ffcab465000 	C:\WINDOWS\System32\SHELL32.dll
0x00007ffcaa3f0000 - 0x00007ffcaa499000 	C:\WINDOWS\System32\shcore.dll
0x00007ffca9550000 - 0x00007ffca9ccf000 	C:\WINDOWS\System32\windows.storage.dll
0x00007ffca8d50000 - 0x00007ffca8d6f000 	C:\WINDOWS\System32\profapi.dll
0x00007ffca8cc0000 - 0x00007ffca8d0a000 	C:\WINDOWS\System32\powrprof.dll
0x00007ffca8cb0000 - 0x00007ffca8cc0000 	C:\WINDOWS\System32\UMPDC.dll
0x00007ffcaa270000 - 0x00007ffcaa2c2000 	C:\WINDOWS\System32\shlwapi.dll
0x00007ffca8d30000 - 0x00007ffca8d41000 	C:\WINDOWS\System32\kernel.appcore.dll
0x00007ffca9e70000 - 0x00007ffca9e87000 	C:\WINDOWS\System32\cryptsp.dll
0x00007ffc9a880000 - 0x00007ffc9a89a000 	C:\Program Files\Android\Android Studio\jre\jre\bin\net.dll
0x00007ffca8520000 - 0x00007ffca8587000 	C:\WINDOWS\system32\mswsock.dll
0x00007ffc928b0000 - 0x00007ffc928c1000 	C:\Program Files\Android\Android Studio\jre\jre\bin\nio.dll
0x00007ffc917c0000 - 0x00007ffc917e6000 	C:\Users\remys_000\.gradle\native\29\windows-amd64\native-platform.dll
0x00007ffc9c2f0000 - 0x00007ffc9c2fd000 	C:\Program Files\Android\Android Studio\jre\jre\bin\management.dll
0x00007ffca8030000 - 0x00007ffca8063000 	C:\WINDOWS\system32\rsaenh.dll
0x00007ffca9520000 - 0x00007ffca9546000 	C:\WINDOWS\System32\bcrypt.dll
0x00007ffca8bd0000 - 0x00007ffca8bf5000 	C:\WINDOWS\SYSTEM32\USERENV.dll
0x00007ffca86f0000 - 0x00007ffca86fc000 	C:\WINDOWS\SYSTEM32\CRYPTBASE.dll
0x00007ffca81d0000 - 0x00007ffca820a000 	C:\WINDOWS\SYSTEM32\IPHLPAPI.DLL
0x00007ffcabc20000 - 0x00007ffcabc28000 	C:\WINDOWS\System32\NSI.dll
0x00007ffca4c50000 - 0x00007ffca4c66000 	C:\WINDOWS\SYSTEM32\dhcpcsvc6.DLL
0x00007ffca4c30000 - 0x00007ffca4c4c000 	C:\WINDOWS\SYSTEM32\dhcpcsvc.DLL
0x00007ffca8210000 - 0x00007ffca82da000 	C:\WINDOWS\SYSTEM32\DNSAPI.dll
0x00007ffc8ee80000 - 0x00007ffc8eea4000 	C:\Program Files\Android\Android Studio\jre\jre\bin\sunec.dll
0x00007ffca3af0000 - 0x00007ffca3afa000 	C:\Windows\System32\rasadhlp.dll
0x00007ffca44b0000 - 0x00007ffca4527000 	C:\WINDOWS\System32\fwpuclnt.dll
0x00007ffca1150000 - 0x00007ffca115b000 	C:\Program Files\Android\Android Studio\jre\jre\bin\sunmscapi.dll
0x00007ffca8d70000 - 0x00007ffca8eb9000 	C:\WINDOWS\System32\CRYPT32.dll
0x00007ffca8d10000 - 0x00007ffca8d22000 	C:\WINDOWS\System32\MSASN1.dll

VM Arguments:
jvm_args: -Xmx1536m -Dfile.encoding=windows-1252 -Duser.country=FR -Duser.language=fr -Duser.variant 
java_command: org.gradle.launcher.daemon.bootstrap.GradleDaemon 5.4.1
java_class_path (initial): C:\Users\remys_000\.gradle\wrapper\dists\gradle-5.4.1-all\3221gyojl5jsh0helicew7rwx\gradle-5.4.1\lib\gradle-launcher-5.4.1.jar
Launcher Type: SUN_STANDARD

Environment Variables:
PATH=C:\Program Files (x86)\Common Files\Oracle\Java\javapath;C:\Program Files (x86)\NVIDIA Corporation\PhysX\Common;C:\ProgramData\Oracle\Java\javapath;c:\Program Files (x86)\Intel\iCLS Client\;c:\Program Files\Intel\iCLS Client\;C:\WINDOWS\system32;C:\WINDOWS;C:\WINDOWS\System32\Wbem;C:\WINDOWS\System32\WindowsPowerShell\v1.0\;C:\Program Files\Intel\Intel(R) Management Engine Components\DAL;C:\Program Files\Intel\Intel(R) Management Engine Components\IPT;C:\Program Files (x86)\Intel\Intel(R) Management Engine Components\DAL;C:\Program Files (x86)\Intel\Intel(R) Management Engine Components\IPT;C:\Program Files (x86)\Windows Live\Shared;C:\Program Files\Calibre2\;C:\Program Files (x86)\AMD\ATI.ACE\Core-Static;C:\Program Files (x86)\ATI Technologies\ATI.ACE\Core-Static;C:\Program Files\MySQL\MySQL Utilities 1.6\;C:\WINDOWS\System32\OpenSSH\;C:\Program Files (x86)\ffmpeg-20151205-git-a16243a-win64-static\bin;C:\ProgramData\Oracle\Java\javapath;c:\Program Files (x86)\Intel\iCLS Client\;c:\Program Files\Intel\iCLS Client\;C:\Program Files (x86)\NVIDIA Corporation\PhysX\Common;C:\WINDOWS\system32;C:\WINDOWS;C:\WINDOWS\System32\Wbem;C:\WINDOWS\System32\WindowsPowerShell\v1.0\;C:\Program Files\Intel\Intel(R) Management Engine Components\DAL;C:\Program Files\Intel\Intel(R) Management Engine Components\IPT;C:\Program Files (x86)\Intel\Intel(R) Management Engine Components\DAL;C:\Program Files (x86)\Intel\Intel(R) Management Engine Components\IPT;C:\Program Files (x86)\Windows Live\Shared;C:\Program Files\Calibre2\;";C:\Users\remys_000\AppData\Local\Microsoft\WindowsApps";C:\Program Files\MySQL\MySQL Server 5.7\bin;C:\Users\remys_000\AppData\Local\Microsoft\WindowsApps;C:\wso2\apache-maven-3.6.0\bin;
USERNAME=remys_000
OS=Windows_NT
PROCESSOR_IDENTIFIER=Intel64 Family 6 Model 58 Stepping 9, GenuineIntel



---------------  S Y S T E M  ---------------

OS: Windows 10.0 , 64 bit Build 18362 (10.0.18362.329)

CPU:total 4 (initial active 4) (4 cores per cpu, 1 threads per core) family 6 model 58 stepping 9, cmov, cx8, fxsr, mmx, sse, sse2, sse3, ssse3, sse4.1, sse4.2, popcnt, avx, aes, clmul, erms, tsc, tscinvbit, tscinv

Memory: 4k page, physical 8342824k(1557412k free), swap 12537128k(6352k free)

vm_info: OpenJDK 64-Bit Server VM (25.202-b03) for windows-amd64 JRE (1.8.0_202-release-1483-b03), built by "builder" with MS VC++ 10.0 (VS2010)

time: Sat Jan 18 17:14:23 2020
timezone: Paris, Madrid
elapsed time: 4454 seconds (0d 1h 14m 14s)

