#
# There is insufficient memory for the Java Runtime Environment to continue.
# Native memory allocation (malloc) failed to allocate 532656 bytes for Chunk::new
# Possible reasons:
#   The system is out of physical RAM or swap space
#   The process is running with CompressedOops enabled, and the Java Heap may be blocking the growth of the native heap
# Possible solutions:
#   Reduce memory load on the system
#   Increase physical memory or swap space
#   Check if swap backing store is full
#   Decrease Java heap size (-Xmx/-Xms)
#   Decrease number of Java threads
#   Decrease Java thread stack sizes (-Xss)
#   Set larger code cache with -XX:ReservedCodeCacheSize=
#   JVM is running with Unscaled Compressed Oops mode in which the Java heap is
#     placed in the first 4GB address space. The Java Heap base address is the
#     maximum limit for the native heap growth. Please use -XX:HeapBaseMinAddress
#     to set the Java Heap base and to place the Java Heap above 4GB virtual address.
# This output file may be truncated or incomplete.
#
#  Out of Memory Error (allocation.cpp:389), pid=16520, tid=0x00000000000034f8
#
# JRE version: OpenJDK Runtime Environment (8.0_202-b03) (build 1.8.0_202-release-1483-b03)
# Java VM: OpenJDK 64-Bit Server VM (25.202-b03 mixed mode windows-amd64 compressed oops)
# Failed to write core dump. Minidumps are not enabled by default on client versions of Windows
#

---------------  T H R E A D  ---------------

Current thread (0x0000000015f93800):  JavaThread "C2 CompilerThread1" daemon [_thread_in_native, id=13560, stack(0x0000000017730000,0x0000000017830000)]

Stack: [0x0000000017730000,0x0000000017830000]
[error occurred during error reporting (printing stack bounds), id 0xc0000005]

Native frames: (J=compiled Java code, j=interpreted, Vv=VM code, C=native code)


Current CompileTask:
C2:2429809 15479       4       org.gradle.api.internal.artifacts.ivyservice.resolveengine.graph.builder.EdgeState::attachToTargetConfigurations (129 bytes)


---------------  P R O C E S S  ---------------

Java Threads: ( => current thread )
  0x0000000019228000 JavaThread "Cache worker for Build Output Cleanup Cache (C:\Users\remys_000\AndroidStudioProjects\IMCv4\.gradle\buildOutputCleanup)" [_thread_blocked, id=15740, stack(0x0000000021e50000,0x0000000021f50000)]
  0x0000000019226000 JavaThread "Build operations Thread 4" [_thread_blocked, id=17796, stack(0x0000000021950000,0x0000000021a50000)]
  0x0000000019224800 JavaThread "Build operations Thread 3" [_thread_blocked, id=7080, stack(0x0000000021850000,0x0000000021950000)]
  0x0000000019227800 JavaThread "Build operations Thread 2" [_thread_blocked, id=11336, stack(0x0000000021750000,0x0000000021850000)]
  0x0000000019223800 JavaThread "Build operations" [_thread_blocked, id=16508, stack(0x0000000021650000,0x0000000021750000)]
  0x000000001922a800 JavaThread "Cache worker for cache directory md-rule (C:\Users\remys_000\.gradle\caches\5.4.1\md-rule)" [_thread_blocked, id=7412, stack(0x000000001ea00000,0x000000001eb00000)]
  0x000000001921d800 JavaThread "Cache worker for cache directory md-supplier (C:\Users\remys_000\.gradle\caches\5.4.1\md-supplier)" [_thread_blocked, id=4908, stack(0x000000001e420000,0x000000001e520000)]
  0x000000001921c000 JavaThread "Cache worker for file hash cache (C:\Users\remys_000\AndroidStudioProjects\IMCv4\.gradle\5.4.1\fileHashes)" [_thread_blocked, id=11932, stack(0x000000001e320000,0x000000001e420000)]
  0x0000000019220000 JavaThread "Thread-127" [_thread_blocked, id=16612, stack(0x000000001b880000,0x000000001b980000)]
  0x000000001921f000 JavaThread "Stdin handler" [_thread_blocked, id=16124, stack(0x000000001b780000,0x000000001b880000)]
  0x000000001921d000 JavaThread "Asynchronous log dispatcher for DefaultDaemonConnection: socket connection from /127.0.0.1:60095 to /127.0.0.1:62115" [_thread_blocked, id=15148, stack(0x000000001b680000,0x000000001b780000)]
  0x000000001921b800 JavaThread "Daemon worker Thread 6" [_thread_in_Java, id=9164, stack(0x000000001b580000,0x000000001b680000)]
  0x0000000019221800 JavaThread "Cancel handler" [_thread_blocked, id=11528, stack(0x000000001b480000,0x000000001b580000)]
  0x0000000019222000 JavaThread "Handler for socket connection from /127.0.0.1:60095 to /127.0.0.1:62115" [_thread_in_native, id=9504, stack(0x000000001b180000,0x000000001b280000)]
  0x0000000019220800 JavaThread "Daemon Thread 6" [_thread_blocked, id=6848, stack(0x000000001b080000,0x000000001b180000)]
  0x0000000019f5a800 JavaThread "Cache worker for file content cache (C:\Users\remys_000\.gradle\caches\5.4.1\fileContent)" [_thread_blocked, id=14644, stack(0x00000000230b0000,0x00000000231b0000)]
  0x0000000019f59000 JavaThread "Memory manager" [_thread_blocked, id=12376, stack(0x0000000022950000,0x0000000022a50000)]
  0x0000000019f5b800 JavaThread "Cache worker for execution history cache (C:\Users\remys_000\.gradle\caches\5.4.1\executionHistory)" [_thread_blocked, id=5716, stack(0x000000001fd80000,0x000000001fe80000)]
  0x00000000190d1000 JavaThread "Cache worker for journal cache (C:\Users\remys_000\.gradle\caches\journal-1)" [_thread_in_native, id=716, stack(0x000000001bd80000,0x000000001be80000)]
  0x00000000190ce800 JavaThread "File lock request listener" [_thread_in_native, id=8288, stack(0x000000001ba80000,0x000000001bb80000)]
  0x00000000190d4000 JavaThread "Cache worker for file hash cache (C:\Users\remys_000\.gradle\caches\5.4.1\fileHashes)" [_thread_blocked, id=15772, stack(0x000000001b980000,0x000000001ba80000)]
  0x0000000018ff4800 JavaThread "Daemon periodic checks" [_thread_blocked, id=11872, stack(0x000000001af80000,0x000000001b080000)]
  0x0000000018ff3000 JavaThread "Incoming local TCP Connector on port 60095" [_thread_in_native, id=4960, stack(0x000000001ad10000,0x000000001ae10000)]
  0x000000001953b800 JavaThread "Daemon health stats" [_thread_blocked, id=5796, stack(0x000000001a6d0000,0x000000001a7d0000)]
  0x0000000015fed800 JavaThread "Service Thread" daemon [_thread_blocked, id=2240, stack(0x0000000017d30000,0x0000000017e30000)]
  0x0000000015fa1000 JavaThread "C1 CompilerThread2" daemon [_thread_blocked, id=9520, stack(0x0000000017830000,0x0000000017930000)]
=>0x0000000015f93800 JavaThread "C2 CompilerThread1" daemon [_thread_in_native, id=13560, stack(0x0000000017730000,0x0000000017830000)]
  0x0000000015f8e800 JavaThread "C2 CompilerThread0" daemon [_thread_blocked, id=1372, stack(0x0000000017630000,0x0000000017730000)]
  0x0000000015f8d000 JavaThread "Attach Listener" daemon [_thread_blocked, id=8632, stack(0x0000000017530000,0x0000000017630000)]
  0x0000000015f8c000 JavaThread "Signal Dispatcher" daemon [_thread_blocked, id=15404, stack(0x0000000017430000,0x0000000017530000)]
  0x000000000261b800 JavaThread "Finalizer" daemon [_thread_blocked, id=2524, stack(0x0000000017200000,0x0000000017300000)]
  0x0000000015f79000 JavaThread "Reference Handler" daemon [_thread_blocked, id=15080, stack(0x0000000017100000,0x0000000017200000)]
  0x0000000002522800 JavaThread "main" [_thread_blocked, id=17836, stack(0x0000000002420000,0x0000000002520000)]

Other Threads:
  0x0000000015f56800 VMThread [stack: 0x0000000017000000,0x0000000017100000] [id=17828]
  0x000000001796a000 WatcherThread [stack: 0x0000000017e30000,0x0000000017f30000] [id=14888]

VM state:not at safepoint (normal execution)

VM Mutex/Monitor currently owned by a thread: None

heap address: 0x00000000a0000000, size: 1536 MB, Compressed Oops mode: 32-bit
Narrow klass base: 0x0000000000000000, Narrow klass shift: 3
Compressed class space size: 1073741824 Address: 0x0000000100000000

Heap:
 PSYoungGen      total 296960K, used 139626K [0x00000000e0000000, 0x00000000f4d80000, 0x0000000100000000)
  eden space 268800K, 47% used [0x00000000e0000000,0x00000000e7de90b8,0x00000000f0680000)
  from space 28160K, 37% used [0x00000000f3200000,0x00000000f3c718c0,0x00000000f4d80000)
  to   space 36352K, 0% used [0x00000000f0680000,0x00000000f0680000,0x00000000f2a00000)
 ParOldGen       total 135168K, used 86759K [0x00000000a0000000, 0x00000000a8400000, 0x00000000e0000000)
  object space 135168K, 64% used [0x00000000a0000000,0x00000000a54b9c50,0x00000000a8400000)
 Metaspace       used 80174K, capacity 84434K, committed 84568K, reserved 1122304K
  class space    used 10346K, capacity 11133K, committed 11136K, reserved 1048576K

Card table byte_map: [0x00000000119e0000,0x0000000011cf0000] byte_map_base: 0x00000000114e0000

Marking Bits: (ParMarkBitMap*) 0x000000005a3b9f30
 Begin Bits: [0x00000000122f0000, 0x0000000013af0000)
 End Bits:   [0x0000000013af0000, 0x00000000152f0000)

Polling page: 0x0000000000640000

CodeCache: size=245760Kb used=43836Kb max_used=43850Kb free=201923Kb
 bounds [0x0000000002620000, 0x0000000005140000, 0x0000000011620000]
 total_blobs=13379 nmethods=12534 adapters=757
 compilation: enabled

Compilation events (10 events):
Event: 2429.734 Thread 0x0000000015f8e800 15477       4       org.gradle.internal.component.external.model.ConfigurationBoundExternalDependencyMetadata::selectConfigurations (48 bytes)
Event: 2429.740 Thread 0x0000000015f8e800 nmethod 15477 0x000000000511cb50 code [0x000000000511cce0, 0x000000000511d078]
Event: 2429.748 Thread 0x0000000015fa1000 15481   !   3       org.gradle.internal.operations.DefaultBuildOperationQueue::completeOperations (47 bytes)
Event: 2429.749 Thread 0x0000000015fa1000 nmethod 15481 0x000000000511ee50 code [0x000000000511f040, 0x000000000511f9b8]
Event: 2429.749 Thread 0x0000000015f8e800 15482       4       java.util.concurrent.ConcurrentHashMap$KeySetView::add (36 bytes)
Event: 2429.749 Thread 0x0000000015f8e800 nmethod 15482 0x000000000511eb10 code [0x000000000511ec60, 0x000000000511ed48]
Event: 2429.749 Thread 0x0000000015f8e800 15483       4       org.gradle.tooling.internal.provider.runner.TestIgnoringBuildOperationListener::started (22 bytes)
Event: 2429.755 Thread 0x0000000015f8e800 nmethod 15483 0x000000000511bed0 code [0x000000000511c080, 0x000000000511c4d8]
Event: 2429.755 Thread 0x0000000015f8e800 15484       4       org.gradle.api.internal.artifacts.transform.ConsumerProvidedVariantFinder::matchAttributes (68 bytes)
Event: 2429.764 Thread 0x0000000015f8e800 nmethod 15484 0x0000000005132790 code [0x0000000005132980, 0x0000000005133310]

GC Heap History (10 events):
Event: 2153.255 GC heap before
{Heap before GC invocations=21 (full 3):
 PSYoungGen      total 205312K, used 204803K [0x00000000e0000000, 0x00000000ef300000, 0x0000000100000000)
  eden space 183296K, 100% used [0x00000000e0000000,0x00000000eb300000,0x00000000eb300000)
  from space 22016K, 97% used [0x00000000eb900000,0x00000000ece00f40,0x00000000ece80000)
  to   space 32768K, 0% used [0x00000000ed300000,0x00000000ed300000,0x00000000ef300000)
 ParOldGen       total 135168K, used 64276K [0x00000000a0000000, 0x00000000a8400000, 0x00000000e0000000)
  object space 135168K, 47% used [0x00000000a0000000,0x00000000a3ec53d8,0x00000000a8400000)
 Metaspace       used 78516K, capacity 82134K, committed 82264K, reserved 1120256K
  class space    used 10176K, capacity 10875K, committed 10880K, reserved 1048576K
Event: 2153.275 GC heap after
Heap after GC invocations=21 (full 3):
 PSYoungGen      total 212480K, used 29579K [0x00000000e0000000, 0x00000000f1300000, 0x0000000100000000)
  eden space 179712K, 0% used [0x00000000e0000000,0x00000000e0000000,0x00000000eaf80000)
  from space 32768K, 90% used [0x00000000ed300000,0x00000000eefe2eb0,0x00000000ef300000)
  to   space 36352K, 0% used [0x00000000eaf80000,0x00000000eaf80000,0x00000000ed300000)
 ParOldGen       total 135168K, used 64284K [0x00000000a0000000, 0x00000000a8400000, 0x00000000e0000000)
  object space 135168K, 47% used [0x00000000a0000000,0x00000000a3ec73d8,0x00000000a8400000)
 Metaspace       used 78516K, capacity 82134K, committed 82264K, reserved 1120256K
  class space    used 10176K, capacity 10875K, committed 10880K, reserved 1048576K
}
Event: 2153.494 GC heap before
{Heap before GC invocations=22 (full 3):
 PSYoungGen      total 212480K, used 209291K [0x00000000e0000000, 0x00000000f1300000, 0x0000000100000000)
  eden space 179712K, 100% used [0x00000000e0000000,0x00000000eaf80000,0x00000000eaf80000)
  from space 32768K, 90% used [0x00000000ed300000,0x00000000eefe2eb0,0x00000000ef300000)
  to   space 36352K, 0% used [0x00000000eaf80000,0x00000000eaf80000,0x00000000ed300000)
 ParOldGen       total 135168K, used 64284K [0x00000000a0000000, 0x00000000a8400000, 0x00000000e0000000)
  object space 135168K, 47% used [0x00000000a0000000,0x00000000a3ec73d8,0x00000000a8400000)
 Metaspace       used 78529K, capacity 82134K, committed 82264K, reserved 1120256K
  class space    used 10176K, capacity 10875K, committed 10880K, reserved 1048576K
Event: 2153.524 GC heap after
Heap after GC invocations=22 (full 3):
 PSYoungGen      total 216064K, used 27385K [0x00000000e0000000, 0x00000000f2480000, 0x0000000100000000)
  eden space 179712K, 0% used [0x00000000e0000000,0x00000000e0000000,0x00000000eaf80000)
  from space 36352K, 75% used [0x00000000eaf80000,0x00000000eca3e660,0x00000000ed300000)
  to   space 38400K, 0% used [0x00000000eff00000,0x00000000eff00000,0x00000000f2480000)
 ParOldGen       total 135168K, used 64284K [0x00000000a0000000, 0x00000000a8400000, 0x00000000e0000000)
  object space 135168K, 47% used [0x00000000a0000000,0x00000000a3ec73d8,0x00000000a8400000)
 Metaspace       used 78529K, capacity 82134K, committed 82264K, reserved 1120256K
  class space    used 10176K, capacity 10875K, committed 10880K, reserved 1048576K
}
Event: 2154.067 GC heap before
{Heap before GC invocations=23 (full 3):
 PSYoungGen      total 216064K, used 207097K [0x00000000e0000000, 0x00000000f2480000, 0x0000000100000000)
  eden space 179712K, 100% used [0x00000000e0000000,0x00000000eaf80000,0x00000000eaf80000)
  from space 36352K, 75% used [0x00000000eaf80000,0x00000000eca3e660,0x00000000ed300000)
  to   space 38400K, 0% used [0x00000000eff00000,0x00000000eff00000,0x00000000f2480000)
 ParOldGen       total 135168K, used 64284K [0x00000000a0000000, 0x00000000a8400000, 0x00000000e0000000)
  object space 135168K, 47% used [0x00000000a0000000,0x00000000a3ec73d8,0x00000000a8400000)
 Metaspace       used 78568K, capacity 82140K, committed 82264K, reserved 1120256K
  class space    used 10182K, capacity 10876K, committed 10880K, reserved 1048576K
Event: 2154.116 GC heap after
Heap after GC invocations=23 (full 3):
 PSYoungGen      total 261632K, used 9263K [0x00000000e0000000, 0x00000000f2700000, 0x0000000100000000)
  eden space 223232K, 0% used [0x00000000e0000000,0x00000000e0000000,0x00000000eda00000)
  from space 38400K, 24% used [0x00000000eff00000,0x00000000f080bcc8,0x00000000f2480000)
  to   space 37888K, 0% used [0x00000000eda00000,0x00000000eda00000,0x00000000eff00000)
 ParOldGen       total 135168K, used 83641K [0x00000000a0000000, 0x00000000a8400000, 0x00000000e0000000)
  object space 135168K, 61% used [0x00000000a0000000,0x00000000a51ae6d8,0x00000000a8400000)
 Metaspace       used 78568K, capacity 82140K, committed 82264K, reserved 1120256K
  class space    used 10182K, capacity 10876K, committed 10880K, reserved 1048576K
}
Event: 2169.617 GC heap before
{Heap before GC invocations=24 (full 3):
 PSYoungGen      total 261632K, used 232495K [0x00000000e0000000, 0x00000000f2700000, 0x0000000100000000)
  eden space 223232K, 100% used [0x00000000e0000000,0x00000000eda00000,0x00000000eda00000)
  from space 38400K, 24% used [0x00000000eff00000,0x00000000f080bcc8,0x00000000f2480000)
  to   space 37888K, 0% used [0x00000000eda00000,0x00000000eda00000,0x00000000eff00000)
 ParOldGen       total 135168K, used 83641K [0x00000000a0000000, 0x00000000a8400000, 0x00000000e0000000)
  object space 135168K, 61% used [0x00000000a0000000,0x00000000a51ae6d8,0x00000000a8400000)
 Metaspace       used 78793K, capacity 82458K, committed 82648K, reserved 1120256K
  class space    used 10189K, capacity 10911K, committed 11008K, reserved 1048576K
Event: 2169.623 GC heap after
Heap after GC invocations=24 (full 3):
 PSYoungGen      total 261120K, used 3733K [0x00000000e0000000, 0x00000000f5700000, 0x0000000100000000)
  eden space 223232K, 0% used [0x00000000e0000000,0x00000000e0000000,0x00000000eda00000)
  from space 37888K, 9% used [0x00000000eda00000,0x00000000edda54b8,0x00000000eff00000)
  to   space 37888K, 0% used [0x00000000f3200000,0x00000000f3200000,0x00000000f5700000)
 ParOldGen       total 135168K, used 84463K [0x00000000a0000000, 0x00000000a8400000, 0x00000000e0000000)
  object space 135168K, 62% used [0x00000000a0000000,0x00000000a527bf90,0x00000000a8400000)
 Metaspace       used 78793K, capacity 82458K, committed 82648K, reserved 1120256K
  class space    used 10189K, capacity 10911K, committed 11008K, reserved 1048576K
}
Event: 2210.291 GC heap before
{Heap before GC invocations=25 (full 3):
 PSYoungGen      total 261120K, used 226965K [0x00000000e0000000, 0x00000000f5700000, 0x0000000100000000)
  eden space 223232K, 100% used [0x00000000e0000000,0x00000000eda00000,0x00000000eda00000)
  from space 37888K, 9% used [0x00000000eda00000,0x00000000edda54b8,0x00000000eff00000)
  to   space 37888K, 0% used [0x00000000f3200000,0x00000000f3200000,0x00000000f5700000)
 ParOldGen       total 135168K, used 84463K [0x00000000a0000000, 0x00000000a8400000, 0x00000000e0000000)
  object space 135168K, 62% used [0x00000000a0000000,0x00000000a527bf90,0x00000000a8400000)
 Metaspace       used 79926K, capacity 83998K, committed 84056K, reserved 1122304K
  class space    used 10311K, capacity 11088K, committed 11136K, reserved 1048576K
Event: 2210.310 GC heap after
Heap after GC invocations=25 (full 3):
 PSYoungGen      total 296960K, used 10694K [0x00000000e0000000, 0x00000000f4d80000, 0x0000000100000000)
  eden space 268800K, 0% used [0x00000000e0000000,0x00000000e0000000,0x00000000f0680000)
  from space 28160K, 37% used [0x00000000f3200000,0x00000000f3c718c0,0x00000000f4d80000)
  to   space 36352K, 0% used [0x00000000f0680000,0x00000000f0680000,0x00000000f2a00000)
 ParOldGen       total 135168K, used 86759K [0x00000000a0000000, 0x00000000a8400000, 0x00000000e0000000)
  object space 135168K, 64% used [0x00000000a0000000,0x00000000a54b9c50,0x00000000a8400000)
 Metaspace       used 79926K, capacity 83998K, committed 84056K, reserved 1122304K
  class space    used 10311K, capacity 11088K, committed 11136K, reserved 1048576K
}

Deoptimization events (10 events):
Event: 2208.760 Thread 0x0000000019f63000 Uncommon trap: reason=unstable_if action=reinterpret pc=0x0000000003f00adc method=java.util.concurrent.ConcurrentLinkedQueue.offer(Ljava/lang/Object;)Z @ 40
Event: 2427.255 Thread 0x000000001921b800 Uncommon trap: reason=array_check action=maybe_recompile pc=0x0000000004f1da58 method=java.util.ComparableTimSort.binarySort([Ljava/lang/Object;III)V @ 193
Event: 2427.271 Thread 0x000000001921b800 Uncommon trap: reason=array_check action=maybe_recompile pc=0x0000000004f1d994 method=java.util.ComparableTimSort.binarySort([Ljava/lang/Object;III)V @ 215
Event: 2427.296 Thread 0x000000001921b800 Uncommon trap: reason=array_check action=maybe_recompile pc=0x0000000004f1d994 method=java.util.ComparableTimSort.binarySort([Ljava/lang/Object;III)V @ 215
Event: 2427.385 Thread 0x000000001921b800 Uncommon trap: reason=array_check action=maybe_recompile pc=0x0000000004f1da58 method=java.util.ComparableTimSort.binarySort([Ljava/lang/Object;III)V @ 193
Event: 2428.494 Thread 0x000000001921b800 Uncommon trap: reason=null_check action=make_not_entrant pc=0x0000000005028760 method=org.gradle.api.internal.collections.CollectionFilter.filter(Ljava/lang/Object;)Ljava/lang/Object; @ 5
Event: 2428.927 Thread 0x000000001921b800 Uncommon trap: reason=class_check action=maybe_recompile pc=0x0000000004b54cb8 method=java.util.stream.AbstractPipeline.wrapAndCopyInto(Ljava/util/stream/Sink;Ljava/util/Spliterator;)Ljava/util/stream/Sink; @ 6
Event: 2428.941 Thread 0x000000001921b800 Uncommon trap: reason=class_check action=maybe_recompile pc=0x0000000004b54cb8 method=java.util.stream.AbstractPipeline.wrapAndCopyInto(Ljava/util/stream/Sink;Ljava/util/Spliterator;)Ljava/util/stream/Sink; @ 6
Event: 2429.348 Thread 0x0000000019223800 Uncommon trap: reason=unstable_if action=reinterpret pc=0x00000000044d1c4c method=com.google.common.util.concurrent.AbstractFuture.get()Ljava/lang/Object; @ 116
Event: 2429.691 Thread 0x000000001921b800 Uncommon trap: reason=class_check action=maybe_recompile pc=0x0000000004b54cb8 method=java.util.stream.AbstractPipeline.wrapAndCopyInto(Ljava/util/stream/Sink;Ljava/util/Spliterator;)Ljava/util/stream/Sink; @ 6

Classes redefined (0 events):
No events

Internal exceptions (10 events):
Event: 2428.265 Thread 0x000000001921b800 Exception <a 'java/lang/ClassNotFoundException': KaptModelBuilderPluginBeanInfo> (0x00000000e35d8710) thrown at [D:\src\AOSP-openjdk-cygwin\jdk8u\hotspot\src\share\vm\classfile\systemDictionary.cpp, line 210]
Event: 2428.266 Thread 0x000000001921b800 Exception <a 'java/lang/ClassNotFoundException': KaptModelBuilderPluginCustomizer> (0x00000000e35e3500) thrown at [D:\src\AOSP-openjdk-cygwin\jdk8u\hotspot\src\share\vm\classfile\systemDictionary.cpp, line 210]
Event: 2428.285 Thread 0x000000001921b800 Exception <a 'java/lang/ClassNotFoundException': KaptModelBuilderBeanInfo> (0x00000000e3617f90) thrown at [D:\src\AOSP-openjdk-cygwin\jdk8u\hotspot\src\share\vm\classfile\systemDictionary.cpp, line 210]
Event: 2428.286 Thread 0x000000001921b800 Exception <a 'java/lang/ClassNotFoundException': KaptModelBuilderCustomizer> (0x00000000e3622ae0) thrown at [D:\src\AOSP-openjdk-cygwin\jdk8u\hotspot\src\share\vm\classfile\systemDictionary.cpp, line 210]
Event: 2428.307 Thread 0x000000001921b800 Exception <a 'java/lang/ClassNotFoundException': BuildScriptClasspathModelBuilderPluginBeanInfo> (0x00000000e3668860) thrown at [D:\src\AOSP-openjdk-cygwin\jdk8u\hotspot\src\share\vm\classfile\systemDictionary.cpp, line 210]
Event: 2428.307 Thread 0x000000001921b800 Exception <a 'java/lang/ClassNotFoundException': BuildScriptClasspathModelBuilderPluginCustomizer> (0x00000000e3673ca8) thrown at [D:\src\AOSP-openjdk-cygwin\jdk8u\hotspot\src\share\vm\classfile\systemDictionary.cpp, line 210]
Event: 2428.312 Thread 0x000000001921b800 Exception <a 'java/lang/ClassNotFoundException': BuildScriptClasspathModelBuilderBeanInfo> (0x00000000e36abf48) thrown at [D:\src\AOSP-openjdk-cygwin\jdk8u\hotspot\src\share\vm\classfile\systemDictionary.cpp, line 210]
Event: 2428.313 Thread 0x000000001921b800 Exception <a 'java/lang/ClassNotFoundException': BuildScriptClasspathModelBuilderCustomizer> (0x00000000e36b7158) thrown at [D:\src\AOSP-openjdk-cygwin\jdk8u\hotspot\src\share\vm\classfile\systemDictionary.cpp, line 210]
Event: 2428.494 Thread 0x000000001921b800 Implicit null exception at 0x000000000502861f to 0x000000000502874d
Event: 2429.348 Thread 0x0000000019223800 Implicit null exception at 0x00000000044d195f to 0x00000000044d1c35

Events (10 events):
Event: 2428.983 Executing VM operation: RevokeBias
Event: 2428.983 Executing VM operation: RevokeBias done
Event: 2428.984 Executing VM operation: RevokeBias
Event: 2428.984 Executing VM operation: RevokeBias done
Event: 2429.348 Thread 0x0000000019223800 Uncommon trap: trap_request=0xffffff65 fr.pc=0x00000000044d1c4c
Event: 2429.348 Thread 0x0000000019223800 DEOPT PACKING pc=0x00000000044d1c4c sp=0x000000002174e7f0
Event: 2429.348 Thread 0x0000000019223800 DEOPT UNPACKING pc=0x000000000266557b sp=0x000000002174e6e0 mode 2
Event: 2429.691 Thread 0x000000001921b800 Uncommon trap: trap_request=0xffffffde fr.pc=0x0000000004b54cb8
Event: 2429.691 Thread 0x000000001921b800 DEOPT PACKING pc=0x0000000004b54cb8 sp=0x000000001b679fc0
Event: 2429.691 Thread 0x000000001921b800 DEOPT UNPACKING pc=0x000000000266557b sp=0x000000001b679f70 mode 2


Dynamic libraries:
0x00007ff76ad60000 - 0x00007ff76ad91000 	C:\Program Files\Android\Android Studio\jre\bin\java.exe
0x00007ff84c560000 - 0x00007ff84c750000 	C:\WINDOWS\SYSTEM32\ntdll.dll
0x00007ff84b9d0000 - 0x00007ff84ba82000 	C:\WINDOWS\System32\KERNEL32.DLL
0x00007ff84a110000 - 0x00007ff84a3b3000 	C:\WINDOWS\System32\KERNELBASE.dll
0x00007ff84b060000 - 0x00007ff84b103000 	C:\WINDOWS\System32\ADVAPI32.dll
0x00007ff84a8b0000 - 0x00007ff84a94e000 	C:\WINDOWS\System32\msvcrt.dll
0x00007ff84b510000 - 0x00007ff84b5a7000 	C:\WINDOWS\System32\sechost.dll
0x00007ff84c3a0000 - 0x00007ff84c4c0000 	C:\WINDOWS\System32\RPCRT4.dll
0x00007ff84b110000 - 0x00007ff84b2a4000 	C:\WINDOWS\System32\USER32.dll
0x00007ff849fe0000 - 0x00007ff84a001000 	C:\WINDOWS\System32\win32u.dll
0x00007ff84c310000 - 0x00007ff84c336000 	C:\WINDOWS\System32\GDI32.dll
0x00007ff849e10000 - 0x00007ff849fa4000 	C:\WINDOWS\System32\gdi32full.dll
0x00007ff84a3c0000 - 0x00007ff84a45e000 	C:\WINDOWS\System32\msvcp_win.dll
0x00007ff84a010000 - 0x00007ff84a10a000 	C:\WINDOWS\System32\ucrtbase.dll
0x00007ff844380000 - 0x00007ff844605000 	C:\WINDOWS\WinSxS\amd64_microsoft.windows.common-controls_6595b64144ccf1df_6.0.18362.535_none_e6c3b34713100821\COMCTL32.dll
0x00007ff84b630000 - 0x00007ff84b966000 	C:\WINDOWS\System32\combase.dll
0x00007ff849d70000 - 0x00007ff849df0000 	C:\WINDOWS\System32\bcryptPrimitives.dll
0x00007ff84ba90000 - 0x00007ff84babe000 	C:\WINDOWS\System32\IMM32.DLL
0x0000000059b10000 - 0x0000000059be2000 	C:\Program Files\Android\Android Studio\jre\jre\bin\msvcr100.dll
0x0000000059bf0000 - 0x000000005a436000 	C:\Program Files\Android\Android Studio\jre\jre\bin\server\jvm.dll
0x00007ff84b390000 - 0x00007ff84b398000 	C:\WINDOWS\System32\PSAPI.DLL
0x00007ff848150000 - 0x00007ff84815a000 	C:\WINDOWS\SYSTEM32\VERSION.dll
0x00007ff846f20000 - 0x00007ff846f44000 	C:\WINDOWS\SYSTEM32\WINMM.dll
0x00007ff837500000 - 0x00007ff837509000 	C:\WINDOWS\SYSTEM32\WSOCK32.dll
0x00007ff84bc10000 - 0x00007ff84bc7f000 	C:\WINDOWS\System32\WS2_32.dll
0x00007ff846ef0000 - 0x00007ff846f1d000 	C:\WINDOWS\SYSTEM32\winmmbase.dll
0x00007ff8494f0000 - 0x00007ff84953a000 	C:\WINDOWS\System32\cfgmgr32.dll
0x00007ff848300000 - 0x00007ff84830f000 	C:\Program Files\Android\Android Studio\jre\jre\bin\verify.dll
0x00007ff8482d0000 - 0x00007ff8482f9000 	C:\Program Files\Android\Android Studio\jre\jre\bin\java.dll
0x00007ff8482b0000 - 0x00007ff8482c6000 	C:\Program Files\Android\Android Studio\jre\jre\bin\zip.dll
0x00007ff84a970000 - 0x00007ff84b055000 	C:\WINDOWS\System32\SHELL32.dll
0x00007ff84b3b0000 - 0x00007ff84b459000 	C:\WINDOWS\System32\shcore.dll
0x00007ff8495f0000 - 0x00007ff849d6f000 	C:\WINDOWS\System32\windows.storage.dll
0x00007ff849460000 - 0x00007ff84947f000 	C:\WINDOWS\System32\profapi.dll
0x00007ff849480000 - 0x00007ff8494ca000 	C:\WINDOWS\System32\powrprof.dll
0x00007ff849430000 - 0x00007ff849440000 	C:\WINDOWS\System32\UMPDC.dll
0x00007ff84c4c0000 - 0x00007ff84c512000 	C:\WINDOWS\System32\shlwapi.dll
0x00007ff849440000 - 0x00007ff849451000 	C:\WINDOWS\System32\kernel.appcore.dll
0x00007ff849df0000 - 0x00007ff849e07000 	C:\WINDOWS\System32\cryptsp.dll
0x00007ff844620000 - 0x00007ff84463a000 	C:\Program Files\Android\Android Studio\jre\jre\bin\net.dll
0x00007ff848ca0000 - 0x00007ff848d07000 	C:\WINDOWS\system32\mswsock.dll
0x00007ff8439a0000 - 0x00007ff8439b1000 	C:\Program Files\Android\Android Studio\jre\jre\bin\nio.dll
0x00007ff837db0000 - 0x00007ff837dd6000 	C:\Users\remys_000\.gradle\native\29\windows-amd64\native-platform.dll
0x00007ff8482a0000 - 0x00007ff8482ad000 	C:\Program Files\Android\Android Studio\jre\jre\bin\management.dll
0x00007ff848810000 - 0x00007ff848843000 	C:\WINDOWS\system32\rsaenh.dll
0x00007ff849fb0000 - 0x00007ff849fd6000 	C:\WINDOWS\System32\bcrypt.dll
0x00007ff849320000 - 0x00007ff849345000 	C:\WINDOWS\SYSTEM32\USERENV.dll
0x00007ff848e70000 - 0x00007ff848e7c000 	C:\WINDOWS\SYSTEM32\CRYPTBASE.dll
0x00007ff8489b0000 - 0x00007ff8489ea000 	C:\WINDOWS\SYSTEM32\IPHLPAPI.DLL
0x00007ff84b380000 - 0x00007ff84b388000 	C:\WINDOWS\System32\NSI.dll
0x00007ff8435e0000 - 0x00007ff8435f6000 	C:\WINDOWS\SYSTEM32\dhcpcsvc6.DLL
0x00007ff8433a0000 - 0x00007ff8433bc000 	C:\WINDOWS\SYSTEM32\dhcpcsvc.DLL
0x00007ff848a00000 - 0x00007ff848aca000 	C:\WINDOWS\SYSTEM32\DNSAPI.dll
0x00007ff837f20000 - 0x00007ff837f44000 	C:\Program Files\Android\Android Studio\jre\jre\bin\sunec.dll
0x00007ff841280000 - 0x00007ff84128a000 	C:\Windows\System32\rasadhlp.dll
0x00007ff842040000 - 0x00007ff8420b7000 	C:\WINDOWS\System32\fwpuclnt.dll
0x00007ff845b60000 - 0x00007ff845b6b000 	C:\Program Files\Android\Android Studio\jre\jre\bin\sunmscapi.dll
0x00007ff84a460000 - 0x00007ff84a5a9000 	C:\WINDOWS\System32\CRYPT32.dll
0x00007ff8494d0000 - 0x00007ff8494e2000 	C:\WINDOWS\System32\MSASN1.dll

VM Arguments:
jvm_args: -Xmx1536m -Dfile.encoding=windows-1252 -Duser.country=FR -Duser.language=fr -Duser.variant 
java_command: org.gradle.launcher.daemon.bootstrap.GradleDaemon 5.4.1
java_class_path (initial): C:\Users\remys_000\.gradle\wrapper\dists\gradle-5.4.1-all\3221gyojl5jsh0helicew7rwx\gradle-5.4.1\lib\gradle-launcher-5.4.1.jar
Launcher Type: SUN_STANDARD

Environment Variables:
PATH=C:\Program Files (x86)\Common Files\Oracle\Java\javapath;C:\Program Files (x86)\NVIDIA Corporation\PhysX\Common;C:\ProgramData\Oracle\Java\javapath;c:\Program Files (x86)\Intel\iCLS Client\;c:\Program Files\Intel\iCLS Client\;C:\WINDOWS\system32;C:\WINDOWS;C:\WINDOWS\System32\Wbem;C:\WINDOWS\System32\WindowsPowerShell\v1.0\;C:\Program Files\Intel\Intel(R) Management Engine Components\DAL;C:\Program Files\Intel\Intel(R) Management Engine Components\IPT;C:\Program Files (x86)\Intel\Intel(R) Management Engine Components\DAL;C:\Program Files (x86)\Intel\Intel(R) Management Engine Components\IPT;C:\Program Files (x86)\Windows Live\Shared;C:\Program Files\Calibre2\;C:\Program Files (x86)\AMD\ATI.ACE\Core-Static;C:\Program Files (x86)\ATI Technologies\ATI.ACE\Core-Static;C:\Program Files\MySQL\MySQL Utilities 1.6\;C:\WINDOWS\System32\OpenSSH\;C:\Program Files (x86)\ffmpeg-20151205-git-a16243a-win64-static\bin;C:\ProgramData\Oracle\Java\javapath;c:\Program Files (x86)\Intel\iCLS Client\;c:\Program Files\Intel\iCLS Client\;C:\Program Files (x86)\NVIDIA Corporation\PhysX\Common;C:\WINDOWS\system32;C:\WINDOWS;C:\WINDOWS\System32\Wbem;C:\WINDOWS\System32\WindowsPowerShell\v1.0\;C:\Program Files\Intel\Intel(R) Management Engine Components\DAL;C:\Program Files\Intel\Intel(R) Management Engine Components\IPT;C:\Program Files (x86)\Intel\Intel(R) Management Engine Components\DAL;C:\Program Files (x86)\Intel\Intel(R) Management Engine Components\IPT;C:\Program Files (x86)\Windows Live\Shared;C:\Program Files\Calibre2\;";C:\Users\remys_000\AppData\Local\Microsoft\WindowsApps";C:\Program Files\MySQL\MySQL Server 5.7\bin;C:\Users\remys_000\AppData\Local\Microsoft\WindowsApps;C:\wso2\apache-maven-3.6.0\bin;
USERNAME=remys_000
OS=Windows_NT
PROCESSOR_IDENTIFIER=Intel64 Family 6 Model 58 Stepping 9, GenuineIntel



---------------  S Y S T E M  ---------------

OS: Windows 10.0 , 64 bit Build 18362 (10.0.18362.329)

CPU:total 4 (initial active 4) (4 cores per cpu, 1 threads per core) family 6 model 58 stepping 9, cmov, cx8, fxsr, mmx, sse, sse2, sse3, ssse3, sse4.1, sse4.2, popcnt, avx, aes, clmul, erms, tsc, tscinvbit, tscinv

Memory: 4k page, physical 8342824k(1942196k free), swap 12537128k(4284k free)

vm_info: OpenJDK 64-Bit Server VM (25.202-b03) for windows-amd64 JRE (1.8.0_202-release-1483-b03), built by "builder" with MS VC++ 10.0 (VS2010)

time: Wed Jan 15 19:28:48 2020
timezone: Paris, Madrid
elapsed time: 2429 seconds (0d 0h 40m 29s)

