#
# There is insufficient memory for the Java Runtime Environment to continue.
# Native memory allocation (malloc) failed to allocate 1930000 bytes for Chunk::new
# Possible reasons:
#   The system is out of physical RAM or swap space
#   In 32 bit mode, the process size limit was hit
# Possible solutions:
#   Reduce memory load on the system
#   Increase physical memory or swap space
#   Check if swap backing store is full
#   Use 64 bit Java on a 64 bit OS
#   Decrease Java heap size (-Xmx/-Xms)
#   Decrease number of Java threads
#   Decrease Java thread stack sizes (-Xss)
#   Set larger code cache with -XX:ReservedCodeCacheSize=
# This output file may be truncated or incomplete.
#
#  Out of Memory Error (allocation.cpp:390), pid=21956, tid=0x0000000000004c44
#
# JRE version: OpenJDK Runtime Environment (8.0_152-b01) (build 1.8.0_152-release-915-b01)
# Java VM: OpenJDK 64-Bit Server VM (25.152-b01 mixed mode windows-amd64 compressed oops)
# Failed to write core dump. Minidumps are not enabled by default on client versions of Windows
#

---------------  T H R E A D  ---------------

Current thread (0x0000000017e89000):  JavaThread "C2 CompilerThread0" daemon [_thread_in_native, id=19524, stack(0x0000000019600000,0x0000000019700000)]

Stack: [0x0000000019600000,0x0000000019700000]
[error occurred during error reporting (printing stack bounds), id 0xc0000005]

Native frames: (J=compiled Java code, j=interpreted, Vv=VM code, C=native code)


Current CompileTask:
C2: 187098 10483       4       org.gradle.api.internal.project.taskfactory.DefaultTaskClassValidatorExtractor::mergeDeclaredAnnotations (190 bytes)


---------------  P R O C E S S  ---------------

Java Threads: ( => current thread )
  0x000000001b001000 JavaThread "Task worker for ':' Thread 3" [_thread_blocked, id=22384, stack(0x0000000027b00000,0x0000000027c00000)]
  0x000000002012a000 JavaThread "Task worker for ':' Thread 2" [_thread_blocked, id=19672, stack(0x0000000027a00000,0x0000000027b00000)]
  0x0000000020129000 JavaThread "Task worker for ':'" [_thread_blocked, id=11508, stack(0x0000000027900000,0x0000000027a00000)]
  0x0000000020127000 JavaThread "Cache worker for task history cache (C:\Users\remys_000\AndroidStudioProjects\IMCv4\.gradle\4.1\taskHistory)" [_thread_blocked, id=17260, stack(0x0000000027800000,0x0000000027900000)]
  0x000000002012b800 JavaThread "Cache worker for file content cache (C:\Users\remys_000\AndroidStudioProjects\IMCv4\.gradle\4.1\fileContent)" [_thread_blocked, id=9572, stack(0x0000000027700000,0x0000000027800000)]
  0x0000000020125800 JavaThread "build operations Thread 4" [_thread_blocked, id=7812, stack(0x0000000027600000,0x0000000027700000)]
  0x0000000020126000 JavaThread "build operations Thread 3" [_thread_in_native, id=19324, stack(0x0000000027500000,0x0000000027600000)]
  0x000000002012a800 JavaThread "build operations Thread 2" [_thread_blocked, id=7236, stack(0x0000000027400000,0x0000000027500000)]
  0x000000002011e000 JavaThread "build operations" [_thread_blocked, id=18928, stack(0x0000000027300000,0x0000000027400000)]
  0x0000000020124800 JavaThread "Cache worker for Artifact transforms cache (C:\Users\remys_000\.gradle\caches\transforms-1)" [_thread_blocked, id=20776, stack(0x0000000027200000,0x0000000027300000)]
  0x000000002011d000 JavaThread "Cache worker for file hash cache (C:\Users\remys_000\AndroidStudioProjects\IMCv4\.gradle\4.1\fileHashes)" [_thread_blocked, id=19720, stack(0x0000000027100000,0x0000000027200000)]
  0x000000002011c800 JavaThread "Stdin handler" [_thread_blocked, id=22380, stack(0x0000000027000000,0x0000000027100000)]
  0x0000000020122800 JavaThread "Asynchronous log dispatcher for DefaultDaemonConnection: socket connection from /127.0.0.1:55812 to /127.0.0.1:55832" [_thread_blocked, id=13812, stack(0x0000000026f00000,0x0000000027000000)]
  0x0000000020121800 JavaThread "Daemon worker Thread 2" [_thread_blocked, id=7960, stack(0x0000000026e00000,0x0000000026f00000)]
  0x000000002011f800 JavaThread "Cancel handler" [_thread_blocked, id=8068, stack(0x0000000026d00000,0x0000000026e00000)]
  0x0000000020121000 JavaThread "Handler for socket connection from /127.0.0.1:55812 to /127.0.0.1:55832" [_thread_in_native, id=16704, stack(0x0000000026c00000,0x0000000026d00000)]
  0x0000000020123000 JavaThread "Daemon Thread 2" [_thread_blocked, id=19948, stack(0x0000000026b00000,0x0000000026c00000)]
  0x000000001b004000 JavaThread "Memory manager" [_thread_blocked, id=15928, stack(0x00000000226a0000,0x00000000227a0000)]
  0x000000001b21d000 JavaThread "File lock request listener" [_thread_in_native, id=10568, stack(0x000000001da40000,0x000000001db40000)]
  0x000000001b21c800 JavaThread "Cache worker for file hash cache (C:\Users\remys_000\.gradle\caches\4.1\fileHashes)" [_thread_blocked, id=8304, stack(0x000000001d740000,0x000000001d840000)]
  0x000000001af31800 JavaThread "Daemon periodic checks" [_thread_blocked, id=4392, stack(0x000000001ce40000,0x000000001cf40000)]
  0x000000001ae11000 JavaThread "Incoming local TCP Connector on port 55812" [_thread_in_native, id=20352, stack(0x000000001cbe0000,0x000000001cce0000)]
  0x0000000017ede800 JavaThread "Service Thread" daemon [_thread_blocked, id=22504, stack(0x0000000019d00000,0x0000000019e00000)]
  0x0000000017eb0800 JavaThread "C1 CompilerThread2" daemon [_thread_blocked, id=11620, stack(0x0000000019800000,0x0000000019900000)]
  0x0000000017e7b800 JavaThread "C2 CompilerThread1" daemon [_thread_in_native, id=13148, stack(0x0000000019700000,0x0000000019800000)]
=>0x0000000017e89000 JavaThread "C2 CompilerThread0" daemon [_thread_in_native, id=19524, stack(0x0000000019600000,0x0000000019700000)]
  0x0000000017e88000 JavaThread "Attach Listener" daemon [_thread_blocked, id=13624, stack(0x0000000019500000,0x0000000019600000)]
  0x0000000017e87000 JavaThread "Signal Dispatcher" daemon [_thread_blocked, id=13852, stack(0x0000000019400000,0x0000000019500000)]
  0x000000000450d800 JavaThread "Finalizer" daemon [_thread_blocked, id=5020, stack(0x00000000190e0000,0x00000000191e0000)]
  0x0000000017e47000 JavaThread "Reference Handler" daemon [_thread_blocked, id=7676, stack(0x0000000018fe0000,0x00000000190e0000)]
  0x000000000421e000 JavaThread "main" [_thread_blocked, id=17856, stack(0x0000000004310000,0x0000000004410000)]

Other Threads:
  0x0000000017e44800 VMThread [stack: 0x0000000018ee0000,0x0000000018fe0000] [id=22284]
  0x0000000019904800 WatcherThread [stack: 0x0000000019e00000,0x0000000019f00000] [id=8596]

VM state:not at safepoint (normal execution)

VM Mutex/Monitor currently owned by a thread: None

Heap:
 PSYoungGen      total 222720K, used 190484K [0x00000000e0000000, 0x00000000f0580000, 0x0000000100000000)
  eden space 211968K, 84% used [0x00000000e0000000,0x00000000eafb6bc0,0x00000000ecf00000)
  from space 10752K, 98% used [0x00000000efb00000,0x00000000f054e810,0x00000000f0580000)
  to   space 25088K, 0% used [0x00000000ed480000,0x00000000ed480000,0x00000000eed00000)
 ParOldGen       total 164864K, used 48417K [0x00000000a0000000, 0x00000000aa100000, 0x00000000e0000000)
  object space 164864K, 29% used [0x00000000a0000000,0x00000000a2f48630,0x00000000aa100000)
 Metaspace       used 62396K, capacity 65606K, committed 65664K, reserved 1105920K
  class space    used 8275K, capacity 9061K, committed 9088K, reserved 1048576K

Card table byte_map: [0x00000000138d0000,0x0000000013be0000] byte_map_base: 0x00000000133d0000

Marking Bits: (ParMarkBitMap*) 0x000000006e923950
 Begin Bits: [0x00000000141e0000, 0x00000000159e0000)
 End Bits:   [0x00000000159e0000, 0x00000000171e0000)

Polling page: 0x0000000002530000

CodeCache: size=245760Kb used=29893Kb max_used=29895Kb free=215866Kb
 bounds [0x0000000004510000, 0x0000000006270000, 0x0000000013510000]
 total_blobs=9679 nmethods=8889 adapters=702
 compilation: enabled

Compilation events (10 events):
Event: 186.904 Thread 0x0000000017eb0800 10589       3       org.gradle.internal.concurrent.ManagedExecutorImpl::execute (15 bytes)
Event: 186.904 Thread 0x0000000017eb0800 nmethod 10589 0x0000000005cb15d0 code [0x0000000005cb1760, 0x0000000005cb1ba8]
Event: 186.904 Thread 0x0000000017eb0800 10590       3       java.util.concurrent.ThreadPoolExecutor::execute (132 bytes)
Event: 186.905 Thread 0x0000000017eb0800 nmethod 10590 0x0000000005fb3b10 code [0x0000000005fb3d60, 0x0000000005fb4cc8]
Event: 186.916 Thread 0x0000000017eb0800 10591       3       org.gradle.api.internal.changedetection.state.OrderInsensitiveTaskFilePropertyCompareStrategy::appendToHasher (51 bytes)
Event: 186.916 Thread 0x0000000017eb0800 nmethod 10591 0x0000000005fb2c10 code [0x0000000005fb2e00, 0x0000000005fb3738]
Event: 186.978 Thread 0x0000000017eb0800 10592       3       com.google.common.collect.ImmutableList::equals (6 bytes)
Event: 186.978 Thread 0x0000000017eb0800 nmethod 10592 0x0000000005b0fad0 code [0x0000000005b0fc40, 0x0000000005b0fdc8]
Event: 186.986 Thread 0x0000000017eb0800 10593       3       org.gradle.api.tasks.util.internal.CachingPatternSpecFactory$SpecKey::equals (89 bytes)
Event: 186.987 Thread 0x0000000017eb0800 nmethod 10593 0x0000000005fb1850 code [0x0000000005fb1a80, 0x0000000005fb28a8]

GC Heap History (10 events):
Event: 9.449 GC heap before
{Heap before GC invocations=11 (full 2):
 PSYoungGen      total 151552K, used 151518K [0x00000000e0000000, 0x00000000ea900000, 0x0000000100000000)
  eden space 140288K, 100% used [0x00000000e0000000,0x00000000e8900000,0x00000000e8900000)
  from space 11264K, 99% used [0x00000000e9e00000,0x00000000ea8f7a10,0x00000000ea900000)
  to   space 13312K, 0% used [0x00000000e8f00000,0x00000000e8f00000,0x00000000e9c00000)
 ParOldGen       total 100864K, used 16352K [0x00000000a0000000, 0x00000000a6280000, 0x00000000e0000000)
  object space 100864K, 16% used [0x00000000a0000000,0x00000000a0ff8060,0x00000000a6280000)
 Metaspace       used 51840K, capacity 53542K, committed 53632K, reserved 1095680K
  class space    used 7020K, capacity 7497K, committed 7552K, reserved 1048576K
Event: 9.499 GC heap after
Heap after GC invocations=11 (full 2):
 PSYoungGen      total 159744K, used 13297K [0x00000000e0000000, 0x00000000ed100000, 0x0000000100000000)
  eden space 146432K, 0% used [0x00000000e0000000,0x00000000e0000000,0x00000000e8f00000)
  from space 13312K, 99% used [0x00000000e8f00000,0x00000000e9bfc5b8,0x00000000e9c00000)
  to   space 16896K, 0% used [0x00000000ec080000,0x00000000ec080000,0x00000000ed100000)
 ParOldGen       total 100864K, used 21314K [0x00000000a0000000, 0x00000000a6280000, 0x00000000e0000000)
  object space 100864K, 21% used [0x00000000a0000000,0x00000000a14d0ab8,0x00000000a6280000)
 Metaspace       used 51840K, capacity 53542K, committed 53632K, reserved 1095680K
  class space    used 7020K, capacity 7497K, committed 7552K, reserved 1048576K
}
Event: 10.599 GC heap before
{Heap before GC invocations=12 (full 2):
 PSYoungGen      total 159744K, used 159729K [0x00000000e0000000, 0x00000000ed100000, 0x0000000100000000)
  eden space 146432K, 100% used [0x00000000e0000000,0x00000000e8f00000,0x00000000e8f00000)
  from space 13312K, 99% used [0x00000000e8f00000,0x00000000e9bfc5b8,0x00000000e9c00000)
  to   space 16896K, 0% used [0x00000000ec080000,0x00000000ec080000,0x00000000ed100000)
 ParOldGen       total 100864K, used 21314K [0x00000000a0000000, 0x00000000a6280000, 0x00000000e0000000)
  object space 100864K, 21% used [0x00000000a0000000,0x00000000a14d0ab8,0x00000000a6280000)
 Metaspace       used 54610K, capacity 56728K, committed 56960K, reserved 1097728K
  class space    used 7496K, capacity 8043K, committed 8064K, reserved 1048576K
Event: 10.634 GC heap after
Heap after GC invocations=12 (full 2):
 PSYoungGen      total 189952K, used 16893K [0x00000000e0000000, 0x00000000eec80000, 0x0000000100000000)
  eden space 173056K, 0% used [0x00000000e0000000,0x00000000e0000000,0x00000000ea900000)
  from space 16896K, 99% used [0x00000000ec080000,0x00000000ed0ff4e0,0x00000000ed100000)
  to   space 24064K, 0% used [0x00000000ea900000,0x00000000ea900000,0x00000000ec080000)
 ParOldGen       total 100864K, used 35318K [0x00000000a0000000, 0x00000000a6280000, 0x00000000e0000000)
  object space 100864K, 35% used [0x00000000a0000000,0x00000000a227da78,0x00000000a6280000)
 Metaspace       used 54610K, capacity 56728K, committed 56960K, reserved 1097728K
  class space    used 7496K, capacity 8043K, committed 8064K, reserved 1048576K
}
Event: 11.732 GC heap before
{Heap before GC invocations=13 (full 2):
 PSYoungGen      total 189952K, used 66674K [0x00000000e0000000, 0x00000000eec80000, 0x0000000100000000)
  eden space 173056K, 28% used [0x00000000e0000000,0x00000000e309d718,0x00000000ea900000)
  from space 16896K, 99% used [0x00000000ec080000,0x00000000ed0ff4e0,0x00000000ed100000)
  to   space 24064K, 0% used [0x00000000ea900000,0x00000000ea900000,0x00000000ec080000)
 ParOldGen       total 100864K, used 35318K [0x00000000a0000000, 0x00000000a6280000, 0x00000000e0000000)
  object space 100864K, 35% used [0x00000000a0000000,0x00000000a227da78,0x00000000a6280000)
 Metaspace       used 56547K, capacity 58958K, committed 59008K, reserved 1099776K
  class space    used 7713K, capacity 8301K, committed 8320K, reserved 1048576K
Event: 11.758 GC heap after
Heap after GC invocations=13 (full 2):
 PSYoungGen      total 197120K, used 20730K [0x00000000e0000000, 0x00000000f1480000, 0x0000000100000000)
  eden space 173056K, 0% used [0x00000000e0000000,0x00000000e0000000,0x00000000ea900000)
  from space 24064K, 86% used [0x00000000ea900000,0x00000000ebd3e8c0,0x00000000ec080000)
  to   space 26112K, 0% used [0x00000000efb00000,0x00000000efb00000,0x00000000f1480000)
 ParOldGen       total 100864K, used 35318K [0x00000000a0000000, 0x00000000a6280000, 0x00000000e0000000)
  object space 100864K, 35% used [0x00000000a0000000,0x00000000a227da78,0x00000000a6280000)
 Metaspace       used 56547K, capacity 58958K, committed 59008K, reserved 1099776K
  class space    used 7713K, capacity 8301K, committed 8320K, reserved 1048576K
}
Event: 11.758 GC heap before
{Heap before GC invocations=14 (full 3):
 PSYoungGen      total 197120K, used 20730K [0x00000000e0000000, 0x00000000f1480000, 0x0000000100000000)
  eden space 173056K, 0% used [0x00000000e0000000,0x00000000e0000000,0x00000000ea900000)
  from space 24064K, 86% used [0x00000000ea900000,0x00000000ebd3e8c0,0x00000000ec080000)
  to   space 26112K, 0% used [0x00000000efb00000,0x00000000efb00000,0x00000000f1480000)
 ParOldGen       total 100864K, used 35318K [0x00000000a0000000, 0x00000000a6280000, 0x00000000e0000000)
  object space 100864K, 35% used [0x00000000a0000000,0x00000000a227da78,0x00000000a6280000)
 Metaspace       used 56547K, capacity 58958K, committed 59008K, reserved 1099776K
  class space    used 7713K, capacity 8301K, committed 8320K, reserved 1048576K
Event: 12.002 GC heap after
Heap after GC invocations=14 (full 3):
 PSYoungGen      total 197120K, used 0K [0x00000000e0000000, 0x00000000f1480000, 0x0000000100000000)
  eden space 173056K, 0% used [0x00000000e0000000,0x00000000e0000000,0x00000000ea900000)
  from space 24064K, 0% used [0x00000000ea900000,0x00000000ea900000,0x00000000ec080000)
  to   space 26112K, 0% used [0x00000000efb00000,0x00000000efb00000,0x00000000f1480000)
 ParOldGen       total 164864K, used 48409K [0x00000000a0000000, 0x00000000aa100000, 0x00000000e0000000)
  object space 164864K, 29% used [0x00000000a0000000,0x00000000a2f46630,0x00000000aa100000)
 Metaspace       used 56547K, capacity 58958K, committed 59008K, reserved 1099776K
  class space    used 7713K, capacity 8301K, committed 8320K, reserved 1048576K
}
Event: 23.709 GC heap before
{Heap before GC invocations=15 (full 3):
 PSYoungGen      total 197120K, used 173056K [0x00000000e0000000, 0x00000000f1480000, 0x0000000100000000)
  eden space 173056K, 100% used [0x00000000e0000000,0x00000000ea900000,0x00000000ea900000)
  from space 24064K, 0% used [0x00000000ea900000,0x00000000ea900000,0x00000000ec080000)
  to   space 26112K, 0% used [0x00000000efb00000,0x00000000efb00000,0x00000000f1480000)
 ParOldGen       total 164864K, used 48409K [0x00000000a0000000, 0x00000000aa100000, 0x00000000e0000000)
  object space 164864K, 29% used [0x00000000a0000000,0x00000000a2f46630,0x00000000aa100000)
 Metaspace       used 61385K, capacity 64386K, committed 64512K, reserved 1105920K
  class space    used 8198K, capacity 8933K, committed 8960K, reserved 1048576K
Event: 23.720 GC heap after
Heap after GC invocations=15 (full 3):
 PSYoungGen      total 222720K, used 10554K [0x00000000e0000000, 0x00000000f0580000, 0x0000000100000000)
  eden space 211968K, 0% used [0x00000000e0000000,0x00000000e0000000,0x00000000ecf00000)
  from space 10752K, 98% used [0x00000000efb00000,0x00000000f054e810,0x00000000f0580000)
  to   space 25088K, 0% used [0x00000000ed480000,0x00000000ed480000,0x00000000eed00000)
 ParOldGen       total 164864K, used 48417K [0x00000000a0000000, 0x00000000aa100000, 0x00000000e0000000)
  object space 164864K, 29% used [0x00000000a0000000,0x00000000a2f48630,0x00000000aa100000)
 Metaspace       used 61385K, capacity 64386K, committed 64512K, reserved 1105920K
  class space    used 8198K, capacity 8933K, committed 8960K, reserved 1048576K
}

Deoptimization events (10 events):
Event: 24.986 Thread 0x000000002012a000 Uncommon trap: reason=class_check action=maybe_recompile pc=0x0000000006125c7c method=org.gradle.api.specs.NotSpec.isSatisfiedBy(Ljava/lang/Object;)Z @ 5
Event: 24.986 Thread 0x000000002012a000 Uncommon trap: reason=bimorphic action=maybe_recompile pc=0x000000000613a8c8 method=org.gradle.api.specs.NotSpec.isSatisfiedBy(Ljava/lang/Object;)Z @ 5
Event: 25.061 Thread 0x000000002012a000 Uncommon trap: reason=predicate action=maybe_recompile pc=0x0000000006152e58 method=java.util.TimSort.binarySort([Ljava/lang/Object;IIILjava/util/Comparator;)V @ 37
Event: 31.717 Thread 0x000000001af31800 Uncommon trap: reason=speculate_class_check action=maybe_recompile pc=0x0000000005b0fc50 method=java.util.AbstractList.listIterator()Ljava/util/ListIterator; @ 2
Event: 41.723 Thread 0x000000001af31800 Uncommon trap: reason=speculate_class_check action=maybe_recompile pc=0x0000000005b0fc50 method=java.util.AbstractList.listIterator()Ljava/util/ListIterator; @ 2
Event: 186.017 Thread 0x0000000020121800 Uncommon trap: reason=array_check action=maybe_recompile pc=0x0000000005159ae0 method=java.util.ComparableTimSort.binarySort([Ljava/lang/Object;III)V @ 183
Event: 186.026 Thread 0x0000000020121800 Uncommon trap: reason=array_check action=maybe_recompile pc=0x0000000005159954 method=java.util.ComparableTimSort.binarySort([Ljava/lang/Object;III)V @ 215
Event: 186.072 Thread 0x0000000020121800 Uncommon trap: reason=array_check action=maybe_recompile pc=0x0000000005159954 method=java.util.ComparableTimSort.binarySort([Ljava/lang/Object;III)V @ 215
Event: 186.075 Thread 0x0000000020121800 Uncommon trap: reason=array_check action=maybe_recompile pc=0x0000000005159954 method=java.util.ComparableTimSort.binarySort([Ljava/lang/Object;III)V @ 215
Event: 186.776 Thread 0x0000000020121800 Uncommon trap: reason=unstable_if action=reinterpret pc=0x0000000006167614 method=org.apache.commons.lang.StringUtils.splitWorker(Ljava/lang/String;Ljava/lang/String;IZ)[Ljava/lang/String; @ 142

Classes redefined (0 events):
No events

Internal exceptions (10 events):
Event: 186.557 Thread 0x0000000020121800 Exception <a 'sun/nio/fs/WindowsException'> (0x00000000e8490d48) thrown at [D:\src\AOSP-openjdk-cygwin\jdk8u\hotspot\src\share\vm\prims\jni.cpp, line 709]
Event: 186.557 Thread 0x0000000020121800 Exception <a 'sun/nio/fs/WindowsException'> (0x00000000e8491bf0) thrown at [D:\src\AOSP-openjdk-cygwin\jdk8u\hotspot\src\share\vm\prims\jni.cpp, line 709]
Event: 186.558 Thread 0x0000000020121800 Exception <a 'sun/nio/fs/WindowsException'> (0x00000000e84957e0) thrown at [D:\src\AOSP-openjdk-cygwin\jdk8u\hotspot\src\share\vm\prims\jni.cpp, line 709]
Event: 186.558 Thread 0x0000000020121800 Exception <a 'sun/nio/fs/WindowsException'> (0x00000000e84965d0) thrown at [D:\src\AOSP-openjdk-cygwin\jdk8u\hotspot\src\share\vm\prims\jni.cpp, line 709]
Event: 186.558 Thread 0x0000000020121800 Exception <a 'sun/nio/fs/WindowsException'> (0x00000000e84987c8) thrown at [D:\src\AOSP-openjdk-cygwin\jdk8u\hotspot\src\share\vm\prims\jni.cpp, line 709]
Event: 186.558 Thread 0x0000000020121800 Exception <a 'sun/nio/fs/WindowsException'> (0x00000000e84995f8) thrown at [D:\src\AOSP-openjdk-cygwin\jdk8u\hotspot\src\share\vm\prims\jni.cpp, line 709]
Event: 186.558 Thread 0x0000000020121800 Exception <a 'sun/nio/fs/WindowsException'> (0x00000000e849c7f0) thrown at [D:\src\AOSP-openjdk-cygwin\jdk8u\hotspot\src\share\vm\prims\jni.cpp, line 709]
Event: 186.559 Thread 0x0000000020121800 Exception <a 'sun/nio/fs/WindowsException'> (0x00000000e849d658) thrown at [D:\src\AOSP-openjdk-cygwin\jdk8u\hotspot\src\share\vm\prims\jni.cpp, line 709]
Event: 186.559 Thread 0x0000000020121800 Exception <a 'sun/nio/fs/WindowsException'> (0x00000000e849f8c8) thrown at [D:\src\AOSP-openjdk-cygwin\jdk8u\hotspot\src\share\vm\prims\jni.cpp, line 709]
Event: 186.559 Thread 0x0000000020121800 Exception <a 'sun/nio/fs/WindowsException'> (0x00000000e84a0770) thrown at [D:\src\AOSP-openjdk-cygwin\jdk8u\hotspot\src\share\vm\prims\jni.cpp, line 709]

Events (10 events):
Event: 186.854 Thread 0x0000000017eb0800 flushing nmethod 0x00000000048d2e90
Event: 186.879 Thread 0x0000000017eb0800 flushing nmethod 0x0000000005834b90
Event: 186.881 Thread 0x0000000017eb0800 flushing nmethod 0x0000000005b0f9d0
Event: 186.882 Thread 0x0000000017eb0800 flushing nmethod 0x0000000005cb0210
Event: 186.882 Thread 0x0000000017eb0800 flushing nmethod 0x0000000005cb1150
Event: 186.882 Thread 0x0000000017eb0800 flushing nmethod 0x0000000005cb7190
Event: 186.894 Thread 0x0000000017eb0800 flushing nmethod 0x0000000005fb03d0
Event: 186.895 Thread 0x0000000017eb0800 flushing nmethod 0x00000000060ff250
Event: 186.906 Executing VM operation: RevokeBias
Event: 186.906 Executing VM operation: RevokeBias done


Dynamic libraries:
0x00007ff6f5af0000 - 0x00007ff6f5b21000 	C:\Program Files\Android\Android Studio\jre\bin\java.exe
0x00007ffce9f20000 - 0x00007ffcea100000 	C:\WINDOWS\SYSTEM32\ntdll.dll
0x00007ffce9ca0000 - 0x00007ffce9d4e000 	C:\WINDOWS\System32\KERNEL32.DLL
0x00007ffce6eb0000 - 0x00007ffce7116000 	C:\WINDOWS\System32\KERNELBASE.dll
0x00007ffce9ab0000 - 0x00007ffce9b51000 	C:\WINDOWS\System32\ADVAPI32.dll
0x00007ffce9a10000 - 0x00007ffce9aad000 	C:\WINDOWS\System32\msvcrt.dll
0x00007ffce7710000 - 0x00007ffce776b000 	C:\WINDOWS\System32\sechost.dll
0x00007ffce9430000 - 0x00007ffce954f000 	C:\WINDOWS\System32\RPCRT4.dll
0x00007ffce9550000 - 0x00007ffce96df000 	C:\WINDOWS\System32\USER32.dll
0x00007ffce6e90000 - 0x00007ffce6eb0000 	C:\WINDOWS\System32\win32u.dll
0x00007ffce9830000 - 0x00007ffce9858000 	C:\WINDOWS\System32\GDI32.dll
0x00007ffce6370000 - 0x00007ffce6503000 	C:\WINDOWS\System32\gdi32full.dll
0x00007ffce7180000 - 0x00007ffce721b000 	C:\WINDOWS\System32\msvcp_win.dll
0x00007ffce6640000 - 0x00007ffce6736000 	C:\WINDOWS\System32\ucrtbase.dll
0x00007ffce0700000 - 0x00007ffce0969000 	C:\WINDOWS\WinSxS\amd64_microsoft.windows.common-controls_6595b64144ccf1df_6.0.16299.431_none_15c7d3ee93659e73\COMCTL32.dll
0x00007ffce7780000 - 0x00007ffce7a88000 	C:\WINDOWS\System32\combase.dll
0x00007ffce65c0000 - 0x00007ffce6632000 	C:\WINDOWS\System32\bcryptPrimitives.dll
0x00007ffce9c70000 - 0x00007ffce9c9d000 	C:\WINDOWS\System32\IMM32.DLL
0x000000006fa70000 - 0x000000006fb42000 	C:\Program Files\Android\Android Studio\jre\jre\bin\msvcr100.dll
0x000000006e160000 - 0x000000006e99e000 	C:\Program Files\Android\Android Studio\jre\jre\bin\server\jvm.dll
0x00007ffce7770000 - 0x00007ffce7778000 	C:\WINDOWS\System32\PSAPI.DLL
0x00007ffcdfbc0000 - 0x00007ffcdfbc9000 	C:\WINDOWS\SYSTEM32\WSOCK32.dll
0x00007ffce4520000 - 0x00007ffce4543000 	C:\WINDOWS\SYSTEM32\WINMM.dll
0x00007ffce16c0000 - 0x00007ffce16ca000 	C:\WINDOWS\SYSTEM32\VERSION.dll
0x00007ffce9860000 - 0x00007ffce98cc000 	C:\WINDOWS\System32\WS2_32.dll
0x00007ffce44c0000 - 0x00007ffce44ea000 	C:\WINDOWS\SYSTEM32\winmmbase.dll
0x00007ffce6320000 - 0x00007ffce636a000 	C:\WINDOWS\System32\cfgmgr32.dll
0x00007ffce42f0000 - 0x00007ffce42ff000 	C:\Program Files\Android\Android Studio\jre\jre\bin\verify.dll
0x00007ffcda9a0000 - 0x00007ffcda9c9000 	C:\Program Files\Android\Android Studio\jre\jre\bin\java.dll
0x00007ffcdaa00000 - 0x00007ffcdaa16000 	C:\Program Files\Android\Android Studio\jre\jre\bin\zip.dll
0x00007ffce7a90000 - 0x00007ffce8ec8000 	C:\WINDOWS\System32\SHELL32.dll
0x00007ffce8f30000 - 0x00007ffce8fd6000 	C:\WINDOWS\System32\shcore.dll
0x00007ffce6740000 - 0x00007ffce6e87000 	C:\WINDOWS\System32\windows.storage.dll
0x00007ffce99a0000 - 0x00007ffce99f1000 	C:\WINDOWS\System32\shlwapi.dll
0x00007ffce62e0000 - 0x00007ffce62f1000 	C:\WINDOWS\System32\kernel.appcore.dll
0x00007ffce6290000 - 0x00007ffce62dc000 	C:\WINDOWS\System32\powrprof.dll
0x00007ffce6270000 - 0x00007ffce628b000 	C:\WINDOWS\System32\profapi.dll
0x00007ffccf100000 - 0x00007ffccf11a000 	C:\Program Files\Android\Android Studio\jre\jre\bin\net.dll
0x00007ffce5b00000 - 0x00007ffce5b66000 	C:\WINDOWS\system32\mswsock.dll
0x00007ffccf0b0000 - 0x00007ffccf0c1000 	C:\Program Files\Android\Android Studio\jre\jre\bin\nio.dll
0x00007ffccd040000 - 0x00007ffccd05e000 	C:\Users\remys_000\.gradle\native\25\windows-amd64\native-platform.dll
0x00007ffcdd150000 - 0x00007ffcdd15d000 	C:\Program Files\Android\Android Studio\jre\jre\bin\management.dll
0x00007ffce5cc0000 - 0x00007ffce5cd7000 	C:\WINDOWS\SYSTEM32\CRYPTSP.dll
0x00007ffce5700000 - 0x00007ffce5733000 	C:\WINDOWS\system32\rsaenh.dll
0x00007ffce5dd0000 - 0x00007ffce5df5000 	C:\WINDOWS\SYSTEM32\bcrypt.dll
0x00007ffce61a0000 - 0x00007ffce61c9000 	C:\WINDOWS\SYSTEM32\USERENV.dll
0x00007ffce5ce0000 - 0x00007ffce5ceb000 	C:\WINDOWS\SYSTEM32\CRYPTBASE.dll
0x00007ffce5890000 - 0x00007ffce58c9000 	C:\WINDOWS\SYSTEM32\IPHLPAPI.DLL
0x00007ffce98d0000 - 0x00007ffce98d8000 	C:\WINDOWS\System32\NSI.dll
0x00007ffce1600000 - 0x00007ffce1616000 	C:\WINDOWS\SYSTEM32\dhcpcsvc6.DLL
0x00007ffce15e0000 - 0x00007ffce15fa000 	C:\WINDOWS\SYSTEM32\dhcpcsvc.DLL

VM Arguments:
jvm_args: -Xmx1536m -Dfile.encoding=windows-1252 -Duser.country=FR -Duser.language=fr -Duser.variant 
java_command: org.gradle.launcher.daemon.bootstrap.GradleDaemon 4.1
java_class_path (initial): C:\Users\remys_000\.gradle\wrapper\dists\gradle-4.1-all\bzyivzo6n839fup2jbap0tjew\gradle-4.1\lib\gradle-launcher-4.1.jar
Launcher Type: SUN_STANDARD

Environment Variables:
PATH=C:\Program Files (x86)\NVIDIA Corporation\PhysX\Common;C:\ProgramData\Oracle\Java\javapath;c:\Program Files (x86)\Intel\iCLS Client\;c:\Program Files\Intel\iCLS Client\;C:\WINDOWS\system32;C:\WINDOWS;C:\WINDOWS\System32\Wbem;C:\WINDOWS\System32\WindowsPowerShell\v1.0\;C:\Program Files\Intel\Intel(R) Management Engine Components\DAL;C:\Program Files\Intel\Intel(R) Management Engine Components\IPT;C:\Program Files (x86)\Intel\Intel(R) Management Engine Components\DAL;C:\Program Files (x86)\Intel\Intel(R) Management Engine Components\IPT;C:\Program Files (x86)\Windows Live\Shared;C:\Program Files\Calibre2\;C:\Program Files (x86)\AMD\ATI.ACE\Core-Static;C:\Program Files (x86)\ATI Technologies\ATI.ACE\Core-Static;C:\Program Files (x86)\Skype\Phone\;C:\Program Files\MySQL\MySQL Utilities 1.6\;C:\Program Files (x86)\ffmpeg-20151205-git-a16243a-win64-static\bin;C:\ProgramData\Oracle\Java\javapath;c:\Program Files (x86)\Intel\iCLS Client\;c:\Program Files\Intel\iCLS Client\;C:\Program Files (x86)\NVIDIA Corporation\PhysX\Common;C:\WINDOWS\system32;C:\WINDOWS;C:\WINDOWS\System32\Wbem;C:\WINDOWS\System32\WindowsPowerShell\v1.0\;C:\Program Files\Intel\Intel(R) Management Engine Components\DAL;C:\Program Files\Intel\Intel(R) Management Engine Components\IPT;C:\Program Files (x86)\Intel\Intel(R) Management Engine Components\DAL;C:\Program Files (x86)\Intel\Intel(R) Management Engine Components\IPT;C:\Program Files (x86)\Windows Live\Shared;C:\Program Files\Calibre2\;";C:\Users\remys_000\AppData\Local\Microsoft\WindowsApps";C:\Program Files\MySQL\MySQL Server 5.7\bin;
USERNAME=remys_000
OS=Windows_NT
PROCESSOR_IDENTIFIER=Intel64 Family 6 Model 58 Stepping 9, GenuineIntel



---------------  S Y S T E M  ---------------

OS: Windows 10.0 , 64 bit Build 16299 (10.0.16299.431)

CPU:total 4 (initial active 4) (4 cores per cpu, 1 threads per core) family 6 model 58 stepping 9, cmov, cx8, fxsr, mmx, sse, sse2, sse3, ssse3, sse4.1, sse4.2, popcnt, avx, aes, clmul, erms, tsc, tscinvbit, tscinv

Memory: 4k page, physical 8342824k(1292688k free), swap 12537128k(6644k free)

vm_info: OpenJDK 64-Bit Server VM (25.152-b01) for windows-amd64 JRE (1.8.0_152-release-915-b01), built by "builder" with MS VC++ 10.0 (VS2010)

time: Sun May 27 16:22:05 2018
elapsed time: 187 seconds (0d 0h 3m 7s)

