#
# There is insufficient memory for the Java Runtime Environment to continue.
# Native memory allocation (malloc) failed to allocate 1011056 bytes for Chunk::new
# Possible reasons:
#   The system is out of physical RAM or swap space
#   The process is running with CompressedOops enabled, and the Java Heap may be blocking the growth of the native heap
# Possible solutions:
#   Reduce memory load on the system
#   Increase physical memory or swap space
#   Check if swap backing store is full
#   Decrease Java heap size (-Xmx/-Xms)
#   Decrease number of Java threads
#   Decrease Java thread stack sizes (-Xss)
#   Set larger code cache with -XX:ReservedCodeCacheSize=
#   JVM is running with Unscaled Compressed Oops mode in which the Java heap is
#     placed in the first 4GB address space. The Java Heap base address is the
#     maximum limit for the native heap growth. Please use -XX:HeapBaseMinAddress
#     to set the Java Heap base and to place the Java Heap above 4GB virtual address.
# This output file may be truncated or incomplete.
#
#  Out of Memory Error (allocation.cpp:389), pid=18248, tid=0x0000000000002a24
#
# JRE version: OpenJDK Runtime Environment (8.0_202-b03) (build 1.8.0_202-release-1483-b03)
# Java VM: OpenJDK 64-Bit Server VM (25.202-b03 mixed mode windows-amd64 compressed oops)
# Failed to write core dump. Minidumps are not enabled by default on client versions of Windows
#

---------------  T H R E A D  ---------------

Current thread (0x000000001662c800):  JavaThread "C2 CompilerThread0" daemon [_thread_in_native, id=10788, stack(0x0000000017cc0000,0x0000000017dc0000)]

Stack: [0x0000000017cc0000,0x0000000017dc0000]
[error occurred during error reporting (printing stack bounds), id 0xc0000005]

Native frames: (J=compiled Java code, j=interpreted, Vv=VM code, C=native code)


Current CompileTask:
C2: 227843 9556   !   4       sun.security.ssl.SSLSocketImpl::readRecord (840 bytes)


---------------  P R O C E S S  ---------------

Java Threads: ( => current thread )
  0x000000001caba800 JavaThread "Cache worker for Build Output Cleanup Cache (C:\Users\remys_000\AndroidStudioProjects\IMCv4\.gradle\buildOutputCleanup)" [_thread_blocked, id=10436, stack(0x0000000024da0000,0x0000000024ea0000)]
  0x0000000018910800 JavaThread "Build operations Thread 4" [_thread_blocked, id=1112, stack(0x00000000247c0000,0x00000000248c0000)]
  0x000000001d0f5800 JavaThread "Build operations Thread 3" [_thread_blocked, id=16392, stack(0x00000000246c0000,0x00000000247c0000)]
  0x000000001d0ee800 JavaThread "Build operations Thread 2" [_thread_blocked, id=2092, stack(0x00000000243b0000,0x00000000244b0000)]
  0x000000001d0f4000 JavaThread "Build operations" [_thread_blocked, id=16716, stack(0x0000000022520000,0x0000000022620000)]
  0x000000001d0f3000 JavaThread "Cache worker for cache directory md-rule (C:\Users\remys_000\.gradle\caches\5.4.1\md-rule)" [_thread_blocked, id=2736, stack(0x0000000021d60000,0x0000000021e60000)]
  0x000000001d0f1000 JavaThread "Cache worker for cache directory md-supplier (C:\Users\remys_000\.gradle\caches\5.4.1\md-supplier)" [_thread_blocked, id=18136, stack(0x0000000021c60000,0x0000000021d60000)]
  0x000000001d0f0000 JavaThread "Cache worker for file hash cache (C:\Users\remys_000\AndroidStudioProjects\IMCv4\.gradle\5.4.1\fileHashes)" [_thread_blocked, id=15620, stack(0x0000000020440000,0x0000000020540000)]
  0x000000001d0ef800 JavaThread "Thread-32" [_thread_blocked, id=14884, stack(0x000000001f110000,0x000000001f210000)]
  0x000000001d0e7000 JavaThread "Stdin handler" [_thread_blocked, id=12744, stack(0x000000001ebb0000,0x000000001ecb0000)]
  0x000000001d0ee000 JavaThread "Asynchronous log dispatcher for DefaultDaemonConnection: socket connection from /127.0.0.1:59595 to /127.0.0.1:59964" [_thread_blocked, id=8696, stack(0x000000001bf10000,0x000000001c010000)]
  0x000000001d0ed000 JavaThread "Daemon worker Thread 2" [_thread_in_native, id=16704, stack(0x000000001bc10000,0x000000001bd10000)]
  0x000000001d0ec800 JavaThread "Cancel handler" [_thread_blocked, id=17900, stack(0x000000001b710000,0x000000001b810000)]
  0x000000001d0eb800 JavaThread "Handler for socket connection from /127.0.0.1:59595 to /127.0.0.1:59964" [_thread_in_native, id=6996, stack(0x0000000001150000,0x0000000001250000)]
  0x000000001d0ea000 JavaThread "Daemon Thread 2" [_thread_blocked, id=10732, stack(0x0000000001050000,0x0000000001150000)]
  0x000000001d0f4800 JavaThread "Memory manager" [_thread_blocked, id=17612, stack(0x0000000023df0000,0x0000000023ef0000)]
  0x000000001d0eb000 JavaThread "Cache worker for execution history cache (C:\Users\remys_000\.gradle\caches\5.4.1\executionHistory)" [_thread_blocked, id=8936, stack(0x0000000020740000,0x0000000020840000)]
  0x000000001890f000 JavaThread "Cache worker for journal cache (C:\Users\remys_000\.gradle\caches\journal-1)" [_thread_blocked, id=2148, stack(0x000000001c210000,0x000000001c310000)]
  0x000000001890e000 JavaThread "File lock request listener" [_thread_in_native, id=1048, stack(0x000000001c110000,0x000000001c210000)]
  0x0000000018911000 JavaThread "Cache worker for file hash cache (C:\Users\remys_000\.gradle\caches\5.4.1\fileHashes)" [_thread_blocked, id=7648, stack(0x000000001c010000,0x000000001c110000)]
  0x0000000018739000 JavaThread "Daemon periodic checks" [_thread_blocked, id=2728, stack(0x000000001b610000,0x000000001b710000)]
  0x0000000018709800 JavaThread "Incoming local TCP Connector on port 59595" [_thread_in_native, id=5884, stack(0x000000001b3a0000,0x000000001b4a0000)]
  0x000000001928d000 JavaThread "Daemon health stats" [_thread_blocked, id=12460, stack(0x000000001ad60000,0x000000001ae60000)]
  0x0000000017ed0000 JavaThread "Service Thread" daemon [_thread_blocked, id=7472, stack(0x00000000183c0000,0x00000000184c0000)]
  0x000000001668e800 JavaThread "C1 CompilerThread2" daemon [_thread_blocked, id=6016, stack(0x00000000182c0000,0x00000000183c0000)]
  0x0000000016631800 JavaThread "C2 CompilerThread1" daemon [_thread_blocked, id=17696, stack(0x0000000017dc0000,0x0000000017ec0000)]
=>0x000000001662c800 JavaThread "C2 CompilerThread0" daemon [_thread_in_native, id=10788, stack(0x0000000017cc0000,0x0000000017dc0000)]
  0x000000001662b000 JavaThread "Attach Listener" daemon [_thread_blocked, id=16404, stack(0x0000000017bc0000,0x0000000017cc0000)]
  0x000000001662a000 JavaThread "Signal Dispatcher" daemon [_thread_blocked, id=11860, stack(0x0000000017ac0000,0x0000000017bc0000)]
  0x0000000002c46000 JavaThread "Finalizer" daemon [_thread_blocked, id=2444, stack(0x0000000017890000,0x0000000017990000)]
  0x0000000016619000 JavaThread "Reference Handler" daemon [_thread_blocked, id=13200, stack(0x0000000017790000,0x0000000017890000)]
  0x0000000002b52800 JavaThread "main" [_thread_blocked, id=12792, stack(0x0000000001250000,0x0000000001350000)]

Other Threads:
  0x00000000165f6800 VMThread [stack: 0x0000000017690000,0x0000000017790000] [id=16196]
  0x0000000017ec4800 WatcherThread [stack: 0x00000000184c0000,0x00000000185c0000] [id=13740]

VM state:not at safepoint (normal execution)

VM Mutex/Monitor currently owned by a thread: None

heap address: 0x00000000a0000000, size: 1536 MB, Compressed Oops mode: 32-bit
Narrow klass base: 0x0000000000000000, Narrow klass shift: 3
Compressed class space size: 1073741824 Address: 0x0000000100000000

Heap:
 PSYoungGen      total 225792K, used 52736K [0x00000000e0000000, 0x00000000f1900000, 0x0000000100000000)
  eden space 205312K, 15% used [0x00000000e0000000,0x00000000e1f87458,0x00000000ec880000)
  from space 20480K, 99% used [0x00000000ec880000,0x00000000edc78bb8,0x00000000edc80000)
  to   space 24064K, 0% used [0x00000000f0180000,0x00000000f0180000,0x00000000f1900000)
 ParOldGen       total 123392K, used 38916K [0x00000000a0000000, 0x00000000a7880000, 0x00000000e0000000)
  object space 123392K, 31% used [0x00000000a0000000,0x00000000a26011e8,0x00000000a7880000)
 Metaspace       used 74235K, capacity 76860K, committed 77144K, reserved 1116160K
  class space    used 9683K, capacity 10245K, committed 10368K, reserved 1048576K

Card table byte_map: [0x0000000012080000,0x0000000012390000] byte_map_base: 0x0000000011b80000

Marking Bits: (ParMarkBitMap*) 0x000000005a3b9f30
 Begin Bits: [0x0000000012990000, 0x0000000014190000)
 End Bits:   [0x0000000014190000, 0x0000000015990000)

Polling page: 0x0000000000bf0000

CodeCache: size=245760Kb used=27916Kb max_used=27942Kb free=217843Kb
 bounds [0x0000000002cc0000, 0x0000000004830000, 0x0000000011cc0000]
 total_blobs=9181 nmethods=8326 adapters=768
 compilation: enabled

Compilation events (10 events):
Event: 227.540 Thread 0x000000001662c800 9551       4       com.sun.crypto.provider.CipherCore::init (552 bytes)
Event: 227.576 Thread 0x000000001662c800 nmethod 9551 0x0000000004816e90 code [0x00000000048170e0, 0x00000000048190a8]
Event: 227.697 Thread 0x0000000016631800 9552       4       sun.security.ssl.InputRecord::readV3Record (331 bytes)
Event: 227.705 Thread 0x0000000016631800 nmethod 9552 0x00000000047f3950 code [0x00000000047f3ac0, 0x00000000047f3ee8]
Event: 227.708 Thread 0x000000001662c800 9553       4       sun.security.ssl.InputRecord::read (127 bytes)
Event: 227.714 Thread 0x000000001662c800 nmethod 9553 0x00000000047f6410 code [0x00000000047f65a0, 0x00000000047f68f0]
Event: 227.723 Thread 0x0000000016631800 9554   !   4       sun.security.ssl.InputRecord::decrypt (303 bytes)
Event: 227.724 Thread 0x000000001662c800 9555   !   4       sun.security.ssl.CipherBox::applyExplicitNonce (325 bytes)
Event: 227.755 Thread 0x000000001662c800 nmethod 9555 0x000000000481b2d0 code [0x000000000481b520, 0x000000000481cd00]
Event: 227.755 Thread 0x000000001662c800 9556   !   4       sun.security.ssl.SSLSocketImpl::readRecord (840 bytes)

GC Heap History (10 events):
Event: 10.097 GC heap before
{Heap before GC invocations=12 (full 2):
 PSYoungGen      total 128000K, used 117248K [0x00000000e0000000, 0x00000000ec300000, 0x0000000100000000)
  eden space 117248K, 100% used [0x00000000e0000000,0x00000000e7280000,0x00000000e7280000)
  from space 10752K, 0% used [0x00000000e7280000,0x00000000e7280000,0x00000000e7d00000)
  to   space 11776K, 0% used [0x00000000eb780000,0x00000000eb780000,0x00000000ec300000)
 ParOldGen       total 78336K, used 16730K [0x00000000a0000000, 0x00000000a4c80000, 0x00000000e0000000)
  object space 78336K, 21% used [0x00000000a0000000,0x00000000a1056ac0,0x00000000a4c80000)
 Metaspace       used 45277K, capacity 46232K, committed 46552K, reserved 1089536K
  class space    used 6080K, capacity 6329K, committed 6400K, reserved 1048576K
Event: 10.112 GC heap after
Heap after GC invocations=12 (full 2):
 PSYoungGen      total 168448K, used 11747K [0x00000000e0000000, 0x00000000ec300000, 0x0000000100000000)
  eden space 156672K, 0% used [0x00000000e0000000,0x00000000e0000000,0x00000000e9900000)
  from space 11776K, 99% used [0x00000000eb780000,0x00000000ec2f8ef8,0x00000000ec300000)
  to   space 14336K, 0% used [0x00000000ea700000,0x00000000ea700000,0x00000000eb500000)
 ParOldGen       total 78336K, used 20248K [0x00000000a0000000, 0x00000000a4c80000, 0x00000000e0000000)
  object space 78336K, 25% used [0x00000000a0000000,0x00000000a13c6368,0x00000000a4c80000)
 Metaspace       used 45277K, capacity 46232K, committed 46552K, reserved 1089536K
  class space    used 6080K, capacity 6329K, committed 6400K, reserved 1048576K
}
Event: 12.127 GC heap before
{Heap before GC invocations=13 (full 2):
 PSYoungGen      total 168448K, used 151498K [0x00000000e0000000, 0x00000000ec300000, 0x0000000100000000)
  eden space 156672K, 89% used [0x00000000e0000000,0x00000000e8879b30,0x00000000e9900000)
  from space 11776K, 99% used [0x00000000eb780000,0x00000000ec2f8ef8,0x00000000ec300000)
  to   space 14336K, 0% used [0x00000000ea700000,0x00000000ea700000,0x00000000eb500000)
 ParOldGen       total 78336K, used 20248K [0x00000000a0000000, 0x00000000a4c80000, 0x00000000e0000000)
  object space 78336K, 25% used [0x00000000a0000000,0x00000000a13c6368,0x00000000a4c80000)
 Metaspace       used 57295K, capacity 58794K, committed 58968K, reserved 1099776K
  class space    used 7807K, capacity 8194K, committed 8320K, reserved 1048576K
Event: 12.152 GC heap after
Heap after GC invocations=13 (full 2):
 PSYoungGen      total 185344K, used 14324K [0x00000000e0000000, 0x00000000eef00000, 0x0000000100000000)
  eden space 171008K, 0% used [0x00000000e0000000,0x00000000e0000000,0x00000000ea700000)
  from space 14336K, 99% used [0x00000000ea700000,0x00000000eb4fd0f0,0x00000000eb500000)
  to   space 18944K, 0% used [0x00000000edc80000,0x00000000edc80000,0x00000000eef00000)
 ParOldGen       total 78336K, used 29305K [0x00000000a0000000, 0x00000000a4c80000, 0x00000000e0000000)
  object space 78336K, 37% used [0x00000000a0000000,0x00000000a1c9e5c8,0x00000000a4c80000)
 Metaspace       used 57295K, capacity 58794K, committed 58968K, reserved 1099776K
  class space    used 7807K, capacity 8194K, committed 8320K, reserved 1048576K
}
Event: 12.152 GC heap before
{Heap before GC invocations=14 (full 3):
 PSYoungGen      total 185344K, used 14324K [0x00000000e0000000, 0x00000000eef00000, 0x0000000100000000)
  eden space 171008K, 0% used [0x00000000e0000000,0x00000000e0000000,0x00000000ea700000)
  from space 14336K, 99% used [0x00000000ea700000,0x00000000eb4fd0f0,0x00000000eb500000)
  to   space 18944K, 0% used [0x00000000edc80000,0x00000000edc80000,0x00000000eef00000)
 ParOldGen       total 78336K, used 29305K [0x00000000a0000000, 0x00000000a4c80000, 0x00000000e0000000)
  object space 78336K, 37% used [0x00000000a0000000,0x00000000a1c9e5c8,0x00000000a4c80000)
 Metaspace       used 57295K, capacity 58794K, committed 58968K, reserved 1099776K
  class space    used 7807K, capacity 8194K, committed 8320K, reserved 1048576K
Event: 12.342 GC heap after
Heap after GC invocations=14 (full 3):
 PSYoungGen      total 185344K, used 0K [0x00000000e0000000, 0x00000000eef00000, 0x0000000100000000)
  eden space 171008K, 0% used [0x00000000e0000000,0x00000000e0000000,0x00000000ea700000)
  from space 14336K, 0% used [0x00000000ea700000,0x00000000ea700000,0x00000000eb500000)
  to   space 18944K, 0% used [0x00000000edc80000,0x00000000edc80000,0x00000000eef00000)
 ParOldGen       total 123392K, used 37077K [0x00000000a0000000, 0x00000000a7880000, 0x00000000e0000000)
  object space 123392K, 30% used [0x00000000a0000000,0x00000000a24357c0,0x00000000a7880000)
 Metaspace       used 57295K, capacity 58794K, committed 58968K, reserved 1099776K
  class space    used 7807K, capacity 8194K, committed 8320K, reserved 1048576K
}
Event: 193.806 GC heap before
{Heap before GC invocations=15 (full 3):
 PSYoungGen      total 185344K, used 171008K [0x00000000e0000000, 0x00000000eef00000, 0x0000000100000000)
  eden space 171008K, 100% used [0x00000000e0000000,0x00000000ea700000,0x00000000ea700000)
  from space 14336K, 0% used [0x00000000ea700000,0x00000000ea700000,0x00000000eb500000)
  to   space 18944K, 0% used [0x00000000edc80000,0x00000000edc80000,0x00000000eef00000)
 ParOldGen       total 123392K, used 37077K [0x00000000a0000000, 0x00000000a7880000, 0x00000000e0000000)
  object space 123392K, 30% used [0x00000000a0000000,0x00000000a24357c0,0x00000000a7880000)
 Metaspace       used 67519K, capacity 69896K, committed 70232K, reserved 1110016K
  class space    used 8941K, capacity 9481K, committed 9600K, reserved 1048576K
Event: 193.830 GC heap after
Heap after GC invocations=15 (full 3):
 PSYoungGen      total 224256K, used 15461K [0x00000000e0000000, 0x00000000ef080000, 0x0000000100000000)
  eden space 205312K, 0% used [0x00000000e0000000,0x00000000e0000000,0x00000000ec880000)
  from space 18944K, 81% used [0x00000000edc80000,0x00000000eeb99428,0x00000000eef00000)
  to   space 20480K, 0% used [0x00000000ec880000,0x00000000ec880000,0x00000000edc80000)
 ParOldGen       total 123392K, used 37085K [0x00000000a0000000, 0x00000000a7880000, 0x00000000e0000000)
  object space 123392K, 30% used [0x00000000a0000000,0x00000000a24377c0,0x00000000a7880000)
 Metaspace       used 67519K, capacity 69896K, committed 70232K, reserved 1110016K
  class space    used 8941K, capacity 9481K, committed 9600K, reserved 1048576K
}
Event: 219.024 GC heap before
{Heap before GC invocations=16 (full 3):
 PSYoungGen      total 224256K, used 220773K [0x00000000e0000000, 0x00000000ef080000, 0x0000000100000000)
  eden space 205312K, 100% used [0x00000000e0000000,0x00000000ec880000,0x00000000ec880000)
  from space 18944K, 81% used [0x00000000edc80000,0x00000000eeb99428,0x00000000eef00000)
  to   space 20480K, 0% used [0x00000000ec880000,0x00000000ec880000,0x00000000edc80000)
 ParOldGen       total 123392K, used 37085K [0x00000000a0000000, 0x00000000a7880000, 0x00000000e0000000)
  object space 123392K, 30% used [0x00000000a0000000,0x00000000a24377c0,0x00000000a7880000)
 Metaspace       used 74212K, capacity 76732K, committed 76888K, reserved 1116160K
  class space    used 9683K, capacity 10245K, committed 10368K, reserved 1048576K
Event: 219.058 GC heap after
Heap after GC invocations=16 (full 3):
 PSYoungGen      total 225792K, used 20450K [0x00000000e0000000, 0x00000000f1900000, 0x0000000100000000)
  eden space 205312K, 0% used [0x00000000e0000000,0x00000000e0000000,0x00000000ec880000)
  from space 20480K, 99% used [0x00000000ec880000,0x00000000edc78bb8,0x00000000edc80000)
  to   space 24064K, 0% used [0x00000000f0180000,0x00000000f0180000,0x00000000f1900000)
 ParOldGen       total 123392K, used 38916K [0x00000000a0000000, 0x00000000a7880000, 0x00000000e0000000)
  object space 123392K, 31% used [0x00000000a0000000,0x00000000a26011e8,0x00000000a7880000)
 Metaspace       used 74212K, capacity 76732K, committed 76888K, reserved 1116160K
  class space    used 9683K, capacity 10245K, committed 10368K, reserved 1048576K
}

Deoptimization events (10 events):
Event: 205.213 Thread 0x000000001d0ed000 Uncommon trap: reason=unstable_if action=reinterpret pc=0x0000000004446db4 method=com.sun.crypto.provider.GaloisCounterMode.increment32([B)V @ 39
Event: 210.321 Thread 0x000000001d0eb000 Uncommon trap: reason=unstable_if action=reinterpret pc=0x00000000036814d8 method=com.esotericsoftware.kryo.io.Output.writeString(Ljava/lang/CharSequence;)V @ 50
Event: 210.323 Thread 0x000000001d0eb000 Uncommon trap: reason=unstable_if action=reinterpret pc=0x00000000042f84c8 method=java.io.BufferedOutputStream.write([BII)V @ 6
Event: 210.323 Thread 0x000000001d0eb000 Uncommon trap: reason=unstable_if action=reinterpret pc=0x00000000042fa250 method=java.io.BufferedOutputStream.write([BII)V @ 6
Event: 211.941 Thread 0x000000001d0eb000 Uncommon trap: reason=unstable_if action=reinterpret pc=0x0000000003f66098 method=com.esotericsoftware.kryo.io.Output.writeBytes([BII)V @ 61
Event: 213.422 Thread 0x000000001d0eb000 Uncommon trap: reason=unstable_if action=reinterpret pc=0x0000000003f67a38 method=com.esotericsoftware.kryo.io.Output.writeBytes([BII)V @ 61
Event: 213.869 Thread 0x000000001d0ee800 Uncommon trap: reason=unstable_if action=reinterpret pc=0x000000000462ae54 method=java.util.concurrent.ConcurrentLinkedQueue.poll()Ljava/lang/Object; @ 25
Event: 213.931 Thread 0x000000001d0ed000 Uncommon trap: reason=unstable_if action=reinterpret pc=0x000000000462c0b8 method=com.google.common.cache.LocalCache$Segment.expireEntries(J)V @ 84
Event: 213.989 Thread 0x000000001d0ed000 Uncommon trap: reason=unstable_if action=reinterpret pc=0x00000000043ea964 method=com.esotericsoftware.kryo.io.Output.writeByte(B)V @ 8
Event: 215.011 Thread 0x000000001d0ed000 Uncommon trap: reason=unstable_if action=reinterpret pc=0x000000000454f8fc method=java.security.MessageDigest.isEqual([B[B)Z @ 12

Classes redefined (0 events):
No events

Internal exceptions (10 events):
Event: 194.094 Thread 0x000000001d0ed000 Exception <a 'java/lang/ClassNotFoundException': org/gradle/api/internal/project/DefaultAntBuilderCustomizer> (0x00000000e10c31f0) thrown at [D:\src\AOSP-openjdk-cygwin\jdk8u\hotspot\src\share\vm\classfile\systemDictionary.cpp, line 210]
Event: 194.132 Thread 0x000000001d0ed000 Implicit null exception at 0x00000000032ea0e2 to 0x00000000032ea619
Event: 194.140 Thread 0x000000001d0ed000 Implicit null exception at 0x0000000002f07a16 to 0x0000000002f07da1
Event: 194.264 Thread 0x000000001d0ed000 Implicit null exception at 0x0000000003586304 to 0x0000000003588465
Event: 195.223 Thread 0x000000001d0ed000 Implicit null exception at 0x0000000003af8618 to 0x0000000003af874d
Event: 195.675 Thread 0x000000001d0ed000 Implicit null exception at 0x0000000003c4ce5a to 0x0000000003c4cefd
Event: 201.690 Thread 0x000000001d0f4000 Exception <a 'java/net/SocketTimeoutException': Read timed out> (0x00000000e6c072c8) thrown at [D:\src\AOSP-openjdk-cygwin\jdk8u\hotspot\src\share\vm\prims\jni.cpp, line 736]
Event: 201.693 Thread 0x000000001d0f5800 Exception <a 'java/net/SocketTimeoutException': Read timed out> (0x00000000e68edda8) thrown at [D:\src\AOSP-openjdk-cygwin\jdk8u\hotspot\src\share\vm\prims\jni.cpp, line 736]
Event: 201.693 Thread 0x000000001d0ee800 Exception <a 'java/net/SocketTimeoutException': Read timed out> (0x00000000e6bbf190) thrown at [D:\src\AOSP-openjdk-cygwin\jdk8u\hotspot\src\share\vm\prims\jni.cpp, line 736]
Event: 215.011 Thread 0x000000001d0ed000 Implicit null exception at 0x000000000454f779 to 0x000000000454f8e9

Events (10 events):
Event: 220.017 Thread 0x000000001668e800 flushing nmethod 0x00000000036dffd0
Event: 220.017 Thread 0x000000001668e800 flushing nmethod 0x00000000036e0310
Event: 220.228 Thread 0x000000001668e800 flushing nmethod 0x00000000037f3410
Event: 220.229 Thread 0x000000001668e800 flushing nmethod 0x00000000038f4790
Event: 220.335 Thread 0x000000001668e800 flushing nmethod 0x0000000003a0b810
Event: 220.336 Thread 0x000000001668e800 flushing nmethod 0x0000000003cf8bd0
Event: 220.408 Thread 0x000000001668e800 flushing nmethod 0x0000000003d59910
Event: 220.496 Thread 0x000000001668e800 flushing nmethod 0x00000000041eb290
Event: 220.496 Thread 0x000000001668e800 flushing nmethod 0x00000000042f5950
Event: 220.496 Thread 0x000000001668e800 flushing nmethod 0x0000000004345390


Dynamic libraries:
0x00007ff76ad60000 - 0x00007ff76ad91000 	C:\Program Files\Android\Android Studio\jre\bin\java.exe
0x00007ff84c560000 - 0x00007ff84c750000 	C:\WINDOWS\SYSTEM32\ntdll.dll
0x00007ff84b9d0000 - 0x00007ff84ba82000 	C:\WINDOWS\System32\KERNEL32.DLL
0x00007ff84a110000 - 0x00007ff84a3b3000 	C:\WINDOWS\System32\KERNELBASE.dll
0x00007ff84b060000 - 0x00007ff84b103000 	C:\WINDOWS\System32\ADVAPI32.dll
0x00007ff84a8b0000 - 0x00007ff84a94e000 	C:\WINDOWS\System32\msvcrt.dll
0x00007ff84b510000 - 0x00007ff84b5a7000 	C:\WINDOWS\System32\sechost.dll
0x00007ff84c3a0000 - 0x00007ff84c4c0000 	C:\WINDOWS\System32\RPCRT4.dll
0x00007ff84b110000 - 0x00007ff84b2a4000 	C:\WINDOWS\System32\USER32.dll
0x00007ff849fe0000 - 0x00007ff84a001000 	C:\WINDOWS\System32\win32u.dll
0x00007ff84c310000 - 0x00007ff84c336000 	C:\WINDOWS\System32\GDI32.dll
0x00007ff849e10000 - 0x00007ff849fa4000 	C:\WINDOWS\System32\gdi32full.dll
0x00007ff84a3c0000 - 0x00007ff84a45e000 	C:\WINDOWS\System32\msvcp_win.dll
0x00007ff84a010000 - 0x00007ff84a10a000 	C:\WINDOWS\System32\ucrtbase.dll
0x00007ff844380000 - 0x00007ff844605000 	C:\WINDOWS\WinSxS\amd64_microsoft.windows.common-controls_6595b64144ccf1df_6.0.18362.535_none_e6c3b34713100821\COMCTL32.dll
0x00007ff84b630000 - 0x00007ff84b966000 	C:\WINDOWS\System32\combase.dll
0x00007ff849d70000 - 0x00007ff849df0000 	C:\WINDOWS\System32\bcryptPrimitives.dll
0x00007ff84ba90000 - 0x00007ff84babe000 	C:\WINDOWS\System32\IMM32.DLL
0x0000000059b10000 - 0x0000000059be2000 	C:\Program Files\Android\Android Studio\jre\jre\bin\msvcr100.dll
0x0000000059bf0000 - 0x000000005a436000 	C:\Program Files\Android\Android Studio\jre\jre\bin\server\jvm.dll
0x00007ff84b390000 - 0x00007ff84b398000 	C:\WINDOWS\System32\PSAPI.DLL
0x00007ff837500000 - 0x00007ff837509000 	C:\WINDOWS\SYSTEM32\WSOCK32.dll
0x00007ff84bc10000 - 0x00007ff84bc7f000 	C:\WINDOWS\System32\WS2_32.dll
0x00007ff846f20000 - 0x00007ff846f44000 	C:\WINDOWS\SYSTEM32\WINMM.dll
0x00007ff848150000 - 0x00007ff84815a000 	C:\WINDOWS\SYSTEM32\VERSION.dll
0x00007ff846ef0000 - 0x00007ff846f1d000 	C:\WINDOWS\SYSTEM32\WINMMBASE.dll
0x00007ff8494f0000 - 0x00007ff84953a000 	C:\WINDOWS\System32\cfgmgr32.dll
0x00007ff848300000 - 0x00007ff84830f000 	C:\Program Files\Android\Android Studio\jre\jre\bin\verify.dll
0x00007ff8482d0000 - 0x00007ff8482f9000 	C:\Program Files\Android\Android Studio\jre\jre\bin\java.dll
0x00007ff8482b0000 - 0x00007ff8482c6000 	C:\Program Files\Android\Android Studio\jre\jre\bin\zip.dll
0x00007ff84a970000 - 0x00007ff84b055000 	C:\WINDOWS\System32\SHELL32.dll
0x00007ff84b3b0000 - 0x00007ff84b459000 	C:\WINDOWS\System32\shcore.dll
0x00007ff8495f0000 - 0x00007ff849d6f000 	C:\WINDOWS\System32\windows.storage.dll
0x00007ff849460000 - 0x00007ff84947f000 	C:\WINDOWS\System32\profapi.dll
0x00007ff849480000 - 0x00007ff8494ca000 	C:\WINDOWS\System32\powrprof.dll
0x00007ff849430000 - 0x00007ff849440000 	C:\WINDOWS\System32\UMPDC.dll
0x00007ff84c4c0000 - 0x00007ff84c512000 	C:\WINDOWS\System32\shlwapi.dll
0x00007ff849440000 - 0x00007ff849451000 	C:\WINDOWS\System32\kernel.appcore.dll
0x00007ff849df0000 - 0x00007ff849e07000 	C:\WINDOWS\System32\cryptsp.dll
0x00007ff844620000 - 0x00007ff84463a000 	C:\Program Files\Android\Android Studio\jre\jre\bin\net.dll
0x00007ff848ca0000 - 0x00007ff848d07000 	C:\WINDOWS\system32\mswsock.dll
0x00007ff8439a0000 - 0x00007ff8439b1000 	C:\Program Files\Android\Android Studio\jre\jre\bin\nio.dll
0x00007ff8377a0000 - 0x00007ff8377c6000 	C:\Users\remys_000\.gradle\native\29\windows-amd64\native-platform.dll
0x00007ff8482a0000 - 0x00007ff8482ad000 	C:\Program Files\Android\Android Studio\jre\jre\bin\management.dll
0x00007ff848810000 - 0x00007ff848843000 	C:\WINDOWS\system32\rsaenh.dll
0x00007ff849fb0000 - 0x00007ff849fd6000 	C:\WINDOWS\System32\bcrypt.dll
0x00007ff849320000 - 0x00007ff849345000 	C:\WINDOWS\SYSTEM32\USERENV.dll
0x00007ff848e70000 - 0x00007ff848e7c000 	C:\WINDOWS\SYSTEM32\CRYPTBASE.dll
0x00007ff8489b0000 - 0x00007ff8489ea000 	C:\WINDOWS\SYSTEM32\IPHLPAPI.DLL
0x00007ff84b380000 - 0x00007ff84b388000 	C:\WINDOWS\System32\NSI.dll
0x00007ff8435e0000 - 0x00007ff8435f6000 	C:\WINDOWS\SYSTEM32\dhcpcsvc6.DLL
0x00007ff8433a0000 - 0x00007ff8433bc000 	C:\WINDOWS\SYSTEM32\dhcpcsvc.DLL
0x00007ff848a00000 - 0x00007ff848aca000 	C:\WINDOWS\SYSTEM32\DNSAPI.dll
0x00007ff837f20000 - 0x00007ff837f44000 	C:\Program Files\Android\Android Studio\jre\jre\bin\sunec.dll
0x00007ff841280000 - 0x00007ff84128a000 	C:\Windows\System32\rasadhlp.dll
0x00007ff842040000 - 0x00007ff8420b7000 	C:\WINDOWS\System32\fwpuclnt.dll
0x00007ff845b00000 - 0x00007ff845b0b000 	C:\Program Files\Android\Android Studio\jre\jre\bin\sunmscapi.dll
0x00007ff84a460000 - 0x00007ff84a5a9000 	C:\WINDOWS\System32\CRYPT32.dll
0x00007ff8494d0000 - 0x00007ff8494e2000 	C:\WINDOWS\System32\MSASN1.dll

VM Arguments:
jvm_args: -Xmx1536m -Dfile.encoding=windows-1252 -Duser.country=FR -Duser.language=fr -Duser.variant 
java_command: org.gradle.launcher.daemon.bootstrap.GradleDaemon 5.4.1
java_class_path (initial): C:\Users\remys_000\.gradle\wrapper\dists\gradle-5.4.1-all\3221gyojl5jsh0helicew7rwx\gradle-5.4.1\lib\gradle-launcher-5.4.1.jar
Launcher Type: SUN_STANDARD

Environment Variables:
PATH=C:\Program Files (x86)\Common Files\Oracle\Java\javapath;C:\Program Files (x86)\NVIDIA Corporation\PhysX\Common;C:\ProgramData\Oracle\Java\javapath;c:\Program Files (x86)\Intel\iCLS Client\;c:\Program Files\Intel\iCLS Client\;C:\WINDOWS\system32;C:\WINDOWS;C:\WINDOWS\System32\Wbem;C:\WINDOWS\System32\WindowsPowerShell\v1.0\;C:\Program Files\Intel\Intel(R) Management Engine Components\DAL;C:\Program Files\Intel\Intel(R) Management Engine Components\IPT;C:\Program Files (x86)\Intel\Intel(R) Management Engine Components\DAL;C:\Program Files (x86)\Intel\Intel(R) Management Engine Components\IPT;C:\Program Files (x86)\Windows Live\Shared;C:\Program Files\Calibre2\;C:\Program Files (x86)\AMD\ATI.ACE\Core-Static;C:\Program Files (x86)\ATI Technologies\ATI.ACE\Core-Static;C:\Program Files\MySQL\MySQL Utilities 1.6\;C:\WINDOWS\System32\OpenSSH\;C:\Program Files (x86)\ffmpeg-20151205-git-a16243a-win64-static\bin;C:\ProgramData\Oracle\Java\javapath;c:\Program Files (x86)\Intel\iCLS Client\;c:\Program Files\Intel\iCLS Client\;C:\Program Files (x86)\NVIDIA Corporation\PhysX\Common;C:\WINDOWS\system32;C:\WINDOWS;C:\WINDOWS\System32\Wbem;C:\WINDOWS\System32\WindowsPowerShell\v1.0\;C:\Program Files\Intel\Intel(R) Management Engine Components\DAL;C:\Program Files\Intel\Intel(R) Management Engine Components\IPT;C:\Program Files (x86)\Intel\Intel(R) Management Engine Components\DAL;C:\Program Files (x86)\Intel\Intel(R) Management Engine Components\IPT;C:\Program Files (x86)\Windows Live\Shared;C:\Program Files\Calibre2\;";C:\Users\remys_000\AppData\Local\Microsoft\WindowsApps";C:\Program Files\MySQL\MySQL Server 5.7\bin;C:\Users\remys_000\AppData\Local\Microsoft\WindowsApps;C:\wso2\apache-maven-3.6.0\bin;
USERNAME=remys_000
OS=Windows_NT
PROCESSOR_IDENTIFIER=Intel64 Family 6 Model 58 Stepping 9, GenuineIntel



---------------  S Y S T E M  ---------------

OS: Windows 10.0 , 64 bit Build 18362 (10.0.18362.329)

CPU:total 4 (initial active 4) (4 cores per cpu, 1 threads per core) family 6 model 58 stepping 9, cmov, cx8, fxsr, mmx, sse, sse2, sse3, ssse3, sse4.1, sse4.2, popcnt, avx, aes, clmul, erms, tsc, tscinvbit, tscinv

Memory: 4k page, physical 8342824k(1891360k free), swap 12537128k(4056k free)

vm_info: OpenJDK 64-Bit Server VM (25.202-b03) for windows-amd64 JRE (1.8.0_202-release-1483-b03), built by "builder" with MS VC++ 10.0 (VS2010)

time: Wed Jan 15 18:46:42 2020
timezone: Paris, Madrid
elapsed time: 227 seconds (0d 0h 3m 47s)

