#
# There is insufficient memory for the Java Runtime Environment to continue.
# Native memory allocation (malloc) failed to allocate 1146576 bytes for Chunk::new
# Possible reasons:
#   The system is out of physical RAM or swap space
#   The process is running with CompressedOops enabled, and the Java Heap may be blocking the growth of the native heap
# Possible solutions:
#   Reduce memory load on the system
#   Increase physical memory or swap space
#   Check if swap backing store is full
#   Decrease Java heap size (-Xmx/-Xms)
#   Decrease number of Java threads
#   Decrease Java thread stack sizes (-Xss)
#   Set larger code cache with -XX:ReservedCodeCacheSize=
#   JVM is running with Unscaled Compressed Oops mode in which the Java heap is
#     placed in the first 4GB address space. The Java Heap base address is the
#     maximum limit for the native heap growth. Please use -XX:HeapBaseMinAddress
#     to set the Java Heap base and to place the Java Heap above 4GB virtual address.
# This output file may be truncated or incomplete.
#
#  Out of Memory Error (allocation.cpp:389), pid=10600, tid=0x0000000000002b6c
#
# JRE version: OpenJDK Runtime Environment (8.0_202-b03) (build 1.8.0_202-release-1483-b03)
# Java VM: OpenJDK 64-Bit Server VM (25.202-b03 mixed mode windows-amd64 compressed oops)
# Failed to write core dump. Minidumps are not enabled by default on client versions of Windows
#

---------------  T H R E A D  ---------------

Current thread (0x0000000016295000):  JavaThread "C2 CompilerThread1" daemon [_thread_in_native, id=11116, stack(0x0000000017a10000,0x0000000017b10000)]

Stack: [0x0000000017a10000,0x0000000017b10000]
[error occurred during error reporting (printing stack bounds), id 0xc0000005]

Native frames: (J=compiled Java code, j=interpreted, Vv=VM code, C=native code)


Current CompileTask:
C2:  12402 6875   !   4       java.nio.file.FileTreeWalker::next (144 bytes)


---------------  P R O C E S S  ---------------

Java Threads: ( => current thread )
  0x000000001db34800 JavaThread "Memory manager" [_thread_blocked, id=7372, stack(0x00000000227f0000,0x00000000228f0000)]
  0x000000001db34000 JavaThread "Cache worker for Build Output Cleanup Cache (C:\Users\remys_000\AndroidStudioProjects\IMCv4\.gradle\buildOutputCleanup)" [_thread_blocked, id=5908, stack(0x00000000216d0000,0x00000000217d0000)]
  0x000000001db31800 JavaThread "Build operations Thread 4" [_thread_in_vm, id=2132, stack(0x0000000021af0000,0x0000000021bf0000)]
  0x000000001db33000 JavaThread "Build operations Thread 3" [_thread_blocked, id=4024, stack(0x00000000219f0000,0x0000000021af0000)]
  0x000000001db32800 JavaThread "Build operations Thread 2" [_thread_in_Java, id=7044, stack(0x00000000218f0000,0x00000000219f0000)]
  0x000000001db2b800 JavaThread "Build operations" [_thread_blocked, id=16036, stack(0x00000000217f0000,0x00000000218f0000)]
  0x000000001db2c800 JavaThread "Cache worker for execution history cache (C:\Users\remys_000\.gradle\caches\5.4.1\executionHistory)" [_thread_blocked, id=15584, stack(0x0000000020000000,0x0000000020100000)]
  0x0000000018cee800 JavaThread "Cache worker for cache directory md-rule (C:\Users\remys_000\.gradle\caches\5.4.1\md-rule)" [_thread_blocked, id=11156, stack(0x000000001ecd0000,0x000000001edd0000)]
  0x0000000018ced800 JavaThread "Cache worker for cache directory md-supplier (C:\Users\remys_000\.gradle\caches\5.4.1\md-supplier)" [_thread_blocked, id=16904, stack(0x000000001e400000,0x000000001e500000)]
  0x0000000018cf1800 JavaThread "Cache worker for file hash cache (C:\Users\remys_000\AndroidStudioProjects\IMCv4\.gradle\5.4.1\fileHashes)" [_thread_blocked, id=17556, stack(0x000000001e7d0000,0x000000001e8d0000)]
  0x0000000018cf3800 JavaThread "Cache worker for journal cache (C:\Users\remys_000\.gradle\caches\journal-1)" [_thread_blocked, id=7964, stack(0x000000001c060000,0x000000001c160000)]
  0x0000000018cf2000 JavaThread "File lock request listener" [_thread_in_native, id=6004, stack(0x000000001bd60000,0x000000001be60000)]
  0x0000000018cef000 JavaThread "Cache worker for file hash cache (C:\Users\remys_000\.gradle\caches\5.4.1\fileHashes)" [_thread_blocked, id=16636, stack(0x000000001bc60000,0x000000001bd60000)]
  0x000000001834a800 JavaThread "Thread-9" [_thread_in_native, id=6100, stack(0x000000001bb60000,0x000000001bc60000)]
  0x0000000018418800 JavaThread "Stdin handler" [_thread_blocked, id=9208, stack(0x000000001ba60000,0x000000001bb60000)]
  0x0000000018418000 JavaThread "Asynchronous log dispatcher for DefaultDaemonConnection: socket connection from /127.0.0.1:60037 to /127.0.0.1:60038" [_thread_blocked, id=6500, stack(0x000000001b960000,0x000000001ba60000)]
  0x00000000183cc000 JavaThread "Daemon worker" [_thread_in_vm, id=3376, stack(0x000000001b860000,0x000000001b960000)]
  0x00000000183cb000 JavaThread "Cancel handler" [_thread_blocked, id=11592, stack(0x000000001b760000,0x000000001b860000)]
  0x0000000019a0e000 JavaThread "Handler for socket connection from /127.0.0.1:60037 to /127.0.0.1:60038" [_thread_in_native, id=6744, stack(0x000000001b460000,0x000000001b560000)]
  0x0000000019a08800 JavaThread "Daemon" [_thread_blocked, id=11188, stack(0x000000001b360000,0x000000001b460000)]
  0x0000000017cc1800 JavaThread "Daemon periodic checks" [_thread_blocked, id=15288, stack(0x000000001b260000,0x000000001b360000)]
  0x000000001974b800 JavaThread "Incoming local TCP Connector on port 60037" [_thread_in_native, id=18300, stack(0x000000001aff0000,0x000000001b0f0000)]
  0x0000000019d5e000 JavaThread "Daemon health stats" [_thread_blocked, id=17420, stack(0x000000001a9b0000,0x000000001aab0000)]
  0x00000000162de000 JavaThread "Service Thread" daemon [_thread_blocked, id=18360, stack(0x0000000018010000,0x0000000018110000)]
  0x00000000162a1800 JavaThread "C1 CompilerThread2" daemon [_thread_blocked, id=5540, stack(0x0000000017b10000,0x0000000017c10000)]
=>0x0000000016295000 JavaThread "C2 CompilerThread1" daemon [_thread_in_native, id=11116, stack(0x0000000017a10000,0x0000000017b10000)]
  0x000000001628d800 JavaThread "C2 CompilerThread0" daemon [_thread_in_native, id=10092, stack(0x0000000017910000,0x0000000017a10000)]
  0x000000001628c000 JavaThread "Attach Listener" daemon [_thread_blocked, id=3888, stack(0x0000000017810000,0x0000000017910000)]
  0x000000001628b000 JavaThread "Signal Dispatcher" daemon [_thread_blocked, id=13972, stack(0x0000000017710000,0x0000000017810000)]
  0x000000000291c800 JavaThread "Finalizer" daemon [_thread_blocked, id=3408, stack(0x00000000174e0000,0x00000000175e0000)]
  0x0000000016279000 JavaThread "Reference Handler" daemon [_thread_blocked, id=7456, stack(0x00000000173e0000,0x00000000174e0000)]
  0x0000000002822800 JavaThread "main" [_thread_blocked, id=7300, stack(0x00000000026f0000,0x00000000027f0000)]

Other Threads:
  0x0000000016256000 VMThread [stack: 0x00000000172e0000,0x00000000173e0000] [id=15660]
  0x00000000162e3800 WatcherThread [stack: 0x0000000018110000,0x0000000018210000] [id=12940]

VM state:not at safepoint (normal execution)

VM Mutex/Monitor currently owned by a thread: None

heap address: 0x00000000a0000000, size: 1536 MB, Compressed Oops mode: 32-bit
Narrow klass base: 0x0000000000000000, Narrow klass shift: 3
Compressed class space size: 1073741824 Address: 0x0000000100000000

Heap:
 PSYoungGen      total 184320K, used 132473K [0x00000000e0000000, 0x00000000ed000000, 0x0000000100000000)
  eden space 165888K, 79% used [0x00000000e0000000,0x00000000e815e600,0x00000000ea200000)
  from space 18432K, 0% used [0x00000000eb380000,0x00000000eb380000,0x00000000ec580000)
  to   space 17920K, 0% used [0x00000000ea200000,0x00000000ea200000,0x00000000eb380000)
 ParOldGen       total 140288K, used 32887K [0x00000000a0000000, 0x00000000a8900000, 0x00000000e0000000)
  object space 140288K, 23% used [0x00000000a0000000,0x00000000a201dc00,0x00000000a8900000)
 Metaspace       used 62062K, capacity 64342K, committed 64512K, reserved 1105920K
  class space    used 8457K, capacity 8948K, committed 8960K, reserved 1048576K

Card table byte_map: [0x0000000011ce0000,0x0000000011ff0000] byte_map_base: 0x00000000117e0000

Marking Bits: (ParMarkBitMap*) 0x000000005a3b9f30
 Begin Bits: [0x00000000125f0000, 0x0000000013df0000)
 End Bits:   [0x0000000013df0000, 0x00000000155f0000)

Polling page: 0x00000000005f0000

CodeCache: size=245760Kb used=19788Kb max_used=19788Kb free=225971Kb
 bounds [0x0000000002920000, 0x0000000003c90000, 0x0000000011920000]
 total_blobs=7130 nmethods=6343 adapters=700
 compilation: enabled

Compilation events (10 events):
Event: 12.397 Thread 0x00000000162a1800 7160       3       org.gradle.api.internal.artifacts.ivyservice.resolutionstrategy.DefaultCachePolicy$10::execute (9 bytes)
Event: 12.397 Thread 0x00000000162a1800 nmethod 7160 0x0000000003c85b90 code [0x0000000003c85d20, 0x0000000003c861e8]
Event: 12.397 Thread 0x00000000162a1800 7161       3       org.gradle.api.internal.artifacts.ivyservice.resolutionstrategy.DefaultCachePolicy$9::execute (9 bytes)
Event: 12.397 Thread 0x00000000162a1800 nmethod 7161 0x0000000003c86390 code [0x0000000003c86520, 0x0000000003c86988]
Event: 12.399 Thread 0x00000000162a1800 7163       3       org.gradle.api.internal.artifacts.ivyservice.ivyresolve.ErrorHandlingModuleComponentRepository$ErrorHandlingModuleComponentRepositoryAccess::performOperationWithRetries (41 bytes)
Event: 12.400 Thread 0x00000000162a1800 nmethod 7163 0x0000000003c86b50 code [0x0000000003c86d00, 0x0000000003c87238]
Event: 12.400 Thread 0x00000000162a1800 7164       3       org.gradle.api.internal.artifacts.ivyservice.ivyresolve.ErrorHandlingModuleComponentRepository$ErrorHandlingModuleComponentRepositoryAccess::lambda$resolveArtifact$15 (42 bytes)
Event: 12.400 Thread 0x00000000162a1800 nmethod 7164 0x0000000003c87410 code [0x0000000003c875a0, 0x0000000003c87ac8]
Event: 12.400 Thread 0x00000000162a1800 7165       3       org.gradle.api.internal.artifacts.ivyservice.modulecache.artifacts.InMemoryModuleArtifactCache::lookup (54 bytes)
Event: 12.400 Thread 0x00000000162a1800 nmethod 7165 0x0000000003c87c10 code [0x0000000003c87da0, 0x0000000003c88328]

GC Heap History (10 events):
Event: 6.489 GC heap before
{Heap before GC invocations=11 (full 2):
 PSYoungGen      total 115200K, used 9254K [0x00000000e0000000, 0x00000000ea300000, 0x0000000100000000)
  eden space 103936K, 0% used [0x00000000e0000000,0x00000000e0000000,0x00000000e6580000)
  from space 11264K, 82% used [0x00000000e6580000,0x00000000e6e89948,0x00000000e7080000)
  to   space 11776K, 0% used [0x00000000e9780000,0x00000000e9780000,0x00000000ea300000)
 ParOldGen       total 59392K, used 8675K [0x00000000a0000000, 0x00000000a3a00000, 0x00000000e0000000)
  object space 59392K, 14% used [0x00000000a0000000,0x00000000a0878e70,0x00000000a3a00000)
 Metaspace       used 34416K, capacity 35384K, committed 35456K, reserved 1079296K
  class space    used 4746K, capacity 4954K, committed 4992K, reserved 1048576K
Event: 6.574 GC heap after
Heap after GC invocations=11 (full 2):
 PSYoungGen      total 115200K, used 0K [0x00000000e0000000, 0x00000000ea300000, 0x0000000100000000)
  eden space 103936K, 0% used [0x00000000e0000000,0x00000000e0000000,0x00000000e6580000)
  from space 11264K, 0% used [0x00000000e6580000,0x00000000e6580000,0x00000000e7080000)
  to   space 11776K, 0% used [0x00000000e9780000,0x00000000e9780000,0x00000000ea300000)
 ParOldGen       total 91648K, used 16423K [0x00000000a0000000, 0x00000000a5980000, 0x00000000e0000000)
  object space 91648K, 17% used [0x00000000a0000000,0x00000000a1009ec8,0x00000000a5980000)
 Metaspace       used 34416K, capacity 35384K, committed 35456K, reserved 1079296K
  class space    used 4746K, capacity 4954K, committed 4992K, reserved 1048576K
}
Event: 7.858 GC heap before
{Heap before GC invocations=12 (full 2):
 PSYoungGen      total 115200K, used 103936K [0x00000000e0000000, 0x00000000ea300000, 0x0000000100000000)
  eden space 103936K, 100% used [0x00000000e0000000,0x00000000e6580000,0x00000000e6580000)
  from space 11264K, 0% used [0x00000000e6580000,0x00000000e6580000,0x00000000e7080000)
  to   space 11776K, 0% used [0x00000000e9780000,0x00000000e9780000,0x00000000ea300000)
 ParOldGen       total 91648K, used 16423K [0x00000000a0000000, 0x00000000a5980000, 0x00000000e0000000)
  object space 91648K, 17% used [0x00000000a0000000,0x00000000a1009ec8,0x00000000a5980000)
 Metaspace       used 44127K, capacity 45368K, committed 45696K, reserved 1089536K
  class space    used 5969K, capacity 6225K, committed 6272K, reserved 1048576K
Event: 7.871 GC heap after
Heap after GC invocations=12 (full 2):
 PSYoungGen      total 143360K, used 11767K [0x00000000e0000000, 0x00000000ea300000, 0x0000000100000000)
  eden space 131584K, 0% used [0x00000000e0000000,0x00000000e0000000,0x00000000e8080000)
  from space 11776K, 99% used [0x00000000e9780000,0x00000000ea2fdf48,0x00000000ea300000)
  to   space 13824K, 0% used [0x00000000e8800000,0x00000000e8800000,0x00000000e9580000)
 ParOldGen       total 91648K, used 18236K [0x00000000a0000000, 0x00000000a5980000, 0x00000000e0000000)
  object space 91648K, 19% used [0x00000000a0000000,0x00000000a11cf390,0x00000000a5980000)
 Metaspace       used 44127K, capacity 45368K, committed 45696K, reserved 1089536K
  class space    used 5969K, capacity 6225K, committed 6272K, reserved 1048576K
}
Event: 9.167 GC heap before
{Heap before GC invocations=13 (full 2):
 PSYoungGen      total 143360K, used 143351K [0x00000000e0000000, 0x00000000ea300000, 0x0000000100000000)
  eden space 131584K, 100% used [0x00000000e0000000,0x00000000e8080000,0x00000000e8080000)
  from space 11776K, 99% used [0x00000000e9780000,0x00000000ea2fdf48,0x00000000ea300000)
  to   space 13824K, 0% used [0x00000000e8800000,0x00000000e8800000,0x00000000e9580000)
 ParOldGen       total 91648K, used 18236K [0x00000000a0000000, 0x00000000a5980000, 0x00000000e0000000)
  object space 91648K, 19% used [0x00000000a0000000,0x00000000a11cf390,0x00000000a5980000)
 Metaspace       used 53339K, capacity 55120K, committed 55296K, reserved 1097728K
  class space    used 7260K, capacity 7649K, committed 7680K, reserved 1048576K
Event: 9.185 GC heap after
Heap after GC invocations=13 (full 2):
 PSYoungGen      total 153088K, used 13812K [0x00000000e0000000, 0x00000000ec580000, 0x0000000100000000)
  eden space 139264K, 0% used [0x00000000e0000000,0x00000000e0000000,0x00000000e8800000)
  from space 13824K, 99% used [0x00000000e8800000,0x00000000e957d118,0x00000000e9580000)
  to   space 18432K, 0% used [0x00000000eb380000,0x00000000eb380000,0x00000000ec580000)
 ParOldGen       total 91648K, used 26289K [0x00000000a0000000, 0x00000000a5980000, 0x00000000e0000000)
  object space 91648K, 28% used [0x00000000a0000000,0x00000000a19ac650,0x00000000a5980000)
 Metaspace       used 53339K, capacity 55120K, committed 55296K, reserved 1097728K
  class space    used 7260K, capacity 7649K, committed 7680K, reserved 1048576K
}
Event: 10.050 GC heap before
{Heap before GC invocations=14 (full 2):
 PSYoungGen      total 153088K, used 78142K [0x00000000e0000000, 0x00000000ec580000, 0x0000000100000000)
  eden space 139264K, 46% used [0x00000000e0000000,0x00000000e3ed2a38,0x00000000e8800000)
  from space 13824K, 99% used [0x00000000e8800000,0x00000000e957d118,0x00000000e9580000)
  to   space 18432K, 0% used [0x00000000eb380000,0x00000000eb380000,0x00000000ec580000)
 ParOldGen       total 91648K, used 26289K [0x00000000a0000000, 0x00000000a5980000, 0x00000000e0000000)
  object space 91648K, 28% used [0x00000000a0000000,0x00000000a19ac650,0x00000000a5980000)
 Metaspace       used 56932K, capacity 58940K, committed 59096K, reserved 1099776K
  class space    used 7751K, capacity 8205K, committed 8320K, reserved 1048576K
Event: 10.070 GC heap after
Heap after GC invocations=14 (full 2):
 PSYoungGen      total 184320K, used 5266K [0x00000000e0000000, 0x00000000ed000000, 0x0000000100000000)
  eden space 165888K, 0% used [0x00000000e0000000,0x00000000e0000000,0x00000000ea200000)
  from space 18432K, 28% used [0x00000000eb380000,0x00000000eb8a4850,0x00000000ec580000)
  to   space 17920K, 0% used [0x00000000ea200000,0x00000000ea200000,0x00000000eb380000)
 ParOldGen       total 91648K, used 32826K [0x00000000a0000000, 0x00000000a5980000, 0x00000000e0000000)
  object space 91648K, 35% used [0x00000000a0000000,0x00000000a200e9f8,0x00000000a5980000)
 Metaspace       used 56932K, capacity 58940K, committed 59096K, reserved 1099776K
  class space    used 7751K, capacity 8205K, committed 8320K, reserved 1048576K
}
Event: 10.070 GC heap before
{Heap before GC invocations=15 (full 3):
 PSYoungGen      total 184320K, used 5266K [0x00000000e0000000, 0x00000000ed000000, 0x0000000100000000)
  eden space 165888K, 0% used [0x00000000e0000000,0x00000000e0000000,0x00000000ea200000)
  from space 18432K, 28% used [0x00000000eb380000,0x00000000eb8a4850,0x00000000ec580000)
  to   space 17920K, 0% used [0x00000000ea200000,0x00000000ea200000,0x00000000eb380000)
 ParOldGen       total 91648K, used 32826K [0x00000000a0000000, 0x00000000a5980000, 0x00000000e0000000)
  object space 91648K, 35% used [0x00000000a0000000,0x00000000a200e9f8,0x00000000a5980000)
 Metaspace       used 56932K, capacity 58940K, committed 59096K, reserved 1099776K
  class space    used 7751K, capacity 8205K, committed 8320K, reserved 1048576K
Event: 10.294 GC heap after
Heap after GC invocations=15 (full 3):
 PSYoungGen      total 184320K, used 0K [0x00000000e0000000, 0x00000000ed000000, 0x0000000100000000)
  eden space 165888K, 0% used [0x00000000e0000000,0x00000000e0000000,0x00000000ea200000)
  from space 18432K, 0% used [0x00000000eb380000,0x00000000eb380000,0x00000000ec580000)
  to   space 17920K, 0% used [0x00000000ea200000,0x00000000ea200000,0x00000000eb380000)
 ParOldGen       total 140288K, used 32887K [0x00000000a0000000, 0x00000000a8900000, 0x00000000e0000000)
  object space 140288K, 23% used [0x00000000a0000000,0x00000000a201dc00,0x00000000a8900000)
 Metaspace       used 56921K, capacity 58904K, committed 59096K, reserved 1099776K
  class space    used 7748K, capacity 8199K, committed 8320K, reserved 1048576K
}

Deoptimization events (10 events):
Event: 11.164 Thread 0x000000001db2c800 Uncommon trap: reason=bimorphic action=maybe_recompile pc=0x0000000002b2da88 method=java.util.Arrays.binarySearch0([Ljava/lang/Object;IILjava/lang/Object;Ljava/util/Comparator;)I @ 48
Event: 11.164 Thread 0x000000001db2c800 Uncommon trap: reason=bimorphic action=maybe_recompile pc=0x0000000002b2da88 method=java.util.Arrays.binarySearch0([Ljava/lang/Object;IILjava/lang/Object;Ljava/util/Comparator;)I @ 48
Event: 11.186 Thread 0x000000001db32800 Uncommon trap: reason=bimorphic action=maybe_recompile pc=0x0000000003b2332c method=com.google.common.base.Objects.equal(Ljava/lang/Object;Ljava/lang/Object;)Z @ 11
Event: 11.186 Thread 0x000000001db33000 Uncommon trap: reason=bimorphic action=maybe_recompile pc=0x0000000003b2332c method=com.google.common.base.Objects.equal(Ljava/lang/Object;Ljava/lang/Object;)Z @ 11
Event: 11.186 Thread 0x000000001db31800 Uncommon trap: reason=bimorphic action=maybe_recompile pc=0x0000000003b2332c method=com.google.common.base.Objects.equal(Ljava/lang/Object;Ljava/lang/Object;)Z @ 11
Event: 11.186 Thread 0x000000001db32800 Uncommon trap: reason=bimorphic action=maybe_recompile pc=0x0000000003b2332c method=com.google.common.base.Objects.equal(Ljava/lang/Object;Ljava/lang/Object;)Z @ 11
Event: 11.187 Thread 0x000000001db31800 Uncommon trap: reason=unstable_if action=reinterpret pc=0x0000000002b14dd4 method=java.util.concurrent.ConcurrentHashMap.putVal(Ljava/lang/Object;Ljava/lang/Object;Z)Ljava/lang/Object; @ 98
Event: 12.226 Thread 0x000000001db2b800 Uncommon trap: reason=null_check action=make_not_entrant pc=0x000000000313f310 method=sun.nio.fs.NativeBuffers.getNativeBufferFromCache(I)Lsun/nio/fs/NativeBuffer; @ 6
Event: 12.226 Thread 0x000000001db2b800 Uncommon trap: reason=null_check action=make_not_entrant pc=0x0000000003199bc8 method=sun.nio.fs.NativeBuffers.getNativeBufferFromCache(I)Lsun/nio/fs/NativeBuffer; @ 6
Event: 12.226 Thread 0x000000001db2b800 Uncommon trap: reason=null_check action=make_not_entrant pc=0x000000000353a4ec method=sun.nio.fs.NativeBuffers.releaseNativeBuffer(Lsun/nio/fs/NativeBuffer;)V @ 6

Classes redefined (0 events):
No events

Internal exceptions (10 events):
Event: 10.887 Thread 0x00000000183cc000 Exception <a 'java/security/PrivilegedActionException'> (0x00000000e3572310) thrown at [D:\src\AOSP-openjdk-cygwin\jdk8u\hotspot\src\share\vm\prims\jvm.cpp, line 1508]
Event: 10.887 Thread 0x00000000183cc000 Exception <a 'java/security/PrivilegedActionException'> (0x00000000e3573090) thrown at [D:\src\AOSP-openjdk-cygwin\jdk8u\hotspot\src\share\vm\prims\jvm.cpp, line 1508]
Event: 10.888 Thread 0x00000000183cc000 Exception <a 'java/security/PrivilegedActionException'> (0x00000000e357ea60) thrown at [D:\src\AOSP-openjdk-cygwin\jdk8u\hotspot\src\share\vm\prims\jvm.cpp, line 1508]
Event: 10.888 Thread 0x00000000183cc000 Exception <a 'java/security/PrivilegedActionException'> (0x00000000e357f7e0) thrown at [D:\src\AOSP-openjdk-cygwin\jdk8u\hotspot\src\share\vm\prims\jvm.cpp, line 1508]
Event: 10.888 Thread 0x00000000183cc000 Exception <a 'java/lang/ClassNotFoundException': groovy/util/AntBuilderCustomizer> (0x00000000e35839c8) thrown at [D:\src\AOSP-openjdk-cygwin\jdk8u\hotspot\src\share\vm\classfile\systemDictionary.cpp, line 210]
Event: 10.889 Thread 0x00000000183cc000 Exception <a 'java/lang/ClassNotFoundException': org/gradle/api/AntBuilderCustomizer> (0x00000000e359c578) thrown at [D:\src\AOSP-openjdk-cygwin\jdk8u\hotspot\src\share\vm\classfile\systemDictionary.cpp, line 210]
Event: 10.890 Thread 0x00000000183cc000 Exception <a 'java/lang/ClassNotFoundException': org/gradle/api/internal/project/ant/BasicAntBuilderCustomizer> (0x00000000e35c1f90) thrown at [D:\src\AOSP-openjdk-cygwin\jdk8u\hotspot\src\share\vm\classfile\systemDictionary.cpp, line 210]
Event: 10.891 Thread 0x00000000183cc000 Exception <a 'java/lang/ClassNotFoundException': org/gradle/api/internal/project/DefaultAntBuilderCustomizer> (0x00000000e35ef600) thrown at [D:\src\AOSP-openjdk-cygwin\jdk8u\hotspot\src\share\vm\classfile\systemDictionary.cpp, line 210]
Event: 12.226 Thread 0x000000001db2b800 Implicit null exception at 0x00000000031997ca to 0x0000000003199ba4
Event: 12.226 Thread 0x000000001db2b800 Implicit null exception at 0x000000000353a21b to 0x000000000353a4dc

Events (10 events):
Event: 12.258 loading class org/gradle/api/artifacts/MutableVersionConstraint
Event: 12.258 loading class org/gradle/api/artifacts/MutableVersionConstraint done
Event: 12.274 Thread 0x00000000183cc000 DEOPT PACKING pc=0x00000000035fd6a5 sp=0x000000001b958670
Event: 12.274 Thread 0x00000000183cc000 DEOPT UNPACKING pc=0x00000000029675d0 sp=0x000000001b958468 mode 0
Event: 12.275 loading class org/gradle/api/internal/artifacts/ivyservice/ivyresolve/strategy/InverseVersionSelector
Event: 12.275 loading class org/gradle/api/internal/artifacts/ivyservice/ivyresolve/strategy/InverseVersionSelector done
Event: 12.276 loading class org/gradle/api/internal/artifacts/ivyservice/resolveengine/graph/builder/LenientPlatformDependencyMetadata
Event: 12.276 loading class org/gradle/api/internal/artifacts/ivyservice/resolveengine/graph/builder/LenientPlatformDependencyMetadata done
Event: 12.284 Executing VM operation: ForceSafepoint
Event: 12.285 Executing VM operation: ForceSafepoint done


Dynamic libraries:
0x00007ff76ad60000 - 0x00007ff76ad91000 	C:\Program Files\Android\Android Studio\jre\bin\java.exe
0x00007ff84c560000 - 0x00007ff84c750000 	C:\WINDOWS\SYSTEM32\ntdll.dll
0x00007ff84b9d0000 - 0x00007ff84ba82000 	C:\WINDOWS\System32\KERNEL32.DLL
0x00007ff84a110000 - 0x00007ff84a3b3000 	C:\WINDOWS\System32\KERNELBASE.dll
0x00007ff84b060000 - 0x00007ff84b103000 	C:\WINDOWS\System32\ADVAPI32.dll
0x00007ff84a8b0000 - 0x00007ff84a94e000 	C:\WINDOWS\System32\msvcrt.dll
0x00007ff84b510000 - 0x00007ff84b5a7000 	C:\WINDOWS\System32\sechost.dll
0x00007ff84c3a0000 - 0x00007ff84c4c0000 	C:\WINDOWS\System32\RPCRT4.dll
0x00007ff84b110000 - 0x00007ff84b2a4000 	C:\WINDOWS\System32\USER32.dll
0x00007ff849fe0000 - 0x00007ff84a001000 	C:\WINDOWS\System32\win32u.dll
0x00007ff84c310000 - 0x00007ff84c336000 	C:\WINDOWS\System32\GDI32.dll
0x00007ff849e10000 - 0x00007ff849fa4000 	C:\WINDOWS\System32\gdi32full.dll
0x00007ff84a3c0000 - 0x00007ff84a45e000 	C:\WINDOWS\System32\msvcp_win.dll
0x00007ff84a010000 - 0x00007ff84a10a000 	C:\WINDOWS\System32\ucrtbase.dll
0x00007ff844380000 - 0x00007ff844605000 	C:\WINDOWS\WinSxS\amd64_microsoft.windows.common-controls_6595b64144ccf1df_6.0.18362.535_none_e6c3b34713100821\COMCTL32.dll
0x00007ff84b630000 - 0x00007ff84b966000 	C:\WINDOWS\System32\combase.dll
0x00007ff849d70000 - 0x00007ff849df0000 	C:\WINDOWS\System32\bcryptPrimitives.dll
0x00007ff84ba90000 - 0x00007ff84babe000 	C:\WINDOWS\System32\IMM32.DLL
0x0000000059b10000 - 0x0000000059be2000 	C:\Program Files\Android\Android Studio\jre\jre\bin\msvcr100.dll
0x0000000059bf0000 - 0x000000005a436000 	C:\Program Files\Android\Android Studio\jre\jre\bin\server\jvm.dll
0x00007ff84b390000 - 0x00007ff84b398000 	C:\WINDOWS\System32\PSAPI.DLL
0x00007ff848150000 - 0x00007ff84815a000 	C:\WINDOWS\SYSTEM32\VERSION.dll
0x00007ff846f20000 - 0x00007ff846f44000 	C:\WINDOWS\SYSTEM32\WINMM.dll
0x00007ff837500000 - 0x00007ff837509000 	C:\WINDOWS\SYSTEM32\WSOCK32.dll
0x00007ff84bc10000 - 0x00007ff84bc7f000 	C:\WINDOWS\System32\WS2_32.dll
0x00007ff846ef0000 - 0x00007ff846f1d000 	C:\WINDOWS\SYSTEM32\winmmbase.dll
0x00007ff8494f0000 - 0x00007ff84953a000 	C:\WINDOWS\System32\cfgmgr32.dll
0x00007ff848300000 - 0x00007ff84830f000 	C:\Program Files\Android\Android Studio\jre\jre\bin\verify.dll
0x00007ff8482d0000 - 0x00007ff8482f9000 	C:\Program Files\Android\Android Studio\jre\jre\bin\java.dll
0x00007ff8482b0000 - 0x00007ff8482c6000 	C:\Program Files\Android\Android Studio\jre\jre\bin\zip.dll
0x00007ff84a970000 - 0x00007ff84b055000 	C:\WINDOWS\System32\SHELL32.dll
0x00007ff84b3b0000 - 0x00007ff84b459000 	C:\WINDOWS\System32\shcore.dll
0x00007ff8495f0000 - 0x00007ff849d6f000 	C:\WINDOWS\System32\windows.storage.dll
0x00007ff849460000 - 0x00007ff84947f000 	C:\WINDOWS\System32\profapi.dll
0x00007ff849480000 - 0x00007ff8494ca000 	C:\WINDOWS\System32\powrprof.dll
0x00007ff849430000 - 0x00007ff849440000 	C:\WINDOWS\System32\UMPDC.dll
0x00007ff84c4c0000 - 0x00007ff84c512000 	C:\WINDOWS\System32\shlwapi.dll
0x00007ff849440000 - 0x00007ff849451000 	C:\WINDOWS\System32\kernel.appcore.dll
0x00007ff849df0000 - 0x00007ff849e07000 	C:\WINDOWS\System32\cryptsp.dll
0x00007ff844620000 - 0x00007ff84463a000 	C:\Program Files\Android\Android Studio\jre\jre\bin\net.dll
0x00007ff848ca0000 - 0x00007ff848d07000 	C:\WINDOWS\system32\mswsock.dll
0x00007ff8439a0000 - 0x00007ff8439b1000 	C:\Program Files\Android\Android Studio\jre\jre\bin\nio.dll
0x00007ff8377a0000 - 0x00007ff8377c6000 	C:\Users\remys_000\.gradle\native\29\windows-amd64\native-platform.dll
0x00007ff8482a0000 - 0x00007ff8482ad000 	C:\Program Files\Android\Android Studio\jre\jre\bin\management.dll
0x00007ff848810000 - 0x00007ff848843000 	C:\WINDOWS\system32\rsaenh.dll
0x00007ff849fb0000 - 0x00007ff849fd6000 	C:\WINDOWS\System32\bcrypt.dll
0x00007ff849320000 - 0x00007ff849345000 	C:\WINDOWS\SYSTEM32\USERENV.dll
0x00007ff848e70000 - 0x00007ff848e7c000 	C:\WINDOWS\SYSTEM32\CRYPTBASE.dll
0x00007ff8489b0000 - 0x00007ff8489ea000 	C:\WINDOWS\SYSTEM32\IPHLPAPI.DLL
0x00007ff84b380000 - 0x00007ff84b388000 	C:\WINDOWS\System32\NSI.dll
0x00007ff8435e0000 - 0x00007ff8435f6000 	C:\WINDOWS\SYSTEM32\dhcpcsvc6.DLL
0x00007ff8433a0000 - 0x00007ff8433bc000 	C:\WINDOWS\SYSTEM32\dhcpcsvc.DLL
0x00007ff848a00000 - 0x00007ff848aca000 	C:\WINDOWS\SYSTEM32\DNSAPI.dll

VM Arguments:
jvm_args: -Xmx1536m -Dfile.encoding=windows-1252 -Duser.country=FR -Duser.language=fr -Duser.variant 
java_command: org.gradle.launcher.daemon.bootstrap.GradleDaemon 5.4.1
java_class_path (initial): C:\Users\remys_000\.gradle\wrapper\dists\gradle-5.4.1-all\3221gyojl5jsh0helicew7rwx\gradle-5.4.1\lib\gradle-launcher-5.4.1.jar
Launcher Type: SUN_STANDARD

Environment Variables:
PATH=C:\Program Files (x86)\Common Files\Oracle\Java\javapath;C:\Program Files (x86)\NVIDIA Corporation\PhysX\Common;C:\ProgramData\Oracle\Java\javapath;c:\Program Files (x86)\Intel\iCLS Client\;c:\Program Files\Intel\iCLS Client\;C:\WINDOWS\system32;C:\WINDOWS;C:\WINDOWS\System32\Wbem;C:\WINDOWS\System32\WindowsPowerShell\v1.0\;C:\Program Files\Intel\Intel(R) Management Engine Components\DAL;C:\Program Files\Intel\Intel(R) Management Engine Components\IPT;C:\Program Files (x86)\Intel\Intel(R) Management Engine Components\DAL;C:\Program Files (x86)\Intel\Intel(R) Management Engine Components\IPT;C:\Program Files (x86)\Windows Live\Shared;C:\Program Files\Calibre2\;C:\Program Files (x86)\AMD\ATI.ACE\Core-Static;C:\Program Files (x86)\ATI Technologies\ATI.ACE\Core-Static;C:\Program Files\MySQL\MySQL Utilities 1.6\;C:\WINDOWS\System32\OpenSSH\;C:\Program Files (x86)\ffmpeg-20151205-git-a16243a-win64-static\bin;C:\ProgramData\Oracle\Java\javapath;c:\Program Files (x86)\Intel\iCLS Client\;c:\Program Files\Intel\iCLS Client\;C:\Program Files (x86)\NVIDIA Corporation\PhysX\Common;C:\WINDOWS\system32;C:\WINDOWS;C:\WINDOWS\System32\Wbem;C:\WINDOWS\System32\WindowsPowerShell\v1.0\;C:\Program Files\Intel\Intel(R) Management Engine Components\DAL;C:\Program Files\Intel\Intel(R) Management Engine Components\IPT;C:\Program Files (x86)\Intel\Intel(R) Management Engine Components\DAL;C:\Program Files (x86)\Intel\Intel(R) Management Engine Components\IPT;C:\Program Files (x86)\Windows Live\Shared;C:\Program Files\Calibre2\;";C:\Users\remys_000\AppData\Local\Microsoft\WindowsApps";C:\Program Files\MySQL\MySQL Server 5.7\bin;C:\Users\remys_000\AppData\Local\Microsoft\WindowsApps;C:\wso2\apache-maven-3.6.0\bin;
USERNAME=remys_000
OS=Windows_NT
PROCESSOR_IDENTIFIER=Intel64 Family 6 Model 58 Stepping 9, GenuineIntel



---------------  S Y S T E M  ---------------

OS: Windows 10.0 , 64 bit Build 18362 (10.0.18362.329)

CPU:total 4 (initial active 4) (4 cores per cpu, 1 threads per core) family 6 model 58 stepping 9, cmov, cx8, fxsr, mmx, sse, sse2, sse3, ssse3, sse4.1, sse4.2, popcnt, avx, aes, clmul, erms, tsc, tscinvbit, tscinv

Memory: 4k page, physical 8342824k(1896968k free), swap 12537128k(5540k free)

vm_info: OpenJDK 64-Bit Server VM (25.202-b03) for windows-amd64 JRE (1.8.0_202-release-1483-b03), built by "builder" with MS VC++ 10.0 (VS2010)

time: Wed Jan 15 18:47:44 2020
timezone: Paris, Madrid
elapsed time: 12 seconds (0d 0h 0m 12s)

