#
# There is insufficient memory for the Java Runtime Environment to continue.
# Native memory allocation (malloc) failed to allocate 1295056 bytes for Chunk::new
# Possible reasons:
#   The system is out of physical RAM or swap space
#   The process is running with CompressedOops enabled, and the Java Heap may be blocking the growth of the native heap
# Possible solutions:
#   Reduce memory load on the system
#   Increase physical memory or swap space
#   Check if swap backing store is full
#   Decrease Java heap size (-Xmx/-Xms)
#   Decrease number of Java threads
#   Decrease Java thread stack sizes (-Xss)
#   Set larger code cache with -XX:ReservedCodeCacheSize=
#   JVM is running with Unscaled Compressed Oops mode in which the Java heap is
#     placed in the first 4GB address space. The Java Heap base address is the
#     maximum limit for the native heap growth. Please use -XX:HeapBaseMinAddress
#     to set the Java Heap base and to place the Java Heap above 4GB virtual address.
# This output file may be truncated or incomplete.
#
#  Out of Memory Error (allocation.cpp:389), pid=14544, tid=0x00000000000019dc
#
# JRE version: OpenJDK Runtime Environment (8.0_202-b03) (build 1.8.0_202-release-1483-b03)
# Java VM: OpenJDK 64-Bit Server VM (25.202-b03 mixed mode windows-amd64 compressed oops)
# Failed to write core dump. Minidumps are not enabled by default on client versions of Windows
#

---------------  T H R E A D  ---------------

Current thread (0x0000000016cb3800):  JavaThread "C2 CompilerThread1" daemon [_thread_in_native, id=6620, stack(0x0000000018430000,0x0000000018530000)]

Stack: [0x0000000018430000,0x0000000018530000]
[error occurred during error reporting (printing stack bounds), id 0xc0000005]

Native frames: (J=compiled Java code, j=interpreted, Vv=VM code, C=native code)


Current CompileTask:
C2: 333254 21451 %     4       com.android.tools.r8.ir.conversion.N::b @ 161 (4236 bytes)


---------------  P R O C E S S  ---------------

Java Threads: ( => current thread )
  0x0000000019bb2000 JavaThread "stdout" [_thread_in_native, id=1988, stack(0x0000000025c80000,0x0000000025d80000)]
  0x0000000019bb0000 JavaThread "stderr" [_thread_in_native, id=12948, stack(0x0000000025b80000,0x0000000025c80000)]
  0x0000000019baa800 JavaThread "pool-9-thread-1" [_thread_blocked, id=8184, stack(0x0000000025a80000,0x0000000025b80000)]
  0x0000000019bab800 JavaThread "WorkerExecutor Queue Thread 2" [_thread_blocked, id=6392, stack(0x0000000025980000,0x0000000025a80000)]
  0x0000000019bac000 JavaThread "WorkerExecutor Queue" [_thread_blocked, id=14664, stack(0x0000000025880000,0x0000000025980000)]
  0x0000000019bae800 JavaThread "Cache worker for execution history cache (C:\Users\remys_000\AndroidStudioProjects\IMCv4\.gradle\5.4.1\executionHistory)" [_thread_blocked, id=15720, stack(0x0000000025780000,0x0000000025880000)]
  0x0000000019bad800 JavaThread "Execution worker for ':' Thread 3" [_thread_in_Java, id=4960, stack(0x0000000024f80000,0x0000000025080000)]
  0x000000001e9e7000 JavaThread "Execution worker for ':' Thread 2" [_thread_blocked, id=12520, stack(0x0000000024e80000,0x0000000024f80000)]
  0x000000001e9e6800 JavaThread "Execution worker for ':'" [_thread_blocked, id=9172, stack(0x0000000024d80000,0x0000000024e80000)]
  0x000000001e9e9800 JavaThread "Cache worker for file content cache (C:\Users\remys_000\AndroidStudioProjects\IMCv4\.gradle\5.4.1\fileContent)" [_thread_blocked, id=15900, stack(0x00000000248b0000,0x00000000249b0000)]
  0x000000001e9e4000 JavaThread "Cache worker for Build Output Cleanup Cache (C:\Users\remys_000\AndroidStudioProjects\IMCv4\.gradle\buildOutputCleanup)" [_thread_blocked, id=7636, stack(0x00000000246b0000,0x00000000247b0000)]
  0x000000001e9e5000 JavaThread "Build operations Thread 4" [_thread_blocked, id=880, stack(0x0000000022e60000,0x0000000022f60000)]
  0x000000001e9e8800 JavaThread "Build operations Thread 3" [_thread_blocked, id=7688, stack(0x00000000214c0000,0x00000000215c0000)]
  0x000000001e9e8000 JavaThread "Build operations Thread 2" [_thread_blocked, id=16148, stack(0x0000000020390000,0x0000000020490000)]
  0x000000001e9e3800 JavaThread "Build operations" [_thread_blocked, id=16548, stack(0x000000001f990000,0x000000001fa90000)]
  0x000000001e9e2000 JavaThread "Cache worker for cache directory md-rule (C:\Users\remys_000\.gradle\caches\5.4.1\md-rule)" [_thread_blocked, id=7068, stack(0x000000001dff0000,0x000000001e0f0000)]
  0x000000001e9e5800 JavaThread "Cache worker for cache directory md-supplier (C:\Users\remys_000\.gradle\caches\5.4.1\md-supplier)" [_thread_blocked, id=14252, stack(0x000000001ce80000,0x000000001cf80000)]
  0x000000001e9da800 JavaThread "Cache worker for file hash cache (C:\Users\remys_000\AndroidStudioProjects\IMCv4\.gradle\5.4.1\fileHashes)" [_thread_blocked, id=17324, stack(0x000000001c580000,0x000000001c680000)]
  0x000000001e9e0800 JavaThread "Thread-95" [_thread_blocked, id=17628, stack(0x000000001c480000,0x000000001c580000)]
  0x000000001e9df800 JavaThread "Stdin handler" [_thread_blocked, id=16608, stack(0x000000001c380000,0x000000001c480000)]
  0x000000001e9df000 JavaThread "Asynchronous log dispatcher for DefaultDaemonConnection: socket connection from /127.0.0.1:57321 to /127.0.0.1:57612" [_thread_blocked, id=10048, stack(0x000000001c280000,0x000000001c380000)]
  0x000000001e9e1000 JavaThread "Cancel handler" [_thread_blocked, id=2776, stack(0x0000000001740000,0x0000000001840000)]
  0x000000001e9dc000 JavaThread "Handler for socket connection from /127.0.0.1:57321 to /127.0.0.1:57612" [_thread_in_native, id=16816, stack(0x0000000001640000,0x0000000001740000)]
  0x000000001d507800 JavaThread "Cache worker for Java compile cache (C:\Users\remys_000\.gradle\caches\5.4.1\javaCompile)" [_thread_blocked, id=6568, stack(0x0000000026680000,0x0000000026780000)]
  0x000000001e9db000 JavaThread "Daemon worker Thread 3" [_thread_blocked, id=10848, stack(0x000000001bd80000,0x000000001be80000)]
  0x000000001e9de000 JavaThread "Daemon Thread 3" [_thread_blocked, id=8064, stack(0x0000000001540000,0x0000000001640000)]
  0x000000001e9e2800 JavaThread "Cache worker for file content cache (C:\Users\remys_000\.gradle\caches\5.4.1\fileContent)" [_thread_blocked, id=12628, stack(0x00000000247b0000,0x00000000248b0000)]
  0x000000001d50a800 JavaThread "Memory manager" [_thread_blocked, id=8144, stack(0x0000000023760000,0x0000000023860000)]
  0x000000001d504000 JavaThread "Cache worker for execution history cache (C:\Users\remys_000\.gradle\caches\5.4.1\executionHistory)" [_thread_blocked, id=12020, stack(0x000000001fa90000,0x000000001fb90000)]
  0x000000001a06c000 JavaThread "Cache worker for journal cache (C:\Users\remys_000\.gradle\caches\journal-1)" [_thread_blocked, id=10844, stack(0x000000001ca80000,0x000000001cb80000)]
  0x000000001a069800 JavaThread "File lock request listener" [_thread_in_native, id=15640, stack(0x000000001c780000,0x000000001c880000)]
  0x000000001a06b000 JavaThread "Cache worker for file hash cache (C:\Users\remys_000\.gradle\caches\5.4.1\fileHashes)" [_thread_blocked, id=9784, stack(0x000000001c680000,0x000000001c780000)]
  0x0000000018dee000 JavaThread "Daemon periodic checks" [_thread_blocked, id=12732, stack(0x000000001bc80000,0x000000001bd80000)]
  0x0000000019ac9800 JavaThread "Incoming local TCP Connector on port 57321" [_thread_in_native, id=15764, stack(0x000000001ba10000,0x000000001bb10000)]
  0x0000000019662000 JavaThread "Daemon health stats" [_thread_blocked, id=10800, stack(0x000000001b3d0000,0x000000001b4d0000)]
  0x0000000018651800 JavaThread "Service Thread" daemon [_thread_blocked, id=7732, stack(0x0000000018a30000,0x0000000018b30000)]
  0x0000000016cb9800 JavaThread "C1 CompilerThread2" daemon [_thread_blocked, id=5508, stack(0x0000000018530000,0x0000000018630000)]
=>0x0000000016cb3800 JavaThread "C2 CompilerThread1" daemon [_thread_in_native, id=6620, stack(0x0000000018430000,0x0000000018530000)]
  0x0000000016cae800 JavaThread "C2 CompilerThread0" daemon [_thread_in_native, id=9092, stack(0x0000000018330000,0x0000000018430000)]
  0x0000000016cad000 JavaThread "Attach Listener" daemon [_thread_blocked, id=13788, stack(0x0000000018230000,0x0000000018330000)]
  0x0000000016cac000 JavaThread "Signal Dispatcher" daemon [_thread_blocked, id=13776, stack(0x0000000018130000,0x0000000018230000)]
  0x000000000333b800 JavaThread "Finalizer" daemon [_thread_blocked, id=16328, stack(0x0000000017f00000,0x0000000018000000)]
  0x0000000016c99000 JavaThread "Reference Handler" daemon [_thread_blocked, id=13568, stack(0x0000000017e00000,0x0000000017f00000)]
  0x0000000003242800 JavaThread "main" [_thread_blocked, id=6348, stack(0x00000000030d0000,0x00000000031d0000)]

Other Threads:
  0x0000000016c76800 VMThread [stack: 0x0000000017d00000,0x0000000017e00000] [id=11932]
  0x0000000016d0e800 WatcherThread [stack: 0x0000000018b30000,0x0000000018c30000] [id=16980]

VM state:not at safepoint (normal execution)

VM Mutex/Monitor currently owned by a thread: None

heap address: 0x00000000a0000000, size: 1536 MB, Compressed Oops mode: 32-bit
Narrow klass base: 0x0000000000000000, Narrow klass shift: 3
Compressed class space size: 1073741824 Address: 0x0000000100000000

Heap:
 PSYoungGen      total 407040K, used 122960K [0x00000000e0000000, 0x00000000fb600000, 0x0000000100000000)
  eden space 365568K, 32% used [0x00000000e0000000,0x00000000e73acbd8,0x00000000f6500000)
  from space 41472K, 10% used [0x00000000f6500000,0x00000000f6967528,0x00000000f8d80000)
  to   space 39424K, 0% used [0x00000000f8f80000,0x00000000f8f80000,0x00000000fb600000)
 ParOldGen       total 210944K, used 121862K [0x00000000a0000000, 0x00000000ace00000, 0x00000000e0000000)
  object space 210944K, 57% used [0x00000000a0000000,0x00000000a7701b38,0x00000000ace00000)
 Metaspace       used 98894K, capacity 103324K, committed 103616K, reserved 1138688K
  class space    used 12567K, capacity 13443K, committed 13568K, reserved 1048576K

Card table byte_map: [0x0000000012700000,0x0000000012a10000] byte_map_base: 0x0000000012200000

Marking Bits: (ParMarkBitMap*) 0x000000005a3b9f30
 Begin Bits: [0x0000000013010000, 0x0000000014810000)
 End Bits:   [0x0000000014810000, 0x0000000016010000)

Polling page: 0x0000000000fe0000

CodeCache: size=245760Kb used=63893Kb max_used=63923Kb free=181866Kb
 bounds [0x0000000003340000, 0x0000000007210000, 0x0000000012340000]
 total_blobs=18250 nmethods=17330 adapters=829
 compilation: enabled

Compilation events (10 events):
Event: 333.042 Thread 0x0000000016cb3800 nmethod 21497% 0x00000000071ed850 code [0x00000000071ee500, 0x00000000071f8248]
Event: 333.042 Thread 0x0000000016cb3800 21451 %     4       com.android.tools.r8.ir.conversion.N::b @ 161 (4236 bytes)
Event: 333.055 Thread 0x0000000016cb9800 21560       1       com.android.tools.r8.ir.code.j::G1 (4 bytes)
Event: 333.055 Thread 0x0000000016cb9800 nmethod 21560 0x00000000057e4a50 code [0x00000000057e4ba0, 0x00000000057e4cb0]
Event: 333.194 Thread 0x0000000016cb9800 21562       2       com.android.tools.r8.ir.conversion.IRBuilder::a (559 bytes)
Event: 333.197 Thread 0x0000000016cb9800 nmethod 21562 0x0000000007181810 code [0x0000000007181c20, 0x00000000071836b8]
Event: 333.197 Thread 0x0000000016cb9800 21563       3       com.android.tools.r8.ir.code.BasicBlock::z (78 bytes)
Event: 333.198 Thread 0x0000000016cb9800 nmethod 21563 0x00000000057e5bd0 code [0x00000000057e5de0, 0x00000000057e6758]
Event: 333.214 Thread 0x0000000016cb9800 21564       2       com.android.tools.r8.code.ConstWide16::<init> (7 bytes)
Event: 333.214 Thread 0x0000000016cb9800 nmethod 21564 0x00000000057e5850 code [0x00000000057e59c0, 0x00000000057e5b28]

GC Heap History (10 events):
Event: 325.379 GC heap before
{Heap before GC invocations=35 (full 4):
 PSYoungGen      total 404992K, used 372832K [0x00000000e0000000, 0x00000000fb600000, 0x0000000100000000)
  eden space 365568K, 100% used [0x00000000e0000000,0x00000000f6500000,0x00000000f6500000)
  from space 39424K, 18% used [0x00000000f8f80000,0x00000000f9698000,0x00000000fb600000)
  to   space 41472K, 0% used [0x00000000f6500000,0x00000000f6500000,0x00000000f8d80000)
 ParOldGen       total 210944K, used 102933K [0x00000000a0000000, 0x00000000ace00000, 0x00000000e0000000)
  object space 210944K, 48% used [0x00000000a0000000,0x00000000a6485618,0x00000000ace00000)
 Metaspace       used 98829K, capacity 103306K, committed 103616K, reserved 1138688K
  class space    used 12564K, capacity 13442K, committed 13568K, reserved 1048576K
Event: 325.405 GC heap after
Heap after GC invocations=35 (full 4):
 PSYoungGen      total 407040K, used 10927K [0x00000000e0000000, 0x00000000fb600000, 0x0000000100000000)
  eden space 365568K, 0% used [0x00000000e0000000,0x00000000e0000000,0x00000000f6500000)
  from space 41472K, 26% used [0x00000000f6500000,0x00000000f6fabd98,0x00000000f8d80000)
  to   space 39424K, 0% used [0x00000000f8f80000,0x00000000f8f80000,0x00000000fb600000)
 ParOldGen       total 210944K, used 107485K [0x00000000a0000000, 0x00000000ace00000, 0x00000000e0000000)
  object space 210944K, 50% used [0x00000000a0000000,0x00000000a68f7448,0x00000000ace00000)
 Metaspace       used 98829K, capacity 103306K, committed 103616K, reserved 1138688K
  class space    used 12564K, capacity 13442K, committed 13568K, reserved 1048576K
}
Event: 327.255 GC heap before
{Heap before GC invocations=36 (full 4):
 PSYoungGen      total 407040K, used 376495K [0x00000000e0000000, 0x00000000fb600000, 0x0000000100000000)
  eden space 365568K, 100% used [0x00000000e0000000,0x00000000f6500000,0x00000000f6500000)
  from space 41472K, 26% used [0x00000000f6500000,0x00000000f6fabd98,0x00000000f8d80000)
  to   space 39424K, 0% used [0x00000000f8f80000,0x00000000f8f80000,0x00000000fb600000)
 ParOldGen       total 210944K, used 107485K [0x00000000a0000000, 0x00000000ace00000, 0x00000000e0000000)
  object space 210944K, 50% used [0x00000000a0000000,0x00000000a68f7448,0x00000000ace00000)
 Metaspace       used 98840K, capacity 103310K, committed 103616K, reserved 1138688K
  class space    used 12564K, capacity 13442K, committed 13568K, reserved 1048576K
Event: 327.275 GC heap after
Heap after GC invocations=36 (full 4):
 PSYoungGen      total 404992K, used 2432K [0x00000000e0000000, 0x00000000fb600000, 0x0000000100000000)
  eden space 365568K, 0% used [0x00000000e0000000,0x00000000e0000000,0x00000000f6500000)
  from space 39424K, 6% used [0x00000000f8f80000,0x00000000f91e0020,0x00000000fb600000)
  to   space 41472K, 0% used [0x00000000f6500000,0x00000000f6500000,0x00000000f8d80000)
 ParOldGen       total 210944K, used 116946K [0x00000000a0000000, 0x00000000ace00000, 0x00000000e0000000)
  object space 210944K, 55% used [0x00000000a0000000,0x00000000a7234860,0x00000000ace00000)
 Metaspace       used 98840K, capacity 103310K, committed 103616K, reserved 1138688K
  class space    used 12564K, capacity 13442K, committed 13568K, reserved 1048576K
}
Event: 329.352 GC heap before
{Heap before GC invocations=37 (full 4):
 PSYoungGen      total 404992K, used 368000K [0x00000000e0000000, 0x00000000fb600000, 0x0000000100000000)
  eden space 365568K, 100% used [0x00000000e0000000,0x00000000f6500000,0x00000000f6500000)
  from space 39424K, 6% used [0x00000000f8f80000,0x00000000f91e0020,0x00000000fb600000)
  to   space 41472K, 0% used [0x00000000f6500000,0x00000000f6500000,0x00000000f8d80000)
 ParOldGen       total 210944K, used 116946K [0x00000000a0000000, 0x00000000ace00000, 0x00000000e0000000)
  object space 210944K, 55% used [0x00000000a0000000,0x00000000a7234860,0x00000000ace00000)
 Metaspace       used 98860K, capacity 103314K, committed 103616K, reserved 1138688K
  class space    used 12566K, capacity 13442K, committed 13568K, reserved 1048576K
Event: 329.365 GC heap after
Heap after GC invocations=37 (full 4):
 PSYoungGen      total 407040K, used 5587K [0x00000000e0000000, 0x00000000fb600000, 0x0000000100000000)
  eden space 365568K, 0% used [0x00000000e0000000,0x00000000e0000000,0x00000000f6500000)
  from space 41472K, 13% used [0x00000000f6500000,0x00000000f6a74c98,0x00000000f8d80000)
  to   space 39424K, 0% used [0x00000000f8f80000,0x00000000f8f80000,0x00000000fb600000)
 ParOldGen       total 210944K, used 118170K [0x00000000a0000000, 0x00000000ace00000, 0x00000000e0000000)
  object space 210944K, 56% used [0x00000000a0000000,0x00000000a73668a0,0x00000000ace00000)
 Metaspace       used 98860K, capacity 103314K, committed 103616K, reserved 1138688K
  class space    used 12566K, capacity 13442K, committed 13568K, reserved 1048576K
}
Event: 330.889 GC heap before
{Heap before GC invocations=38 (full 4):
 PSYoungGen      total 407040K, used 371155K [0x00000000e0000000, 0x00000000fb600000, 0x0000000100000000)
  eden space 365568K, 100% used [0x00000000e0000000,0x00000000f6500000,0x00000000f6500000)
  from space 41472K, 13% used [0x00000000f6500000,0x00000000f6a74c98,0x00000000f8d80000)
  to   space 39424K, 0% used [0x00000000f8f80000,0x00000000f8f80000,0x00000000fb600000)
 ParOldGen       total 210944K, used 118170K [0x00000000a0000000, 0x00000000ace00000, 0x00000000e0000000)
  object space 210944K, 56% used [0x00000000a0000000,0x00000000a73668a0,0x00000000ace00000)
 Metaspace       used 98874K, capacity 103314K, committed 103616K, reserved 1138688K
  class space    used 12566K, capacity 13442K, committed 13568K, reserved 1048576K
Event: 330.899 GC heap after
Heap after GC invocations=38 (full 4):
 PSYoungGen      total 404992K, used 4755K [0x00000000e0000000, 0x00000000fb600000, 0x0000000100000000)
  eden space 365568K, 0% used [0x00000000e0000000,0x00000000e0000000,0x00000000f6500000)
  from space 39424K, 12% used [0x00000000f8f80000,0x00000000f9424ea0,0x00000000fb600000)
  to   space 41472K, 0% used [0x00000000f6500000,0x00000000f6500000,0x00000000f8d80000)
 ParOldGen       total 210944K, used 121116K [0x00000000a0000000, 0x00000000ace00000, 0x00000000e0000000)
  object space 210944K, 57% used [0x00000000a0000000,0x00000000a7647268,0x00000000ace00000)
 Metaspace       used 98874K, capacity 103314K, committed 103616K, reserved 1138688K
  class space    used 12566K, capacity 13442K, committed 13568K, reserved 1048576K
}
Event: 332.718 GC heap before
{Heap before GC invocations=39 (full 4):
 PSYoungGen      total 404992K, used 370323K [0x00000000e0000000, 0x00000000fb600000, 0x0000000100000000)
  eden space 365568K, 100% used [0x00000000e0000000,0x00000000f6500000,0x00000000f6500000)
  from space 39424K, 12% used [0x00000000f8f80000,0x00000000f9424ea0,0x00000000fb600000)
  to   space 41472K, 0% used [0x00000000f6500000,0x00000000f6500000,0x00000000f8d80000)
 ParOldGen       total 210944K, used 121116K [0x00000000a0000000, 0x00000000ace00000, 0x00000000e0000000)
  object space 210944K, 57% used [0x00000000a0000000,0x00000000a7647268,0x00000000ace00000)
 Metaspace       used 98892K, capacity 103324K, committed 103616K, reserved 1138688K
  class space    used 12567K, capacity 13443K, committed 13568K, reserved 1048576K
Event: 332.727 GC heap after
Heap after GC invocations=39 (full 4):
 PSYoungGen      total 407040K, used 4509K [0x00000000e0000000, 0x00000000fb600000, 0x0000000100000000)
  eden space 365568K, 0% used [0x00000000e0000000,0x00000000e0000000,0x00000000f6500000)
  from space 41472K, 10% used [0x00000000f6500000,0x00000000f6967528,0x00000000f8d80000)
  to   space 39424K, 0% used [0x00000000f8f80000,0x00000000f8f80000,0x00000000fb600000)
 ParOldGen       total 210944K, used 121862K [0x00000000a0000000, 0x00000000ace00000, 0x00000000e0000000)
  object space 210944K, 57% used [0x00000000a0000000,0x00000000a7701b38,0x00000000ace00000)
 Metaspace       used 98892K, capacity 103324K, committed 103616K, reserved 1138688K
  class space    used 12567K, capacity 13443K, committed 13568K, reserved 1048576K
}

Deoptimization events (10 events):
Event: 326.893 Thread 0x0000000019bad800 Uncommon trap: reason=bimorphic action=maybe_recompile pc=0x0000000005d6e3e8 method=com.android.tools.r8.ir.code.k0.a(Lcom/android/tools/r8/ir/analysis/type/TypeLatticeElement;)Lcom/android/tools/r8/ir/code/k0; @ 19
Event: 328.227 Thread 0x0000000019bad800 Uncommon trap: reason=array_check action=maybe_recompile pc=0x0000000006ef8b6c method=java.util.TimSort.mergeHi(IIII)V @ 524
Event: 328.228 Thread 0x0000000019bad800 Uncommon trap: reason=array_check action=maybe_recompile pc=0x0000000006ef8b6c method=java.util.TimSort.mergeHi(IIII)V @ 524
Event: 328.228 Thread 0x0000000019bad800 Uncommon trap: reason=array_check action=maybe_recompile pc=0x0000000006efb4b8 method=java.util.TimSort.mergeLo(IIII)V @ 468
Event: 328.228 Thread 0x0000000019bad800 Uncommon trap: reason=array_check action=maybe_recompile pc=0x0000000006efb4b8 method=java.util.TimSort.mergeLo(IIII)V @ 468
Event: 328.235 Thread 0x0000000019bad800 Uncommon trap: reason=array_check action=maybe_recompile pc=0x0000000004bf615c method=java.util.TimSort.mergeHi(IIII)V @ 250
Event: 329.903 Thread 0x0000000019bad800 Uncommon trap: reason=array_check action=maybe_recompile pc=0x00000000053424dc method=java.util.TimSort.mergeHi(IIII)V @ 657
Event: 329.903 Thread 0x0000000019bad800 Uncommon trap: reason=array_check action=maybe_recompile pc=0x00000000053424dc method=java.util.TimSort.mergeHi(IIII)V @ 657
Event: 330.398 Thread 0x0000000019bad800 Uncommon trap: reason=class_check action=maybe_recompile pc=0x0000000006ff39d4 method=com.android.tools.r8.ir.optimize.g.a(Lcom/android/tools/r8/ir/code/IRCode;)V @ 218
Event: 331.046 Thread 0x0000000019bad800 Uncommon trap: reason=unstable_if action=reinterpret pc=0x0000000007030c4c method=com.android.tools.r8.ir.regalloc.LinearScanRegisterAllocator.a(Lcom/android/tools/r8/ir/regalloc/LinearScanRegisterAllocator$a;Z)Lcom/android/tools/r8/ir/regalloc/LinearScan

Classes redefined (0 events):
No events

Internal exceptions (10 events):
Event: 330.113 Thread 0x0000000019bad800 Exception <a 'sun/nio/fs/WindowsException'> (0x00000000ea7af6a8) thrown at [D:\src\AOSP-openjdk-cygwin\jdk8u\hotspot\src\share\vm\prims\jni.cpp, line 710]
Event: 330.154 Thread 0x0000000019bad800 Exception <a 'sun/nio/fs/WindowsException'> (0x00000000ead0b890) thrown at [D:\src\AOSP-openjdk-cygwin\jdk8u\hotspot\src\share\vm\prims\jni.cpp, line 710]
Event: 332.063 Thread 0x0000000019bad800 Exception <a 'sun/nio/fs/WindowsException'> (0x00000000edf3efc0) thrown at [D:\src\AOSP-openjdk-cygwin\jdk8u\hotspot\src\share\vm\prims\jni.cpp, line 710]
Event: 332.078 Thread 0x0000000019bad800 Exception <a 'sun/nio/fs/WindowsException'> (0x00000000edf9e630) thrown at [D:\src\AOSP-openjdk-cygwin\jdk8u\hotspot\src\share\vm\prims\jni.cpp, line 710]
Event: 332.111 Thread 0x0000000019bad800 Exception <a 'sun/nio/fs/WindowsException'> (0x00000000ee75a840) thrown at [D:\src\AOSP-openjdk-cygwin\jdk8u\hotspot\src\share\vm\prims\jni.cpp, line 710]
Event: 332.123 Thread 0x0000000019bad800 Exception <a 'sun/nio/fs/WindowsException'> (0x00000000ee799b78) thrown at [D:\src\AOSP-openjdk-cygwin\jdk8u\hotspot\src\share\vm\prims\jni.cpp, line 710]
Event: 332.137 Thread 0x0000000019bad800 Exception <a 'sun/nio/fs/WindowsException'> (0x00000000eea52050) thrown at [D:\src\AOSP-openjdk-cygwin\jdk8u\hotspot\src\share\vm\prims\jni.cpp, line 710]
Event: 332.151 Thread 0x0000000019bad800 Exception <a 'sun/nio/fs/WindowsException'> (0x00000000eeaf1a38) thrown at [D:\src\AOSP-openjdk-cygwin\jdk8u\hotspot\src\share\vm\prims\jni.cpp, line 710]
Event: 332.312 Thread 0x0000000019bad800 Exception <a 'sun/nio/fs/WindowsException'> (0x00000000f08243d0) thrown at [D:\src\AOSP-openjdk-cygwin\jdk8u\hotspot\src\share\vm\prims\jni.cpp, line 710]
Event: 332.367 Thread 0x0000000019bad800 Exception <a 'sun/nio/fs/WindowsException'> (0x00000000f0eece28) thrown at [D:\src\AOSP-openjdk-cygwin\jdk8u\hotspot\src\share\vm\prims\jni.cpp, line 710]

Events (10 events):
Event: 333.177 Thread 0x0000000019bad800 DEOPT PACKING pc=0x000000000710c21a sp=0x00000000250799e0
Event: 333.177 Thread 0x0000000019bad800 DEOPT UNPACKING pc=0x00000000033875d0 sp=0x0000000025079a48 mode 0
Event: 333.192 Thread 0x0000000019bad800 DEOPT PACKING pc=0x0000000005abdb62 sp=0x0000000025079dd0
Event: 333.192 Thread 0x0000000019bad800 DEOPT UNPACKING pc=0x00000000033875d0 sp=0x0000000025079d10 mode 0
Event: 333.208 Thread 0x0000000019bad800 DEOPT PACKING pc=0x00000000058f5497 sp=0x0000000025079b40
Event: 333.208 Thread 0x0000000019bad800 DEOPT UNPACKING pc=0x00000000033875d0 sp=0x00000000250799c0 mode 0
Event: 333.213 Thread 0x0000000019bad800 DEOPT PACKING pc=0x0000000005b6c36a sp=0x0000000025079a20
Event: 333.213 Thread 0x0000000019bad800 DEOPT UNPACKING pc=0x00000000033875d0 sp=0x0000000025079a30 mode 0
Event: 333.218 Thread 0x0000000019bad800 DEOPT PACKING pc=0x0000000005c184c0 sp=0x0000000025079b90
Event: 333.218 Thread 0x0000000019bad800 DEOPT UNPACKING pc=0x00000000033875d0 sp=0x0000000025079a48 mode 0


Dynamic libraries:
0x00007ff76ad60000 - 0x00007ff76ad91000 	C:\Program Files\Android\Android Studio\jre\bin\java.exe
0x00007ff84c560000 - 0x00007ff84c750000 	C:\WINDOWS\SYSTEM32\ntdll.dll
0x00007ff84b9d0000 - 0x00007ff84ba82000 	C:\WINDOWS\System32\KERNEL32.DLL
0x00007ff84a110000 - 0x00007ff84a3b3000 	C:\WINDOWS\System32\KERNELBASE.dll
0x00007ff84b060000 - 0x00007ff84b103000 	C:\WINDOWS\System32\ADVAPI32.dll
0x00007ff84a8b0000 - 0x00007ff84a94e000 	C:\WINDOWS\System32\msvcrt.dll
0x00007ff84b510000 - 0x00007ff84b5a7000 	C:\WINDOWS\System32\sechost.dll
0x00007ff84c3a0000 - 0x00007ff84c4c0000 	C:\WINDOWS\System32\RPCRT4.dll
0x00007ff84b110000 - 0x00007ff84b2a4000 	C:\WINDOWS\System32\USER32.dll
0x00007ff849fe0000 - 0x00007ff84a001000 	C:\WINDOWS\System32\win32u.dll
0x00007ff84c310000 - 0x00007ff84c336000 	C:\WINDOWS\System32\GDI32.dll
0x00007ff849e10000 - 0x00007ff849fa4000 	C:\WINDOWS\System32\gdi32full.dll
0x00007ff84a3c0000 - 0x00007ff84a45e000 	C:\WINDOWS\System32\msvcp_win.dll
0x00007ff84a010000 - 0x00007ff84a10a000 	C:\WINDOWS\System32\ucrtbase.dll
0x00007ff844380000 - 0x00007ff844605000 	C:\WINDOWS\WinSxS\amd64_microsoft.windows.common-controls_6595b64144ccf1df_6.0.18362.535_none_e6c3b34713100821\COMCTL32.dll
0x00007ff84b630000 - 0x00007ff84b966000 	C:\WINDOWS\System32\combase.dll
0x00007ff849d70000 - 0x00007ff849df0000 	C:\WINDOWS\System32\bcryptPrimitives.dll
0x00007ff84ba90000 - 0x00007ff84babe000 	C:\WINDOWS\System32\IMM32.DLL
0x0000000059b10000 - 0x0000000059be2000 	C:\Program Files\Android\Android Studio\jre\jre\bin\msvcr100.dll
0x0000000059bf0000 - 0x000000005a436000 	C:\Program Files\Android\Android Studio\jre\jre\bin\server\jvm.dll
0x00007ff84b390000 - 0x00007ff84b398000 	C:\WINDOWS\System32\PSAPI.DLL
0x00007ff848150000 - 0x00007ff84815a000 	C:\WINDOWS\SYSTEM32\VERSION.dll
0x00007ff846f20000 - 0x00007ff846f44000 	C:\WINDOWS\SYSTEM32\WINMM.dll
0x00007ff837500000 - 0x00007ff837509000 	C:\WINDOWS\SYSTEM32\WSOCK32.dll
0x00007ff84bc10000 - 0x00007ff84bc7f000 	C:\WINDOWS\System32\WS2_32.dll
0x00007ff846ef0000 - 0x00007ff846f1d000 	C:\WINDOWS\SYSTEM32\winmmbase.dll
0x00007ff8494f0000 - 0x00007ff84953a000 	C:\WINDOWS\System32\cfgmgr32.dll
0x00007ff848300000 - 0x00007ff84830f000 	C:\Program Files\Android\Android Studio\jre\jre\bin\verify.dll
0x00007ff8482d0000 - 0x00007ff8482f9000 	C:\Program Files\Android\Android Studio\jre\jre\bin\java.dll
0x00007ff8439a0000 - 0x00007ff8439b6000 	C:\Program Files\Android\Android Studio\jre\jre\bin\zip.dll
0x00007ff84a970000 - 0x00007ff84b055000 	C:\WINDOWS\System32\SHELL32.dll
0x00007ff84b3b0000 - 0x00007ff84b459000 	C:\WINDOWS\System32\shcore.dll
0x00007ff8495f0000 - 0x00007ff849d6f000 	C:\WINDOWS\System32\windows.storage.dll
0x00007ff849460000 - 0x00007ff84947f000 	C:\WINDOWS\System32\profapi.dll
0x00007ff849480000 - 0x00007ff8494ca000 	C:\WINDOWS\System32\powrprof.dll
0x00007ff849430000 - 0x00007ff849440000 	C:\WINDOWS\System32\UMPDC.dll
0x00007ff84c4c0000 - 0x00007ff84c512000 	C:\WINDOWS\System32\shlwapi.dll
0x00007ff849440000 - 0x00007ff849451000 	C:\WINDOWS\System32\kernel.appcore.dll
0x00007ff849df0000 - 0x00007ff849e07000 	C:\WINDOWS\System32\cryptsp.dll
0x00007ff8438d0000 - 0x00007ff8438ea000 	C:\Program Files\Android\Android Studio\jre\jre\bin\net.dll
0x00007ff848ca0000 - 0x00007ff848d07000 	C:\WINDOWS\system32\mswsock.dll
0x00007ff83f4c0000 - 0x00007ff83f4d1000 	C:\Program Files\Android\Android Studio\jre\jre\bin\nio.dll
0x00007ff8482a0000 - 0x00007ff8482c6000 	C:\Users\remys_000\.gradle\native\29\windows-amd64\native-platform.dll
0x00007ff845c30000 - 0x00007ff845c3d000 	C:\Program Files\Android\Android Studio\jre\jre\bin\management.dll
0x00007ff848810000 - 0x00007ff848843000 	C:\WINDOWS\system32\rsaenh.dll
0x00007ff849fb0000 - 0x00007ff849fd6000 	C:\WINDOWS\System32\bcrypt.dll
0x00007ff849320000 - 0x00007ff849345000 	C:\WINDOWS\SYSTEM32\USERENV.dll
0x00007ff848e70000 - 0x00007ff848e7c000 	C:\WINDOWS\SYSTEM32\CRYPTBASE.dll
0x00007ff8489b0000 - 0x00007ff8489ea000 	C:\WINDOWS\SYSTEM32\IPHLPAPI.DLL
0x00007ff84b380000 - 0x00007ff84b388000 	C:\WINDOWS\System32\NSI.dll
0x00007ff8435e0000 - 0x00007ff8435f6000 	C:\WINDOWS\SYSTEM32\dhcpcsvc6.DLL
0x00007ff8433a0000 - 0x00007ff8433bc000 	C:\WINDOWS\SYSTEM32\dhcpcsvc.DLL
0x00007ff848a00000 - 0x00007ff848aca000 	C:\WINDOWS\SYSTEM32\DNSAPI.dll
0x00007ff837f20000 - 0x00007ff837f44000 	C:\Program Files\Android\Android Studio\jre\jre\bin\sunec.dll
0x00007ff841280000 - 0x00007ff84128a000 	C:\Windows\System32\rasadhlp.dll
0x00007ff842040000 - 0x00007ff8420b7000 	C:\WINDOWS\System32\fwpuclnt.dll
0x00007ff845b60000 - 0x00007ff845b6b000 	C:\Program Files\Android\Android Studio\jre\jre\bin\sunmscapi.dll
0x00007ff84a460000 - 0x00007ff84a5a9000 	C:\WINDOWS\System32\CRYPT32.dll
0x00007ff8494d0000 - 0x00007ff8494e2000 	C:\WINDOWS\System32\MSASN1.dll

VM Arguments:
jvm_args: -Xmx1536m -Dfile.encoding=windows-1252 -Duser.country=FR -Duser.language=fr -Duser.variant 
java_command: org.gradle.launcher.daemon.bootstrap.GradleDaemon 5.4.1
java_class_path (initial): C:\Users\remys_000\.gradle\wrapper\dists\gradle-5.4.1-all\3221gyojl5jsh0helicew7rwx\gradle-5.4.1\lib\gradle-launcher-5.4.1.jar
Launcher Type: SUN_STANDARD

Environment Variables:
PATH=C:\Program Files (x86)\Common Files\Oracle\Java\javapath;C:\Program Files (x86)\NVIDIA Corporation\PhysX\Common;C:\ProgramData\Oracle\Java\javapath;c:\Program Files (x86)\Intel\iCLS Client\;c:\Program Files\Intel\iCLS Client\;C:\WINDOWS\system32;C:\WINDOWS;C:\WINDOWS\System32\Wbem;C:\WINDOWS\System32\WindowsPowerShell\v1.0\;C:\Program Files\Intel\Intel(R) Management Engine Components\DAL;C:\Program Files\Intel\Intel(R) Management Engine Components\IPT;C:\Program Files (x86)\Intel\Intel(R) Management Engine Components\DAL;C:\Program Files (x86)\Intel\Intel(R) Management Engine Components\IPT;C:\Program Files (x86)\Windows Live\Shared;C:\Program Files\Calibre2\;C:\Program Files (x86)\AMD\ATI.ACE\Core-Static;C:\Program Files (x86)\ATI Technologies\ATI.ACE\Core-Static;C:\Program Files\MySQL\MySQL Utilities 1.6\;C:\WINDOWS\System32\OpenSSH\;C:\Program Files (x86)\ffmpeg-20151205-git-a16243a-win64-static\bin;C:\ProgramData\Oracle\Java\javapath;c:\Program Files (x86)\Intel\iCLS Client\;c:\Program Files\Intel\iCLS Client\;C:\Program Files (x86)\NVIDIA Corporation\PhysX\Common;C:\WINDOWS\system32;C:\WINDOWS;C:\WINDOWS\System32\Wbem;C:\WINDOWS\System32\WindowsPowerShell\v1.0\;C:\Program Files\Intel\Intel(R) Management Engine Components\DAL;C:\Program Files\Intel\Intel(R) Management Engine Components\IPT;C:\Program Files (x86)\Intel\Intel(R) Management Engine Components\DAL;C:\Program Files (x86)\Intel\Intel(R) Management Engine Components\IPT;C:\Program Files (x86)\Windows Live\Shared;C:\Program Files\Calibre2\;";C:\Users\remys_000\AppData\Local\Microsoft\WindowsApps";C:\Program Files\MySQL\MySQL Server 5.7\bin;C:\Users\remys_000\AppData\Local\Microsoft\WindowsApps;C:\wso2\apache-maven-3.6.0\bin;
USERNAME=remys_000
OS=Windows_NT
PROCESSOR_IDENTIFIER=Intel64 Family 6 Model 58 Stepping 9, GenuineIntel



---------------  S Y S T E M  ---------------

OS: Windows 10.0 , 64 bit Build 18362 (10.0.18362.329)

CPU:total 4 (initial active 4) (4 cores per cpu, 1 threads per core) family 6 model 58 stepping 9, cmov, cx8, fxsr, mmx, sse, sse2, sse3, ssse3, sse4.1, sse4.2, popcnt, avx, aes, clmul, erms, tsc, tscinvbit, tscinv

Memory: 4k page, physical 8342824k(1862312k free), swap 12537128k(7580k free)

vm_info: OpenJDK 64-Bit Server VM (25.202-b03) for windows-amd64 JRE (1.8.0_202-release-1483-b03), built by "builder" with MS VC++ 10.0 (VS2010)

time: Wed Jan 15 17:40:55 2020
timezone: Paris, Madrid
elapsed time: 333 seconds (0d 0h 5m 33s)

