#
# There is insufficient memory for the Java Runtime Environment to continue.
# Native memory allocation (malloc) failed to allocate 32744 bytes for ChunkPool::allocate
# Possible reasons:
#   The system is out of physical RAM or swap space
#   In 32 bit mode, the process size limit was hit
# Possible solutions:
#   Reduce memory load on the system
#   Increase physical memory or swap space
#   Check if swap backing store is full
#   Use 64 bit Java on a 64 bit OS
#   Decrease Java heap size (-Xmx/-Xms)
#   Decrease number of Java threads
#   Decrease Java thread stack sizes (-Xss)
#   Set larger code cache with -XX:ReservedCodeCacheSize=
# This output file may be truncated or incomplete.
#
#  Out of Memory Error (allocation.cpp:273), pid=11128, tid=0x0000000000001ff0
#
# JRE version: OpenJDK Runtime Environment (8.0_152-b01) (build 1.8.0_152-release-915-b01)
# Java VM: OpenJDK 64-Bit Server VM (25.152-b01 mixed mode windows-amd64 compressed oops)
# Failed to write core dump. Minidumps are not enabled by default on client versions of Windows
#

---------------  T H R E A D  ---------------

Current thread (0x00000000182db800):  JavaThread "C2 CompilerThread1" daemon [_thread_in_native, id=8176, stack(0x0000000019b50000,0x0000000019c50000)]

Stack: [0x0000000019b50000,0x0000000019c50000]
[error occurred during error reporting (printing stack bounds), id 0xc0000005]

Native frames: (J=compiled Java code, j=interpreted, Vv=VM code, C=native code)


Current CompileTask:
C2:  11350 1311       4       java.net.URLClassLoader$1::run (5 bytes)


---------------  P R O C E S S  ---------------

Java Threads: ( => current thread )
  0x0000000019ecf800 JavaThread "File lock request listener" [_thread_in_native, id=16668, stack(0x000000001dfb0000,0x000000001e0b0000)]
  0x000000001a4bf000 JavaThread "Cache worker for file hash cache (C:\Users\remys_000\.gradle\caches\4.1\fileHashes)" [_thread_blocked, id=11772, stack(0x000000001dd90000,0x000000001de90000)]
  0x000000001b092000 JavaThread "Stdin handler" [_thread_blocked, id=6928, stack(0x000000001cac0000,0x000000001cbc0000)]
  0x000000001b090800 JavaThread "Asynchronous log dispatcher for DefaultDaemonConnection: socket connection from /127.0.0.1:55772 to /127.0.0.1:55774" [_thread_blocked, id=19524, stack(0x000000001c9c0000,0x000000001cac0000)]
  0x000000001b09d800 JavaThread "Daemon worker" [_thread_in_vm, id=20640, stack(0x000000001c8c0000,0x000000001c9c0000)]
  0x000000001b09a800 JavaThread "Cancel handler" [_thread_blocked, id=21268, stack(0x000000001c7c0000,0x000000001c8c0000)]
  0x000000001ad97000 JavaThread "Handler for socket connection from /127.0.0.1:55772 to /127.0.0.1:55774" [_thread_in_native, id=19532, stack(0x000000001c4c0000,0x000000001c5c0000)]
  0x000000001a94f000 JavaThread "Daemon" [_thread_blocked, id=18848, stack(0x000000001c3c0000,0x000000001c4c0000)]
  0x000000001a62e800 JavaThread "Daemon periodic checks" [_thread_blocked, id=18824, stack(0x000000001c2c0000,0x000000001c3c0000)]
  0x000000001a940000 JavaThread "Incoming local TCP Connector on port 55772" [_thread_in_native, id=22160, stack(0x000000001c060000,0x000000001c160000)]
  0x0000000019d6f000 JavaThread "Service Thread" daemon [_thread_blocked, id=22464, stack(0x000000001a150000,0x000000001a250000)]
  0x00000000182e4000 JavaThread "C1 CompilerThread2" daemon [_thread_blocked, id=14176, stack(0x0000000019c50000,0x0000000019d50000)]
=>0x00000000182db800 JavaThread "C2 CompilerThread1" daemon [_thread_in_native, id=8176, stack(0x0000000019b50000,0x0000000019c50000)]
  0x00000000182d8800 JavaThread "C2 CompilerThread0" daemon [_thread_in_native, id=9284, stack(0x0000000019a50000,0x0000000019b50000)]
  0x00000000182e7800 JavaThread "Attach Listener" daemon [_thread_blocked, id=13844, stack(0x0000000019950000,0x0000000019a50000)]
  0x00000000182e6000 JavaThread "Signal Dispatcher" daemon [_thread_blocked, id=21236, stack(0x0000000019850000,0x0000000019950000)]
  0x000000000496c800 JavaThread "Finalizer" daemon [_thread_blocked, id=10132, stack(0x0000000019530000,0x0000000019630000)]
  0x0000000004961800 JavaThread "Reference Handler" daemon [_thread_blocked, id=2204, stack(0x0000000019430000,0x0000000019530000)]
  0x000000000476e000 JavaThread "main" [_thread_blocked, id=15824, stack(0x0000000004770000,0x0000000004870000)]

Other Threads:
  0x00000000182a5000 VMThread [stack: 0x0000000019330000,0x0000000019430000] [id=18616]
  0x000000001833e800 WatcherThread [stack: 0x000000001a250000,0x000000001a350000] [id=5020]

VM state:not at safepoint (normal execution)

VM Mutex/Monitor currently owned by a thread: None

Heap:
 PSYoungGen      total 38400K, used 29116K [0x00000000e0000000, 0x00000000e2a80000, 0x0000000100000000)
  eden space 33280K, 72% used [0x00000000e0000000,0x00000000e1772dc0,0x00000000e2080000)
  from space 5120K, 99% used [0x00000000e2580000,0x00000000e2a7c268,0x00000000e2a80000)
  to   space 5120K, 0% used [0x00000000e2080000,0x00000000e2080000,0x00000000e2580000)
 ParOldGen       total 87552K, used 913K [0x00000000a0000000, 0x00000000a5580000, 0x00000000e0000000)
  object space 87552K, 1% used [0x00000000a0000000,0x00000000a00e4450,0x00000000a5580000)
 Metaspace       used 14524K, capacity 14928K, committed 14976K, reserved 1062912K
  class space    used 2028K, capacity 2156K, committed 2176K, reserved 1048576K

Card table byte_map: [0x0000000013d30000,0x0000000014040000] byte_map_base: 0x0000000013830000

Marking Bits: (ParMarkBitMap*) 0x000000006e923950
 Begin Bits: [0x0000000014640000, 0x0000000015e40000)
 End Bits:   [0x0000000015e40000, 0x0000000017640000)

Polling page: 0x0000000002910000

CodeCache: size=245760Kb used=4720Kb max_used=4720Kb free=241039Kb
 bounds [0x0000000004970000, 0x0000000004e20000, 0x0000000013970000]
 total_blobs=1702 nmethods=1334 adapters=280
 compilation: enabled

Compilation events (10 events):
Event: 11.326 Thread 0x00000000182e4000 nmethod 1356 0x0000000004e083d0 code [0x0000000004e08680, 0x0000000004e09948]
Event: 11.326 Thread 0x00000000182e4000 1357       3       org.gradle.configuration.DefaultImportsReader$2::processLine (70 bytes)
Event: 11.327 Thread 0x00000000182e4000 nmethod 1357 0x0000000004e09f90 code [0x0000000004e0a240, 0x0000000004e0b578]
Event: 11.330 Thread 0x00000000182e4000 1358       3       com.google.common.base.CharMatcher$9::<init> (11 bytes)
Event: 11.331 Thread 0x00000000182e4000 nmethod 1358 0x0000000004e0c290 code [0x0000000004e0c400, 0x0000000004e0c690]
Event: 11.331 Thread 0x00000000182e4000 1359       3       com.google.common.base.Splitter::splittingIterator (12 bytes)
Event: 11.331 Thread 0x00000000182e4000 nmethod 1359 0x0000000004e0c7d0 code [0x0000000004e0c960, 0x0000000004e0cd68]
Event: 11.331 Thread 0x00000000182e4000 1360       3       com.google.common.base.AbstractIterator::<init> (12 bytes)
Event: 11.331 Thread 0x00000000182e4000 nmethod 1360 0x0000000004e0cf90 code [0x0000000004e0d100, 0x0000000004e0d2d0]
Event: 11.331 Thread 0x00000000182e4000 1361       3       java.lang.String::split (326 bytes)

GC Heap History (4 events):
Event: 2.552 GC heap before
{Heap before GC invocations=1 (full 0):
 PSYoungGen      total 38400K, used 33280K [0x00000000e0000000, 0x00000000e2a80000, 0x0000000100000000)
  eden space 33280K, 100% used [0x00000000e0000000,0x00000000e2080000,0x00000000e2080000)
  from space 5120K, 0% used [0x00000000e2580000,0x00000000e2580000,0x00000000e2a80000)
  to   space 5120K, 0% used [0x00000000e2080000,0x00000000e2080000,0x00000000e2580000)
 ParOldGen       total 87552K, used 0K [0x00000000a0000000, 0x00000000a5580000, 0x00000000e0000000)
  object space 87552K, 0% used [0x00000000a0000000,0x00000000a0000000,0x00000000a5580000)
 Metaspace       used 6927K, capacity 7194K, committed 7424K, reserved 1056768K
  class space    used 839K, capacity 911K, committed 1024K, reserved 1048576K
Event: 2.557 GC heap after
Heap after GC invocations=1 (full 0):
 PSYoungGen      total 38400K, used 4305K [0x00000000e0000000, 0x00000000e2a80000, 0x0000000100000000)
  eden space 33280K, 0% used [0x00000000e0000000,0x00000000e0000000,0x00000000e2080000)
  from space 5120K, 84% used [0x00000000e2080000,0x00000000e24b46f8,0x00000000e2580000)
  to   space 5120K, 0% used [0x00000000e2580000,0x00000000e2580000,0x00000000e2a80000)
 ParOldGen       total 87552K, used 8K [0x00000000a0000000, 0x00000000a5580000, 0x00000000e0000000)
  object space 87552K, 0% used [0x00000000a0000000,0x00000000a0002000,0x00000000a5580000)
 Metaspace       used 6927K, capacity 7194K, committed 7424K, reserved 1056768K
  class space    used 839K, capacity 911K, committed 1024K, reserved 1048576K
}
Event: 10.274 GC heap before
{Heap before GC invocations=2 (full 0):
 PSYoungGen      total 38400K, used 37585K [0x00000000e0000000, 0x00000000e2a80000, 0x0000000100000000)
  eden space 33280K, 100% used [0x00000000e0000000,0x00000000e2080000,0x00000000e2080000)
  from space 5120K, 84% used [0x00000000e2080000,0x00000000e24b46f8,0x00000000e2580000)
  to   space 5120K, 0% used [0x00000000e2580000,0x00000000e2580000,0x00000000e2a80000)
 ParOldGen       total 87552K, used 8K [0x00000000a0000000, 0x00000000a5580000, 0x00000000e0000000)
  object space 87552K, 0% used [0x00000000a0000000,0x00000000a0002000,0x00000000a5580000)
 Metaspace       used 12275K, capacity 12684K, committed 12800K, reserved 1060864K
  class space    used 1637K, capacity 1770K, committed 1792K, reserved 1048576K
Event: 10.287 GC heap after
Heap after GC invocations=2 (full 0):
 PSYoungGen      total 38400K, used 5104K [0x00000000e0000000, 0x00000000e2a80000, 0x0000000100000000)
  eden space 33280K, 0% used [0x00000000e0000000,0x00000000e0000000,0x00000000e2080000)
  from space 5120K, 99% used [0x00000000e2580000,0x00000000e2a7c268,0x00000000e2a80000)
  to   space 5120K, 0% used [0x00000000e2080000,0x00000000e2080000,0x00000000e2580000)
 ParOldGen       total 87552K, used 913K [0x00000000a0000000, 0x00000000a5580000, 0x00000000e0000000)
  object space 87552K, 1% used [0x00000000a0000000,0x00000000a00e4450,0x00000000a5580000)
 Metaspace       used 12275K, capacity 12684K, committed 12800K, reserved 1060864K
  class space    used 1637K, capacity 1770K, committed 1792K, reserved 1048576K
}

Deoptimization events (10 events):
Event: 4.154 Thread 0x000000000476e000 Uncommon trap: reason=bimorphic action=maybe_recompile pc=0x0000000004bdad48 method=java.util.HashMap.putVal(ILjava/lang/Object;Ljava/lang/Object;ZZ)Ljava/lang/Object; @ 91
Event: 4.904 Thread 0x000000000476e000 Uncommon trap: reason=bimorphic action=maybe_recompile pc=0x0000000004c84950 method=java.util.HashMap.putVal(ILjava/lang/Object;Ljava/lang/Object;ZZ)Ljava/lang/Object; @ 203
Event: 5.412 Thread 0x000000000476e000 Uncommon trap: reason=unstable_if action=reinterpret pc=0x0000000004c5b348 method=java.io.WinNTFileSystem.normalize(Ljava/lang/String;)Ljava/lang/String; @ 128
Event: 5.412 Thread 0x000000000476e000 Uncommon trap: reason=unstable_if action=reinterpret pc=0x0000000004c4aa64 method=java.io.WinNTFileSystem.normalize(Ljava/lang/String;II)Ljava/lang/String; @ 90
Event: 10.220 Thread 0x000000001b09d800 Uncommon trap: reason=bimorphic action=maybe_recompile pc=0x0000000004c843e0 method=java.util.HashMap.putVal(ILjava/lang/Object;Ljava/lang/Object;ZZ)Ljava/lang/Object; @ 253
Event: 10.220 Thread 0x000000001b09d800 Uncommon trap: reason=bimorphic action=maybe_recompile pc=0x0000000004c843e0 method=java.util.HashMap.putVal(ILjava/lang/Object;Ljava/lang/Object;ZZ)Ljava/lang/Object; @ 253
Event: 10.220 Thread 0x000000001b09d800 Uncommon trap: reason=bimorphic action=maybe_recompile pc=0x0000000004d94afc method=java.util.HashMap.putVal(ILjava/lang/Object;Ljava/lang/Object;ZZ)Ljava/lang/Object; @ 253
Event: 10.735 Thread 0x000000001b09d800 Uncommon trap: reason=class_check action=maybe_recompile pc=0x0000000004bd11dc method=java.util.regex.Matcher.match(II)Z @ 86
Event: 10.736 Thread 0x000000001b09d800 Uncommon trap: reason=class_check action=maybe_recompile pc=0x0000000004bd11dc method=java.util.regex.Matcher.match(II)Z @ 86
Event: 11.286 Thread 0x000000001b09d800 Uncommon trap: reason=unstable_if action=reinterpret pc=0x0000000004dd27b4 method=java.lang.String.lastIndexOf([CII[CIII)I @ 66

Classes redefined (0 events):
No events

Internal exceptions (10 events):
Event: 9.907 Thread 0x000000001ad97000 Exception <a 'java/lang/NoSuchMethodError': <clinit>> (0x00000000e1a7a080) thrown at [D:\src\AOSP-openjdk-cygwin\jdk8u\hotspot\src\share\vm\prims\jni.cpp, line 1613]
Event: 9.939 Thread 0x000000001ad97000 Exception <a 'java/lang/NoSuchMethodError': <clinit>> (0x00000000e1a9b188) thrown at [D:\src\AOSP-openjdk-cygwin\jdk8u\hotspot\src\share\vm\prims\jni.cpp, line 1613]
Event: 9.942 Thread 0x000000001ad97000 Exception <a 'java/lang/NoSuchMethodError': <clinit>> (0x00000000e1ab2c88) thrown at [D:\src\AOSP-openjdk-cygwin\jdk8u\hotspot\src\share\vm\prims\jni.cpp, line 1613]
Event: 9.943 Thread 0x000000001ad97000 Exception <a 'java/lang/NoSuchMethodError': <clinit>> (0x00000000e1abb750) thrown at [D:\src\AOSP-openjdk-cygwin\jdk8u\hotspot\src\share\vm\prims\jni.cpp, line 1613]
Event: 9.946 Thread 0x000000001ad97000 Exception <a 'java/lang/NoSuchMethodError': <clinit>> (0x00000000e1accdb8) thrown at [D:\src\AOSP-openjdk-cygwin\jdk8u\hotspot\src\share\vm\prims\jni.cpp, line 1613]
Event: 10.097 Thread 0x000000001ad97000 Exception <a 'java/lang/NoSuchMethodError': <clinit>> (0x00000000e1b4bdd8) thrown at [D:\src\AOSP-openjdk-cygwin\jdk8u\hotspot\src\share\vm\prims\jni.cpp, line 1613]
Event: 10.138 Thread 0x000000001ad97000 Exception <a 'java/lang/NoSuchMethodError': <clinit>> (0x00000000e1b66630) thrown at [D:\src\AOSP-openjdk-cygwin\jdk8u\hotspot\src\share\vm\prims\jni.cpp, line 1613]
Event: 10.151 Thread 0x000000001ad97000 Exception <a 'java/lang/NoSuchMethodError': <clinit>> (0x00000000e1b8ab88) thrown at [D:\src\AOSP-openjdk-cygwin\jdk8u\hotspot\src\share\vm\prims\jni.cpp, line 1613]
Event: 10.198 Thread 0x000000001b09d800 Exception <a 'java/lang/NoSuchMethodError': <clinit>> (0x00000000e1c93de8) thrown at [D:\src\AOSP-openjdk-cygwin\jdk8u\hotspot\src\share\vm\prims\jni.cpp, line 1613]
Event: 10.198 Thread 0x000000001b09d800 Exception <a 'java/lang/NoSuchMethodError': <clinit>> (0x00000000e1c9c070) thrown at [D:\src\AOSP-openjdk-cygwin\jdk8u\hotspot\src\share\vm\prims\jni.cpp, line 1613]

Events (10 events):
Event: 11.310 loading class com/google/common/base/Splitter$SplittingIterator
Event: 11.310 loading class com/google/common/base/Splitter$SplittingIterator done
Event: 11.310 loading class com/google/common/base/AbstractIterator
Event: 11.310 loading class com/google/common/base/AbstractIterator done
Event: 11.310 loading class com/google/common/base/Splitter$1$1
Event: 11.310 loading class com/google/common/base/Splitter$1$1 done
Event: 11.311 loading class com/google/common/base/AbstractIterator$State
Event: 11.311 loading class com/google/common/base/AbstractIterator$State done
Event: 11.311 loading class com/google/common/base/AbstractIterator$1
Event: 11.311 loading class com/google/common/base/AbstractIterator$1 done


Dynamic libraries:
0x00007ff6f5af0000 - 0x00007ff6f5b21000 	C:\Program Files\Android\Android Studio\jre\bin\java.exe
0x00007ffce9f20000 - 0x00007ffcea100000 	C:\WINDOWS\SYSTEM32\ntdll.dll
0x00007ffce9ca0000 - 0x00007ffce9d4e000 	C:\WINDOWS\System32\KERNEL32.DLL
0x00007ffce6eb0000 - 0x00007ffce7116000 	C:\WINDOWS\System32\KERNELBASE.dll
0x00007ffce9ab0000 - 0x00007ffce9b51000 	C:\WINDOWS\System32\ADVAPI32.dll
0x00007ffce9a10000 - 0x00007ffce9aad000 	C:\WINDOWS\System32\msvcrt.dll
0x00007ffce7710000 - 0x00007ffce776b000 	C:\WINDOWS\System32\sechost.dll
0x00007ffce9430000 - 0x00007ffce954f000 	C:\WINDOWS\System32\RPCRT4.dll
0x00007ffce9550000 - 0x00007ffce96df000 	C:\WINDOWS\System32\USER32.dll
0x00007ffce6e90000 - 0x00007ffce6eb0000 	C:\WINDOWS\System32\win32u.dll
0x00007ffce9830000 - 0x00007ffce9858000 	C:\WINDOWS\System32\GDI32.dll
0x00007ffce6370000 - 0x00007ffce6503000 	C:\WINDOWS\System32\gdi32full.dll
0x00007ffce7180000 - 0x00007ffce721b000 	C:\WINDOWS\System32\msvcp_win.dll
0x00007ffce6640000 - 0x00007ffce6736000 	C:\WINDOWS\System32\ucrtbase.dll
0x00007ffce0700000 - 0x00007ffce0969000 	C:\WINDOWS\WinSxS\amd64_microsoft.windows.common-controls_6595b64144ccf1df_6.0.16299.431_none_15c7d3ee93659e73\COMCTL32.dll
0x00007ffce7780000 - 0x00007ffce7a88000 	C:\WINDOWS\System32\combase.dll
0x00007ffce65c0000 - 0x00007ffce6632000 	C:\WINDOWS\System32\bcryptPrimitives.dll
0x00007ffce9c70000 - 0x00007ffce9c9d000 	C:\WINDOWS\System32\IMM32.DLL
0x000000006fa70000 - 0x000000006fb42000 	C:\Program Files\Android\Android Studio\jre\jre\bin\msvcr100.dll
0x000000006e160000 - 0x000000006e99e000 	C:\Program Files\Android\Android Studio\jre\jre\bin\server\jvm.dll
0x00007ffce7770000 - 0x00007ffce7778000 	C:\WINDOWS\System32\PSAPI.DLL
0x00007ffcdfbc0000 - 0x00007ffcdfbc9000 	C:\WINDOWS\SYSTEM32\WSOCK32.dll
0x00007ffce4520000 - 0x00007ffce4543000 	C:\WINDOWS\SYSTEM32\WINMM.dll
0x00007ffce16c0000 - 0x00007ffce16ca000 	C:\WINDOWS\SYSTEM32\VERSION.dll
0x00007ffce9860000 - 0x00007ffce98cc000 	C:\WINDOWS\System32\WS2_32.dll
0x00007ffce44c0000 - 0x00007ffce44ea000 	C:\WINDOWS\SYSTEM32\WINMMBASE.dll
0x00007ffce6320000 - 0x00007ffce636a000 	C:\WINDOWS\System32\cfgmgr32.dll
0x00007ffcdd150000 - 0x00007ffcdd15f000 	C:\Program Files\Android\Android Studio\jre\jre\bin\verify.dll
0x00007ffcc3460000 - 0x00007ffcc3489000 	C:\Program Files\Android\Android Studio\jre\jre\bin\java.dll
0x00007ffcdaa00000 - 0x00007ffcdaa16000 	C:\Program Files\Android\Android Studio\jre\jre\bin\zip.dll
0x00007ffce7a90000 - 0x00007ffce8ec8000 	C:\WINDOWS\System32\SHELL32.dll
0x00007ffce8f30000 - 0x00007ffce8fd6000 	C:\WINDOWS\System32\shcore.dll
0x00007ffce6740000 - 0x00007ffce6e87000 	C:\WINDOWS\System32\windows.storage.dll
0x00007ffce99a0000 - 0x00007ffce99f1000 	C:\WINDOWS\System32\shlwapi.dll
0x00007ffce62e0000 - 0x00007ffce62f1000 	C:\WINDOWS\System32\kernel.appcore.dll
0x00007ffce6290000 - 0x00007ffce62dc000 	C:\WINDOWS\System32\powrprof.dll
0x00007ffce6270000 - 0x00007ffce628b000 	C:\WINDOWS\System32\profapi.dll
0x00007ffccd7d0000 - 0x00007ffccd7ea000 	C:\Program Files\Android\Android Studio\jre\jre\bin\net.dll
0x00007ffce5b00000 - 0x00007ffce5b66000 	C:\WINDOWS\system32\mswsock.dll
0x00007ffccd130000 - 0x00007ffccd141000 	C:\Program Files\Android\Android Studio\jre\jre\bin\nio.dll
0x00007ffccab50000 - 0x00007ffccab6e000 	C:\Users\remys_000\.gradle\native\25\windows-amd64\native-platform.dll
0x00007ffcd8550000 - 0x00007ffcd855d000 	C:\Program Files\Android\Android Studio\jre\jre\bin\management.dll
0x00007ffce5cc0000 - 0x00007ffce5cd7000 	C:\WINDOWS\SYSTEM32\CRYPTSP.dll
0x00007ffce5700000 - 0x00007ffce5733000 	C:\WINDOWS\system32\rsaenh.dll
0x00007ffce5dd0000 - 0x00007ffce5df5000 	C:\WINDOWS\SYSTEM32\bcrypt.dll
0x00007ffce61a0000 - 0x00007ffce61c9000 	C:\WINDOWS\SYSTEM32\USERENV.dll
0x00007ffce5ce0000 - 0x00007ffce5ceb000 	C:\WINDOWS\SYSTEM32\CRYPTBASE.dll
0x00007ffce5890000 - 0x00007ffce58c9000 	C:\WINDOWS\SYSTEM32\IPHLPAPI.DLL
0x00007ffce98d0000 - 0x00007ffce98d8000 	C:\WINDOWS\System32\NSI.dll
0x00007ffce1600000 - 0x00007ffce1616000 	C:\WINDOWS\SYSTEM32\dhcpcsvc6.DLL
0x00007ffce15e0000 - 0x00007ffce15fa000 	C:\WINDOWS\SYSTEM32\dhcpcsvc.DLL

VM Arguments:
jvm_args: -Xmx1536m -Dfile.encoding=windows-1252 -Duser.country=FR -Duser.language=fr -Duser.variant 
java_command: org.gradle.launcher.daemon.bootstrap.GradleDaemon 4.1
java_class_path (initial): C:\Users\remys_000\.gradle\wrapper\dists\gradle-4.1-all\bzyivzo6n839fup2jbap0tjew\gradle-4.1\lib\gradle-launcher-4.1.jar
Launcher Type: SUN_STANDARD

Environment Variables:
PATH=C:\Program Files (x86)\NVIDIA Corporation\PhysX\Common;C:\ProgramData\Oracle\Java\javapath;c:\Program Files (x86)\Intel\iCLS Client\;c:\Program Files\Intel\iCLS Client\;C:\WINDOWS\system32;C:\WINDOWS;C:\WINDOWS\System32\Wbem;C:\WINDOWS\System32\WindowsPowerShell\v1.0\;C:\Program Files\Intel\Intel(R) Management Engine Components\DAL;C:\Program Files\Intel\Intel(R) Management Engine Components\IPT;C:\Program Files (x86)\Intel\Intel(R) Management Engine Components\DAL;C:\Program Files (x86)\Intel\Intel(R) Management Engine Components\IPT;C:\Program Files (x86)\Windows Live\Shared;C:\Program Files\Calibre2\;C:\Program Files (x86)\AMD\ATI.ACE\Core-Static;C:\Program Files (x86)\ATI Technologies\ATI.ACE\Core-Static;C:\Program Files (x86)\Skype\Phone\;C:\Program Files\MySQL\MySQL Utilities 1.6\;C:\Program Files (x86)\ffmpeg-20151205-git-a16243a-win64-static\bin;C:\ProgramData\Oracle\Java\javapath;c:\Program Files (x86)\Intel\iCLS Client\;c:\Program Files\Intel\iCLS Client\;C:\Program Files (x86)\NVIDIA Corporation\PhysX\Common;C:\WINDOWS\system32;C:\WINDOWS;C:\WINDOWS\System32\Wbem;C:\WINDOWS\System32\WindowsPowerShell\v1.0\;C:\Program Files\Intel\Intel(R) Management Engine Components\DAL;C:\Program Files\Intel\Intel(R) Management Engine Components\IPT;C:\Program Files (x86)\Intel\Intel(R) Management Engine Components\DAL;C:\Program Files (x86)\Intel\Intel(R) Management Engine Components\IPT;C:\Program Files (x86)\Windows Live\Shared;C:\Program Files\Calibre2\;";C:\Users\remys_000\AppData\Local\Microsoft\WindowsApps";C:\Program Files\MySQL\MySQL Server 5.7\bin;
USERNAME=remys_000
OS=Windows_NT
PROCESSOR_IDENTIFIER=Intel64 Family 6 Model 58 Stepping 9, GenuineIntel



---------------  S Y S T E M  ---------------

OS: Windows 10.0 , 64 bit Build 16299 (10.0.16299.431)

CPU:total 4 (initial active 4) (4 cores per cpu, 1 threads per core) family 6 model 58 stepping 9, cmov, cx8, fxsr, mmx, sse, sse2, sse3, ssse3, sse4.1, sse4.2, popcnt, avx, aes, clmul, erms, tsc, tscinvbit, tscinv

Memory: 4k page, physical 8342824k(1483056k free), swap 12537128k(2520k free)

vm_info: OpenJDK 64-Bit Server VM (25.152-b01) for windows-amd64 JRE (1.8.0_152-release-915-b01), built by "builder" with MS VC++ 10.0 (VS2010)

time: Sun May 27 16:15:45 2018
elapsed time: 11 seconds (0d 0h 0m 11s)

