#
# There is insufficient memory for the Java Runtime Environment to continue.
# Native memory allocation (malloc) failed to allocate 32744 bytes for ChunkPool::allocate
# Possible reasons:
#   The system is out of physical RAM or swap space
#   The process is running with CompressedOops enabled, and the Java Heap may be blocking the growth of the native heap
# Possible solutions:
#   Reduce memory load on the system
#   Increase physical memory or swap space
#   Check if swap backing store is full
#   Decrease Java heap size (-Xmx/-Xms)
#   Decrease number of Java threads
#   Decrease Java thread stack sizes (-Xss)
#   Set larger code cache with -XX:ReservedCodeCacheSize=
#   JVM is running with Unscaled Compressed Oops mode in which the Java heap is
#     placed in the first 4GB address space. The Java Heap base address is the
#     maximum limit for the native heap growth. Please use -XX:HeapBaseMinAddress
#     to set the Java Heap base and to place the Java Heap above 4GB virtual address.
# This output file may be truncated or incomplete.
#
#  Out of Memory Error (allocation.cpp:272), pid=2824, tid=0x0000000000001e18
#
# JRE version: OpenJDK Runtime Environment (8.0_202-b03) (build 1.8.0_202-release-1483-b03)
# Java VM: OpenJDK 64-Bit Server VM (25.202-b03 mixed mode windows-amd64 compressed oops)
# Failed to write core dump. Minidumps are not enabled by default on client versions of Windows
#

---------------  T H R E A D  ---------------

Current thread (0x00000000168c1800):  JavaThread "C2 CompilerThread1" daemon [_thread_in_native, id=7704, stack(0x0000000018060000,0x0000000018160000)]

Stack: [0x0000000018060000,0x0000000018160000]
[error occurred during error reporting (printing stack bounds), id 0xc0000005]

Native frames: (J=compiled Java code, j=interpreted, Vv=VM code, C=native code)


Current CompileTask:
C2:   5159 1311       4       java.net.URLClassLoader$1::run (5 bytes)


---------------  P R O C E S S  ---------------

Java Threads: ( => current thread )
  0x000000001a31f800 JavaThread "Cache worker for file hash cache (C:\Users\remys_000\AndroidStudioProjects\IMCv4\.gradle\4.1\fileHashes)" [_thread_blocked, id=13024, stack(0x000000001c4b0000,0x000000001c5b0000)]
  0x00000000185fa000 JavaThread "File lock request listener" [_thread_in_native, id=10960, stack(0x000000001c3b0000,0x000000001c4b0000)]
  0x0000000018537000 JavaThread "Cache worker for file hash cache (C:\Users\remys_000\.gradle\caches\4.1\fileHashes)" [_thread_blocked, id=6044, stack(0x000000001c0b0000,0x000000001c1b0000)]
  0x00000000198a0800 JavaThread "Stdin handler" [_thread_blocked, id=4920, stack(0x000000001bfb0000,0x000000001c0b0000)]
  0x000000001989f800 JavaThread "Asynchronous log dispatcher for DefaultDaemonConnection: socket connection from /127.0.0.1:58797 to /127.0.0.1:58798" [_thread_blocked, id=14020, stack(0x000000001beb0000,0x000000001bfb0000)]
  0x0000000019892800 JavaThread "Daemon worker" [_thread_blocked, id=10124, stack(0x000000001bdb0000,0x000000001beb0000)]
  0x0000000019895000 JavaThread "Cancel handler" [_thread_blocked, id=11748, stack(0x000000001bcb0000,0x000000001bdb0000)]
  0x0000000019a37000 JavaThread "Handler for socket connection from /127.0.0.1:58797 to /127.0.0.1:58798" [_thread_in_native, id=6788, stack(0x000000001b9b0000,0x000000001bab0000)]
  0x00000000193b3800 JavaThread "Daemon" [_thread_blocked, id=4720, stack(0x000000001b8b0000,0x000000001b9b0000)]
  0x0000000019238000 JavaThread "Daemon periodic checks" [_thread_blocked, id=6040, stack(0x000000001b7b0000,0x000000001b8b0000)]
  0x0000000019237000 JavaThread "Incoming local TCP Connector on port 58797" [_thread_in_native, id=11920, stack(0x000000001b540000,0x000000001b640000)]
  0x000000001828c800 JavaThread "Service Thread" daemon [_thread_blocked, id=9028, stack(0x0000000018660000,0x0000000018760000)]
  0x00000000168c8000 JavaThread "C1 CompilerThread2" daemon [_thread_blocked, id=1952, stack(0x0000000018160000,0x0000000018260000)]
=>0x00000000168c1800 JavaThread "C2 CompilerThread1" daemon [_thread_in_native, id=7704, stack(0x0000000018060000,0x0000000018160000)]
  0x00000000168bd800 JavaThread "C2 CompilerThread0" daemon [_thread_in_native, id=7112, stack(0x0000000017f60000,0x0000000018060000)]
  0x00000000168bc000 JavaThread "Attach Listener" daemon [_thread_blocked, id=10320, stack(0x0000000017e60000,0x0000000017f60000)]
  0x00000000168bb000 JavaThread "Signal Dispatcher" daemon [_thread_blocked, id=8332, stack(0x0000000017d60000,0x0000000017e60000)]
  0x0000000002f4c800 JavaThread "Finalizer" daemon [_thread_blocked, id=7904, stack(0x0000000017b30000,0x0000000017c30000)]
  0x00000000168a9000 JavaThread "Reference Handler" daemon [_thread_blocked, id=2196, stack(0x0000000017a30000,0x0000000017b30000)]
  0x0000000002e52800 JavaThread "main" [_thread_blocked, id=7464, stack(0x0000000002c90000,0x0000000002d90000)]

Other Threads:
  0x0000000016886000 VMThread [stack: 0x0000000017930000,0x0000000017a30000] [id=14228]
  0x000000001691e800 WatcherThread [stack: 0x0000000018760000,0x0000000018860000] [id=12928]

VM state:at safepoint (normal execution)

VM Mutex/Monitor currently owned by a thread:  ([mutex/lock_event])
[0x0000000002e4dea0] Threads_lock - owner thread: 0x0000000016886000
[0x0000000002e4d220] Heap_lock - owner thread: 0x0000000019892800

heap address: 0x00000000a0000000, size: 1536 MB, Compressed Oops mode: 32-bit
Narrow klass base: 0x0000000000000000, Narrow klass shift: 3
Compressed class space size: 1073741824 Address: 0x0000000100000000

Heap:
 PSYoungGen      total 38400K, used 5118K [0x00000000e0000000, 0x00000000e2a80000, 0x0000000100000000)
  eden space 33280K, 0% used [0x00000000e0000000,0x00000000e0000000,0x00000000e2080000)
  from space 5120K, 99% used [0x00000000e2080000,0x00000000e257f818,0x00000000e2580000)
  to   space 5120K, 0% used [0x00000000e2580000,0x00000000e2580000,0x00000000e2a80000)
 ParOldGen       total 87552K, used 3710K [0x00000000a0000000, 0x00000000a5580000, 0x00000000e0000000)
  object space 87552K, 4% used [0x00000000a0000000,0x00000000a039f828,0x00000000a5580000)
 Metaspace       used 15539K, capacity 15952K, committed 16128K, reserved 1062912K
  class space    used 2192K, capacity 2286K, committed 2304K, reserved 1048576K

Card table byte_map: [0x0000000012310000,0x0000000012620000] byte_map_base: 0x0000000011e10000

Marking Bits: (ParMarkBitMap*) 0x000000006e1e9f30
 Begin Bits: [0x0000000012c20000, 0x0000000014420000)
 End Bits:   [0x0000000014420000, 0x0000000015c20000)

Polling page: 0x00000000015a0000

CodeCache: size=245760Kb used=4950Kb max_used=4950Kb free=240809Kb
 bounds [0x0000000002f50000, 0x0000000003430000, 0x0000000011f50000]
 total_blobs=1807 nmethods=1436 adapters=284
 compilation: enabled

Compilation events (10 events):
Event: 5.035 Thread 0x00000000168c8000 1434       3       java.lang.Class::arrayContentsEq (70 bytes)
Event: 5.035 Thread 0x00000000168c8000 nmethod 1434 0x0000000003424a50 code [0x0000000003424be0, 0x0000000003425010]
Event: 5.039 Thread 0x00000000168bd800 nmethod 1431 0x0000000003426310 code [0x00000000034264a0, 0x00000000034269f8]
Event: 5.086 Thread 0x00000000168bd800 1435   !   4       java.net.URLClassLoader$1::run (63 bytes)
Event: 5.113 Thread 0x00000000168c8000 1436       3       java.util.jar.JarFile::maybeInstantiateVerifier (96 bytes)
Event: 5.114 Thread 0x00000000168c8000 nmethod 1436 0x0000000003426d10 code [0x0000000003426f40, 0x0000000003427be8]
Event: 5.125 Thread 0x00000000168c8000 1437       3       org.objectweb.asm.ClassWriter::get (49 bytes)
Event: 5.125 Thread 0x00000000168c8000 nmethod 1437 0x0000000003425c50 code [0x0000000003425de0, 0x0000000003426168]
Event: 5.125 Thread 0x00000000168c8000 1438       3       org.objectweb.asm.Item::set (143 bytes)
Event: 5.126 Thread 0x00000000168c8000 nmethod 1438 0x00000000034281d0 code [0x0000000003428380, 0x0000000003428a38]

GC Heap History (4 events):
Event: 1.808 GC heap before
{Heap before GC invocations=1 (full 0):
 PSYoungGen      total 38400K, used 33280K [0x00000000e0000000, 0x00000000e2a80000, 0x0000000100000000)
  eden space 33280K, 100% used [0x00000000e0000000,0x00000000e2080000,0x00000000e2080000)
  from space 5120K, 0% used [0x00000000e2580000,0x00000000e2580000,0x00000000e2a80000)
  to   space 5120K, 0% used [0x00000000e2080000,0x00000000e2080000,0x00000000e2580000)
 ParOldGen       total 87552K, used 0K [0x00000000a0000000, 0x00000000a5580000, 0x00000000e0000000)
  object space 87552K, 0% used [0x00000000a0000000,0x00000000a0000000,0x00000000a5580000)
 Metaspace       used 6926K, capacity 7184K, committed 7424K, reserved 1056768K
  class space    used 839K, capacity 912K, committed 1024K, reserved 1048576K
Event: 1.812 GC heap after
Heap after GC invocations=1 (full 0):
 PSYoungGen      total 38400K, used 4298K [0x00000000e0000000, 0x00000000e2a80000, 0x0000000100000000)
  eden space 33280K, 0% used [0x00000000e0000000,0x00000000e0000000,0x00000000e2080000)
  from space 5120K, 83% used [0x00000000e2080000,0x00000000e24b2958,0x00000000e2580000)
  to   space 5120K, 0% used [0x00000000e2580000,0x00000000e2580000,0x00000000e2a80000)
 ParOldGen       total 87552K, used 8K [0x00000000a0000000, 0x00000000a5580000, 0x00000000e0000000)
  object space 87552K, 0% used [0x00000000a0000000,0x00000000a0002000,0x00000000a5580000)
 Metaspace       used 6926K, capacity 7184K, committed 7424K, reserved 1056768K
  class space    used 839K, capacity 912K, committed 1024K, reserved 1048576K
}
Event: 4.298 GC heap before
{Heap before GC invocations=2 (full 0):
 PSYoungGen      total 38400K, used 37578K [0x00000000e0000000, 0x00000000e2a80000, 0x0000000100000000)
  eden space 33280K, 100% used [0x00000000e0000000,0x00000000e2080000,0x00000000e2080000)
  from space 5120K, 83% used [0x00000000e2080000,0x00000000e24b2958,0x00000000e2580000)
  to   space 5120K, 0% used [0x00000000e2580000,0x00000000e2580000,0x00000000e2a80000)
 ParOldGen       total 87552K, used 8K [0x00000000a0000000, 0x00000000a5580000, 0x00000000e0000000)
  object space 87552K, 0% used [0x00000000a0000000,0x00000000a0002000,0x00000000a5580000)
 Metaspace       used 12274K, capacity 12686K, committed 12800K, reserved 1060864K
  class space    used 1641K, capacity 1773K, committed 1792K, reserved 1048576K
Event: 4.304 GC heap after
Heap after GC invocations=2 (full 0):
 PSYoungGen      total 38400K, used 5117K [0x00000000e0000000, 0x00000000e2a80000, 0x0000000100000000)
  eden space 33280K, 0% used [0x00000000e0000000,0x00000000e0000000,0x00000000e2080000)
  from space 5120K, 99% used [0x00000000e2580000,0x00000000e2a7f4c8,0x00000000e2a80000)
  to   space 5120K, 0% used [0x00000000e2080000,0x00000000e2080000,0x00000000e2580000)
 ParOldGen       total 87552K, used 946K [0x00000000a0000000, 0x00000000a5580000, 0x00000000e0000000)
  object space 87552K, 1% used [0x00000000a0000000,0x00000000a00ec870,0x00000000a5580000)
 Metaspace       used 12274K, capacity 12686K, committed 12800K, reserved 1060864K
  class space    used 1641K, capacity 1773K, committed 1792K, reserved 1048576K
}

Deoptimization events (10 events):
Event: 2.030 Thread 0x0000000002e52800 Uncommon trap: reason=bimorphic action=maybe_recompile pc=0x00000000031c7848 method=java.util.HashMap.putVal(ILjava/lang/Object;Ljava/lang/Object;ZZ)Ljava/lang/Object; @ 91
Event: 2.425 Thread 0x0000000002e52800 Uncommon trap: reason=bimorphic action=maybe_recompile pc=0x000000000327fbfc method=java.util.HashMap.putVal(ILjava/lang/Object;Ljava/lang/Object;ZZ)Ljava/lang/Object; @ 203
Event: 2.975 Thread 0x0000000002e52800 Uncommon trap: reason=unstable_if action=reinterpret pc=0x0000000003273e4c method=java.io.WinNTFileSystem.normalize(Ljava/lang/String;)Ljava/lang/String; @ 128
Event: 2.975 Thread 0x0000000002e52800 Uncommon trap: reason=unstable_if action=reinterpret pc=0x000000000325f6bc method=java.io.WinNTFileSystem.normalize(Ljava/lang/String;II)Ljava/lang/String; @ 90
Event: 4.170 Thread 0x0000000019892800 Uncommon trap: reason=bimorphic action=maybe_recompile pc=0x000000000327ed34 method=java.util.HashMap.putVal(ILjava/lang/Object;Ljava/lang/Object;ZZ)Ljava/lang/Object; @ 253
Event: 4.170 Thread 0x0000000019892800 Uncommon trap: reason=bimorphic action=maybe_recompile pc=0x000000000327ed34 method=java.util.HashMap.putVal(ILjava/lang/Object;Ljava/lang/Object;ZZ)Ljava/lang/Object; @ 253
Event: 4.658 Thread 0x0000000019892800 Uncommon trap: reason=class_check action=maybe_recompile pc=0x00000000031c1a1c method=java.util.regex.Matcher.match(II)Z @ 86
Event: 4.659 Thread 0x0000000019892800 Uncommon trap: reason=class_check action=maybe_recompile pc=0x00000000031c1a1c method=java.util.regex.Matcher.match(II)Z @ 86
Event: 4.795 Thread 0x0000000019892800 Uncommon trap: reason=unstable_if action=reinterpret pc=0x00000000033c18b4 method=java.lang.String.lastIndexOf([CII[CIII)I @ 66
Event: 5.046 Thread 0x0000000019892800 Uncommon trap: reason=unstable_if action=reinterpret pc=0x00000000033dd85c method=java.util.jar.JarFile.maybeInstantiateVerifier()V @ 21

Classes redefined (0 events):
No events

Internal exceptions (10 events):
Event: 4.115 Thread 0x0000000019a37000 Exception <a 'java/lang/NoSuchMethodError': <clinit>> (0x00000000e1a9b380) thrown at [D:\src\AOSP-openjdk-cygwin\jdk8u\hotspot\src\share\vm\prims\jni.cpp, line 1614]
Event: 4.119 Thread 0x0000000019a37000 Exception <a 'java/lang/NoSuchMethodError': <clinit>> (0x00000000e1ab32f8) thrown at [D:\src\AOSP-openjdk-cygwin\jdk8u\hotspot\src\share\vm\prims\jni.cpp, line 1614]
Event: 4.119 Thread 0x0000000019a37000 Exception <a 'java/lang/NoSuchMethodError': <clinit>> (0x00000000e1abbf88) thrown at [D:\src\AOSP-openjdk-cygwin\jdk8u\hotspot\src\share\vm\prims\jni.cpp, line 1614]
Event: 4.120 Thread 0x0000000019a37000 Exception <a 'java/lang/NoSuchMethodError': <clinit>> (0x00000000e1acd9a8) thrown at [D:\src\AOSP-openjdk-cygwin\jdk8u\hotspot\src\share\vm\prims\jni.cpp, line 1614]
Event: 4.133 Thread 0x0000000019a37000 Exception <a 'java/lang/NoSuchMethodError': <clinit>> (0x00000000e1b535d8) thrown at [D:\src\AOSP-openjdk-cygwin\jdk8u\hotspot\src\share\vm\prims\jni.cpp, line 1614]
Event: 4.136 Thread 0x0000000019a37000 Exception <a 'java/lang/NoSuchMethodError': <clinit>> (0x00000000e1b6e4c8) thrown at [D:\src\AOSP-openjdk-cygwin\jdk8u\hotspot\src\share\vm\prims\jni.cpp, line 1614]
Event: 4.139 Thread 0x0000000019a37000 Exception <a 'java/lang/NoSuchMethodError': <clinit>> (0x00000000e1b933d0) thrown at [D:\src\AOSP-openjdk-cygwin\jdk8u\hotspot\src\share\vm\prims\jni.cpp, line 1614]
Event: 4.156 Thread 0x0000000019892800 Exception <a 'java/lang/NoSuchMethodError': <clinit>> (0x00000000e1c903a0) thrown at [D:\src\AOSP-openjdk-cygwin\jdk8u\hotspot\src\share\vm\prims\jni.cpp, line 1614]
Event: 4.157 Thread 0x0000000019892800 Exception <a 'java/lang/NoSuchMethodError': <clinit>> (0x00000000e1c98690) thrown at [D:\src\AOSP-openjdk-cygwin\jdk8u\hotspot\src\share\vm\prims\jni.cpp, line 1614]
Event: 5.046 Thread 0x0000000019892800 Implicit null exception at 0x00000000033dd47b to 0x00000000033dd84d

Events (10 events):
Event: 5.129 loading class org/gradle/internal/exceptions/LocationAwareException
Event: 5.129 loading class org/gradle/internal/exceptions/LocationAwareException done
Event: 5.130 loading class org/gradle/internal/exceptions/FailureResolutionAware
Event: 5.130 loading class org/gradle/internal/exceptions/FailureResolutionAware done
Event: 5.130 loading class org/gradle/api/plugins/UnknownPluginException
Event: 5.130 loading class org/gradle/api/plugins/UnknownPluginException done
Event: 5.131 loading class org/gradle/plugin/repository/IvyPluginRepository
Event: 5.131 loading class org/gradle/plugin/repository/IvyPluginRepository done
Event: 5.131 loading class org/gradle/plugin/repository/PluginRepository
Event: 5.131 loading class org/gradle/plugin/repository/PluginRepository done


Dynamic libraries:
0x00007ff6542d0000 - 0x00007ff654301000 	C:\Program Files\Android\Android Studio\jre\bin\java.exe
0x00007ffd66100000 - 0x00007ffd662f0000 	C:\WINDOWS\SYSTEM32\ntdll.dll
0x00007ffd65a20000 - 0x00007ffd65ad2000 	C:\WINDOWS\System32\KERNEL32.DLL
0x00007ffd63110000 - 0x00007ffd633b3000 	C:\WINDOWS\System32\KERNELBASE.dll
0x00007ffd65340000 - 0x00007ffd653e3000 	C:\WINDOWS\System32\ADVAPI32.dll
0x00007ffd65b90000 - 0x00007ffd65c2e000 	C:\WINDOWS\System32\msvcrt.dll
0x00007ffd65c30000 - 0x00007ffd65cc7000 	C:\WINDOWS\System32\sechost.dll
0x00007ffd650c0000 - 0x00007ffd651e0000 	C:\WINDOWS\System32\RPCRT4.dll
0x00007ffd65f20000 - 0x00007ffd660b4000 	C:\WINDOWS\System32\USER32.dll
0x00007ffd63660000 - 0x00007ffd63681000 	C:\WINDOWS\System32\win32u.dll
0x00007ffd64970000 - 0x00007ffd64996000 	C:\WINDOWS\System32\GDI32.dll
0x00007ffd63f10000 - 0x00007ffd640a4000 	C:\WINDOWS\System32\gdi32full.dll
0x00007ffd633e0000 - 0x00007ffd6347e000 	C:\WINDOWS\System32\msvcp_win.dll
0x00007ffd640b0000 - 0x00007ffd641aa000 	C:\WINDOWS\System32\ucrtbase.dll
0x00007ffd5e0c0000 - 0x00007ffd5e345000 	C:\WINDOWS\WinSxS\amd64_microsoft.windows.common-controls_6595b64144ccf1df_6.0.18362.535_none_e6c3b34713100821\COMCTL32.dll
0x00007ffd654c0000 - 0x00007ffd657f6000 	C:\WINDOWS\System32\combase.dll
0x00007ffd63090000 - 0x00007ffd63110000 	C:\WINDOWS\System32\bcryptPrimitives.dll
0x00007ffd65ef0000 - 0x00007ffd65f1e000 	C:\WINDOWS\System32\IMM32.DLL
0x000000006d860000 - 0x000000006d932000 	C:\Program Files\Android\Android Studio\jre\jre\bin\msvcr100.dll
0x000000006da20000 - 0x000000006e266000 	C:\Program Files\Android\Android Studio\jre\jre\bin\server\jvm.dll
0x00007ffd649a0000 - 0x00007ffd649a8000 	C:\WINDOWS\System32\PSAPI.DLL
0x00007ffd3fa80000 - 0x00007ffd3fa89000 	C:\WINDOWS\SYSTEM32\WSOCK32.dll
0x00007ffd5fef0000 - 0x00007ffd5ff14000 	C:\WINDOWS\SYSTEM32\WINMM.dll
0x00007ffd5cfd0000 - 0x00007ffd5cfda000 	C:\WINDOWS\SYSTEM32\VERSION.dll
0x00007ffd65e20000 - 0x00007ffd65e8f000 	C:\WINDOWS\System32\WS2_32.dll
0x00007ffd5f910000 - 0x00007ffd5f93d000 	C:\WINDOWS\SYSTEM32\winmmbase.dll
0x00007ffd63690000 - 0x00007ffd636da000 	C:\WINDOWS\System32\cfgmgr32.dll
0x00007ffd3fbf0000 - 0x00007ffd3fbff000 	C:\Program Files\Android\Android Studio\jre\jre\bin\verify.dll
0x00007ffd38960000 - 0x00007ffd38989000 	C:\Program Files\Android\Android Studio\jre\jre\bin\java.dll
0x00007ffd3bae0000 - 0x00007ffd3baf6000 	C:\Program Files\Android\Android Studio\jre\jre\bin\zip.dll
0x00007ffd649d0000 - 0x00007ffd650b5000 	C:\WINDOWS\System32\SHELL32.dll
0x00007ffd64710000 - 0x00007ffd647b9000 	C:\WINDOWS\System32\shcore.dll
0x00007ffd636e0000 - 0x00007ffd63e5f000 	C:\WINDOWS\System32\windows.storage.dll
0x00007ffd63070000 - 0x00007ffd6308f000 	C:\WINDOWS\System32\profapi.dll
0x00007ffd63000000 - 0x00007ffd6304a000 	C:\WINDOWS\System32\powrprof.dll
0x00007ffd62fd0000 - 0x00007ffd62fe0000 	C:\WINDOWS\System32\UMPDC.dll
0x00007ffd65810000 - 0x00007ffd65862000 	C:\WINDOWS\System32\shlwapi.dll
0x00007ffd63050000 - 0x00007ffd63061000 	C:\WINDOWS\System32\kernel.appcore.dll
0x00007ffd633c0000 - 0x00007ffd633d7000 	C:\WINDOWS\System32\cryptsp.dll
0x00007ffd39430000 - 0x00007ffd3944a000 	C:\Program Files\Android\Android Studio\jre\jre\bin\net.dll
0x00007ffd62840000 - 0x00007ffd628a7000 	C:\WINDOWS\system32\mswsock.dll
0x00007ffd26fe0000 - 0x00007ffd26ff1000 	C:\Program Files\Android\Android Studio\jre\jre\bin\nio.dll
0x00007ffd5f140000 - 0x00007ffd5f15e000 	C:\Users\remys_000\.gradle\native\25\windows-amd64\native-platform.dll
0x00007ffd3fb60000 - 0x00007ffd3fb6d000 	C:\Program Files\Android\Android Studio\jre\jre\bin\management.dll
0x00007ffd62350000 - 0x00007ffd62383000 	C:\WINDOWS\system32\rsaenh.dll
0x00007ffd63630000 - 0x00007ffd63656000 	C:\WINDOWS\System32\bcrypt.dll
0x00007ffd62ec0000 - 0x00007ffd62ee5000 	C:\WINDOWS\SYSTEM32\USERENV.dll
0x00007ffd62a10000 - 0x00007ffd62a1c000 	C:\WINDOWS\SYSTEM32\CRYPTBASE.dll
0x00007ffd62550000 - 0x00007ffd6258a000 	C:\WINDOWS\SYSTEM32\IPHLPAPI.DLL
0x00007ffd641b0000 - 0x00007ffd641b8000 	C:\WINDOWS\System32\NSI.dll
0x00007ffd5e590000 - 0x00007ffd5e5a6000 	C:\WINDOWS\SYSTEM32\dhcpcsvc6.DLL
0x00007ffd5e570000 - 0x00007ffd5e58c000 	C:\WINDOWS\SYSTEM32\dhcpcsvc.DLL
0x00007ffd62590000 - 0x00007ffd6265a000 	C:\WINDOWS\SYSTEM32\DNSAPI.dll

VM Arguments:
jvm_args: -Xmx1536m -Dfile.encoding=windows-1252 -Duser.country=FR -Duser.language=fr -Duser.variant 
java_command: org.gradle.launcher.daemon.bootstrap.GradleDaemon 4.1
java_class_path (initial): C:\Users\remys_000\.gradle\wrapper\dists\gradle-4.1-all\bzyivzo6n839fup2jbap0tjew\gradle-4.1\lib\gradle-launcher-4.1.jar
Launcher Type: SUN_STANDARD

Environment Variables:
PATH=C:\Program Files (x86)\Common Files\Oracle\Java\javapath;C:\Program Files (x86)\NVIDIA Corporation\PhysX\Common;C:\ProgramData\Oracle\Java\javapath;c:\Program Files (x86)\Intel\iCLS Client\;c:\Program Files\Intel\iCLS Client\;C:\WINDOWS\system32;C:\WINDOWS;C:\WINDOWS\System32\Wbem;C:\WINDOWS\System32\WindowsPowerShell\v1.0\;C:\Program Files\Intel\Intel(R) Management Engine Components\DAL;C:\Program Files\Intel\Intel(R) Management Engine Components\IPT;C:\Program Files (x86)\Intel\Intel(R) Management Engine Components\DAL;C:\Program Files (x86)\Intel\Intel(R) Management Engine Components\IPT;C:\Program Files (x86)\Windows Live\Shared;C:\Program Files\Calibre2\;C:\Program Files (x86)\AMD\ATI.ACE\Core-Static;C:\Program Files (x86)\ATI Technologies\ATI.ACE\Core-Static;C:\Program Files\MySQL\MySQL Utilities 1.6\;C:\WINDOWS\System32\OpenSSH\;C:\Program Files (x86)\ffmpeg-20151205-git-a16243a-win64-static\bin;C:\ProgramData\Oracle\Java\javapath;c:\Program Files (x86)\Intel\iCLS Client\;c:\Program Files\Intel\iCLS Client\;C:\Program Files (x86)\NVIDIA Corporation\PhysX\Common;C:\WINDOWS\system32;C:\WINDOWS;C:\WINDOWS\System32\Wbem;C:\WINDOWS\System32\WindowsPowerShell\v1.0\;C:\Program Files\Intel\Intel(R) Management Engine Components\DAL;C:\Program Files\Intel\Intel(R) Management Engine Components\IPT;C:\Program Files (x86)\Intel\Intel(R) Management Engine Components\DAL;C:\Program Files (x86)\Intel\Intel(R) Management Engine Components\IPT;C:\Program Files (x86)\Windows Live\Shared;C:\Program Files\Calibre2\;";C:\Users\remys_000\AppData\Local\Microsoft\WindowsApps";C:\Program Files\MySQL\MySQL Server 5.7\bin;C:\Users\remys_000\AppData\Local\Microsoft\WindowsApps;C:\wso2\apache-maven-3.6.0\bin;
USERNAME=remys_000
OS=Windows_NT
PROCESSOR_IDENTIFIER=Intel64 Family 6 Model 58 Stepping 9, GenuineIntel



---------------  S Y S T E M  ---------------

OS: Windows 10.0 , 64 bit Build 18362 (10.0.18362.329)

CPU:total 4 (initial active 4) (4 cores per cpu, 1 threads per core) family 6 model 58 stepping 9, cmov, cx8, fxsr, mmx, sse, sse2, sse3, ssse3, sse4.1, sse4.2, popcnt, avx, aes, clmul, erms, tsc, tscinvbit, tscinv

Memory: 4k page, physical 8342824k(1427320k free), swap 12537128k(3096k free)

vm_info: OpenJDK 64-Bit Server VM (25.202-b03) for windows-amd64 JRE (1.8.0_202-release-1483-b03), built by "builder" with MS VC++ 10.0 (VS2010)

time: Sat Jan 11 16:30:37 2020
timezone: Paris, Madrid
elapsed time: 5 seconds (0d 0h 0m 5s)

