#
# There is insufficient memory for the Java Runtime Environment to continue.
# Native memory allocation (malloc) failed to allocate 1107472 bytes for Chunk::new
# Possible reasons:
#   The system is out of physical RAM or swap space
#   The process is running with CompressedOops enabled, and the Java Heap may be blocking the growth of the native heap
# Possible solutions:
#   Reduce memory load on the system
#   Increase physical memory or swap space
#   Check if swap backing store is full
#   Decrease Java heap size (-Xmx/-Xms)
#   Decrease number of Java threads
#   Decrease Java thread stack sizes (-Xss)
#   Set larger code cache with -XX:ReservedCodeCacheSize=
#   JVM is running with Unscaled Compressed Oops mode in which the Java heap is
#     placed in the first 4GB address space. The Java Heap base address is the
#     maximum limit for the native heap growth. Please use -XX:HeapBaseMinAddress
#     to set the Java Heap base and to place the Java Heap above 4GB virtual address.
# This output file may be truncated or incomplete.
#
#  Out of Memory Error (allocation.cpp:389), pid=17324, tid=0x00000000000017ec
#
# JRE version: OpenJDK Runtime Environment (8.0_202-b03) (build 1.8.0_202-release-1483-b03)
# Java VM: OpenJDK 64-Bit Server VM (25.202-b03 mixed mode windows-amd64 compressed oops)
# Failed to write core dump. Minidumps are not enabled by default on client versions of Windows
#

---------------  T H R E A D  ---------------

Current thread (0x000000001651c800):  JavaThread "C2 CompilerThread0" daemon [_thread_in_native, id=6124, stack(0x0000000017bb0000,0x0000000017cb0000)]

Stack: [0x0000000017bb0000,0x0000000017cb0000]
[error occurred during error reporting (printing stack bounds), id 0xc0000005]

Native frames: (J=compiled Java code, j=interpreted, Vv=VM code, C=native code)


Current CompileTask:
C2:  34251 15605 % !   4       com.android.tools.r8.dex.c::b @ 1660 (2274 bytes)


---------------  P R O C E S S  ---------------

Java Threads: ( => current thread )
  0x0000000019c46800 JavaThread "WorkerExecutor Queue Thread 5" [_thread_blocked, id=18848, stack(0x000000002be70000,0x000000002bf70000)]
  0x0000000019c42000 JavaThread "WorkerExecutor Queue Thread 4" [_thread_blocked, id=4504, stack(0x000000002d290000,0x000000002d390000)]
  0x0000000019c3f000 JavaThread "WorkerExecutor Queue Thread 3" [_thread_blocked, id=17376, stack(0x000000002bf70000,0x000000002c070000)]
  0x000000001f946800 JavaThread "Cache worker for Java compile cache (C:\Users\remys_000\AndroidStudioProjects\IMCv4\.gradle\5.4.1\javaCompile)" [_thread_blocked, id=5084, stack(0x0000000025040000,0x0000000025140000)]
  0x000000001f94b800 JavaThread "Cache worker for Java compile cache (C:\Users\remys_000\.gradle\caches\5.4.1\javaCompile)" [_thread_blocked, id=9872, stack(0x0000000023f00000,0x0000000024000000)]
  0x000000001f94c800 JavaThread "Cache worker for execution history cache (C:\Users\remys_000\AndroidStudioProjects\IMCv4\.gradle\5.4.1\executionHistory)" [_thread_blocked, id=15972, stack(0x0000000023c00000,0x0000000023d00000)]
  0x000000001f948000 JavaThread "Cache worker for file content cache (C:\Users\remys_000\AndroidStudioProjects\IMCv4\.gradle\5.4.1\fileContent)" [_thread_blocked, id=12092, stack(0x0000000023600000,0x0000000023700000)]
  0x000000001f93e000 JavaThread "Cache worker for file content cache (C:\Users\remys_000\.gradle\caches\5.4.1\fileContent)" [_thread_blocked, id=16724, stack(0x0000000023230000,0x0000000023330000)]
  0x000000001f945000 JavaThread "Memory manager" [_thread_blocked, id=13628, stack(0x0000000021ea0000,0x0000000021fa0000)]
  0x000000001f942000 JavaThread "Cache worker for Build Output Cleanup Cache (C:\Users\remys_000\AndroidStudioProjects\IMCv4\.gradle\buildOutputCleanup)" [_thread_blocked, id=5584, stack(0x0000000021770000,0x0000000021870000)]
  0x000000001f93f800 JavaThread "Build operations Thread 4" [_thread_blocked, id=2616, stack(0x0000000021ba0000,0x0000000021ca0000)]
  0x000000001f941000 JavaThread "Build operations Thread 3" [_thread_blocked, id=1672, stack(0x0000000021aa0000,0x0000000021ba0000)]
  0x000000001f93d800 JavaThread "Build operations Thread 2" [_thread_blocked, id=19388, stack(0x00000000219a0000,0x0000000021aa0000)]
  0x000000001f943800 JavaThread "Build operations" [_thread_blocked, id=7836, stack(0x00000000218a0000,0x00000000219a0000)]
  0x000000001f944000 JavaThread "Cache worker for execution history cache (C:\Users\remys_000\.gradle\caches\5.4.1\executionHistory)" [_thread_blocked, id=9980, stack(0x00000000206a0000,0x00000000207a0000)]
  0x000000001f940800 JavaThread "Cache worker for cache directory md-rule (C:\Users\remys_000\.gradle\caches\5.4.1\md-rule)" [_thread_blocked, id=11640, stack(0x000000001ef70000,0x000000001f070000)]
  0x000000001919e800 JavaThread "Cache worker for cache directory md-supplier (C:\Users\remys_000\.gradle\caches\5.4.1\md-supplier)" [_thread_blocked, id=12640, stack(0x000000001e6a0000,0x000000001e7a0000)]
  0x000000001919c000 JavaThread "Cache worker for file hash cache (C:\Users\remys_000\AndroidStudioProjects\IMCv4\.gradle\5.4.1\fileHashes)" [_thread_blocked, id=11736, stack(0x000000001ea70000,0x000000001eb70000)]
  0x000000001919f000 JavaThread "Cache worker for journal cache (C:\Users\remys_000\.gradle\caches\journal-1)" [_thread_blocked, id=5696, stack(0x000000001c100000,0x000000001c200000)]
  0x000000001919d000 JavaThread "File lock request listener" [_thread_in_native, id=19144, stack(0x000000001c000000,0x000000001c100000)]
  0x0000000019199000 JavaThread "Cache worker for file hash cache (C:\Users\remys_000\.gradle\caches\5.4.1\fileHashes)" [_thread_blocked, id=17044, stack(0x000000001bf00000,0x000000001c000000)]
  0x00000000189a4000 JavaThread "Thread-9" [_thread_blocked, id=2408, stack(0x000000001be00000,0x000000001bf00000)]
  0x0000000017f65000 JavaThread "Stdin handler" [_thread_blocked, id=15264, stack(0x000000001bd00000,0x000000001be00000)]
  0x0000000017f64000 JavaThread "Asynchronous log dispatcher for DefaultDaemonConnection: socket connection from /127.0.0.1:51258 to /127.0.0.1:51259" [_thread_blocked, id=14272, stack(0x000000001bc00000,0x000000001bd00000)]
  0x0000000017f5c800 JavaThread "Daemon worker" [_thread_in_Java, id=11160, stack(0x000000001bb00000,0x000000001bc00000)]
  0x0000000017f5a800 JavaThread "Cancel handler" [_thread_blocked, id=18308, stack(0x000000001ba00000,0x000000001bb00000)]
  0x0000000018687800 JavaThread "Handler for socket connection from /127.0.0.1:51258 to /127.0.0.1:51259" [_thread_in_native, id=18524, stack(0x000000001b700000,0x000000001b800000)]
  0x0000000018685000 JavaThread "Daemon" [_thread_blocked, id=9244, stack(0x000000001b600000,0x000000001b700000)]
  0x000000001865d800 JavaThread "Daemon periodic checks" [_thread_blocked, id=14932, stack(0x000000001b500000,0x000000001b600000)]
  0x0000000019632000 JavaThread "Incoming local TCP Connector on port 51258" [_thread_in_native, id=13072, stack(0x000000001b290000,0x000000001b390000)]
  0x00000000196f2000 JavaThread "Daemon health stats" [_thread_blocked, id=12636, stack(0x000000001ac50000,0x000000001ad50000)]
  0x000000001657d000 JavaThread "Service Thread" daemon [_thread_blocked, id=5468, stack(0x00000000182b0000,0x00000000183b0000)]
  0x0000000016527800 JavaThread "C1 CompilerThread2" daemon [_thread_blocked, id=12116, stack(0x0000000017db0000,0x0000000017eb0000)]
  0x0000000016521800 JavaThread "C2 CompilerThread1" daemon [_thread_in_native, id=14656, stack(0x0000000017cb0000,0x0000000017db0000)]
=>0x000000001651c800 JavaThread "C2 CompilerThread0" daemon [_thread_in_native, id=6124, stack(0x0000000017bb0000,0x0000000017cb0000)]
  0x000000001651b000 JavaThread "Attach Listener" daemon [_thread_blocked, id=15344, stack(0x0000000017ab0000,0x0000000017bb0000)]
  0x000000001651a000 JavaThread "Signal Dispatcher" daemon [_thread_blocked, id=888, stack(0x00000000179b0000,0x0000000017ab0000)]
  0x0000000016508800 JavaThread "Finalizer" daemon [_thread_blocked, id=14240, stack(0x0000000017780000,0x0000000017880000)]
  0x0000000002ba2000 JavaThread "Reference Handler" daemon [_thread_blocked, id=17340, stack(0x0000000017680000,0x0000000017780000)]
  0x0000000002ab2800 JavaThread "main" [_thread_blocked, id=11016, stack(0x0000000002910000,0x0000000002a10000)]

Other Threads:
  0x00000000164e5800 VMThread [stack: 0x0000000017580000,0x0000000017680000] [id=11948]
  0x000000001657e000 WatcherThread [stack: 0x00000000183b0000,0x00000000184b0000] [id=18632]

VM state:not at safepoint (normal execution)

VM Mutex/Monitor currently owned by a thread: None

OutOfMemory and StackOverflow Exception counts:
OutOfMemoryError java_heap_errors=1

heap address: 0x00000000a0000000, size: 1536 MB, Compressed Oops mode: 32-bit
Narrow klass base: 0x0000000000000000, Narrow klass shift: 3
Compressed class space size: 1073741824 Address: 0x0000000100000000

Heap:
 PSYoungGen      total 411136K, used 305738K [0x00000000e0000000, 0x00000000fc700000, 0x0000000100000000)
  eden space 356352K, 70% used [0x00000000e0000000,0x00000000ef514930,0x00000000f5c00000)
  from space 54784K, 99% used [0x00000000f5c00000,0x00000000f917dfb0,0x00000000f9180000)
  to   space 48128K, 0% used [0x00000000f9800000,0x00000000f9800000,0x00000000fc700000)
 ParOldGen       total 134144K, used 108419K [0x00000000a0000000, 0x00000000a8300000, 0x00000000e0000000)
  object space 134144K, 80% used [0x00000000a0000000,0x00000000a69e0c78,0x00000000a8300000)
 Metaspace       used 79703K, capacity 82596K, committed 82776K, reserved 1120256K
  class space    used 10410K, capacity 11033K, committed 11136K, reserved 1048576K

Card table byte_map: [0x0000000011f70000,0x0000000012280000] byte_map_base: 0x0000000011a70000

Marking Bits: (ParMarkBitMap*) 0x0000000057279f30
 Begin Bits: [0x0000000012880000, 0x0000000014080000)
 End Bits:   [0x0000000014080000, 0x0000000015880000)

Polling page: 0x00000000011b0000

CodeCache: size=245760Kb used=45454Kb max_used=45469Kb free=200305Kb
 bounds [0x0000000002bb0000, 0x0000000005850000, 0x0000000011bb0000]
 total_blobs=14204 nmethods=13363 adapters=751
 compilation: enabled

Compilation events (10 events):
Event: 34.212 Thread 0x0000000016527800 15627       3       java.lang.StackTraceElement::isNativeMethod (15 bytes)
Event: 34.212 Thread 0x0000000016527800 nmethod 15627 0x0000000005823350 code [0x00000000058234a0, 0x0000000005823650]
Event: 34.212 Thread 0x0000000016527800 15631       3       org.gradle.execution.plan.Node::isComplete (56 bytes)
Event: 34.213 Thread 0x0000000016527800 nmethod 15631 0x000000000582dad0 code [0x000000000582dc40, 0x000000000582df10]
Event: 34.219 Thread 0x0000000016527800 15634       3       java.lang.StackTraceElement::equals (80 bytes)
Event: 34.219 Thread 0x0000000016527800 nmethod 15634 0x0000000005835fd0 code [0x00000000058361a0, 0x0000000005836a28]
Event: 34.225 Thread 0x0000000016527800 15637       3       sun.reflect.annotation.AnnotationParser::skipMemberValue (11 bytes)
Event: 34.225 Thread 0x0000000016527800 nmethod 15637 0x000000000582d650 code [0x000000000582d7c0, 0x000000000582d9f8]
Event: 34.226 Thread 0x0000000016527800 15638       3       sun.reflect.annotation.AnnotationParser::skipMemberValue (65 bytes)
Event: 34.226 Thread 0x0000000016527800 nmethod 15638 0x0000000005836c50 code [0x0000000005836e40, 0x00000000058374b8]

GC Heap History (10 events):
Event: 26.153 GC heap before
{Heap before GC invocations=25 (full 3):
 PSYoungGen      total 353280K, used 349032K [0x00000000e0000000, 0x00000000f8500000, 0x0000000100000000)
  eden space 309248K, 100% used [0x00000000e0000000,0x00000000f2e00000,0x00000000f2e00000)
  from space 44032K, 90% used [0x00000000f2e00000,0x00000000f54da280,0x00000000f5900000)
  to   space 43520K, 0% used [0x00000000f5900000,0x00000000f5900000,0x00000000f8380000)
 ParOldGen       total 134144K, used 105130K [0x00000000a0000000, 0x00000000a8300000, 0x00000000e0000000)
  object space 134144K, 78% used [0x00000000a0000000,0x00000000a66aab28,0x00000000a8300000)
 Metaspace       used 78308K, capacity 81142K, committed 81240K, reserved 1120256K
  class space    used 10246K, capacity 10860K, committed 10880K, reserved 1048576K
Event: 26.217 GC heap after
Heap after GC invocations=25 (full 3):
 PSYoungGen      total 352768K, used 43514K [0x00000000e0000000, 0x00000000f8500000, 0x0000000100000000)
  eden space 309248K, 0% used [0x00000000e0000000,0x00000000e0000000,0x00000000f2e00000)
  from space 43520K, 99% used [0x00000000f5900000,0x00000000f837eae0,0x00000000f8380000)
  to   space 44032K, 0% used [0x00000000f2e00000,0x00000000f2e00000,0x00000000f5900000)
 ParOldGen       total 134144K, used 115983K [0x00000000a0000000, 0x00000000a8300000, 0x00000000e0000000)
  object space 134144K, 86% used [0x00000000a0000000,0x00000000a7143dd8,0x00000000a8300000)
 Metaspace       used 78308K, capacity 81142K, committed 81240K, reserved 1120256K
  class space    used 10246K, capacity 10860K, committed 10880K, reserved 1048576K
}
Event: 26.217 GC heap before
{Heap before GC invocations=26 (full 4):
 PSYoungGen      total 352768K, used 43514K [0x00000000e0000000, 0x00000000f8500000, 0x0000000100000000)
  eden space 309248K, 0% used [0x00000000e0000000,0x00000000e0000000,0x00000000f2e00000)
  from space 43520K, 99% used [0x00000000f5900000,0x00000000f837eae0,0x00000000f8380000)
  to   space 44032K, 0% used [0x00000000f2e00000,0x00000000f2e00000,0x00000000f5900000)
 ParOldGen       total 134144K, used 115983K [0x00000000a0000000, 0x00000000a8300000, 0x00000000e0000000)
  object space 134144K, 86% used [0x00000000a0000000,0x00000000a7143dd8,0x00000000a8300000)
 Metaspace       used 78308K, capacity 81142K, committed 81240K, reserved 1120256K
  class space    used 10246K, capacity 10860K, committed 10880K, reserved 1048576K
Event: 26.516 GC heap after
Heap after GC invocations=26 (full 4):
 PSYoungGen      total 352768K, used 0K [0x00000000e0000000, 0x00000000f8500000, 0x0000000100000000)
  eden space 309248K, 0% used [0x00000000e0000000,0x00000000e0000000,0x00000000f2e00000)
  from space 43520K, 0% used [0x00000000f5900000,0x00000000f5900000,0x00000000f8380000)
  to   space 44032K, 0% used [0x00000000f2e00000,0x00000000f2e00000,0x00000000f5900000)
 ParOldGen       total 134144K, used 106204K [0x00000000a0000000, 0x00000000a8300000, 0x00000000e0000000)
  object space 134144K, 79% used [0x00000000a0000000,0x00000000a67b7120,0x00000000a8300000)
 Metaspace       used 78269K, capacity 81034K, committed 81240K, reserved 1120256K
  class space    used 10233K, capacity 10838K, committed 10880K, reserved 1048576K
}
Event: 28.405 GC heap before
{Heap before GC invocations=27 (full 4):
 PSYoungGen      total 352768K, used 309248K [0x00000000e0000000, 0x00000000f8500000, 0x0000000100000000)
  eden space 309248K, 100% used [0x00000000e0000000,0x00000000f2e00000,0x00000000f2e00000)
  from space 43520K, 0% used [0x00000000f5900000,0x00000000f5900000,0x00000000f8380000)
  to   space 44032K, 0% used [0x00000000f2e00000,0x00000000f2e00000,0x00000000f5900000)
 ParOldGen       total 134144K, used 106204K [0x00000000a0000000, 0x00000000a8300000, 0x00000000e0000000)
  object space 134144K, 79% used [0x00000000a0000000,0x00000000a67b7120,0x00000000a8300000)
 Metaspace       used 78605K, capacity 81382K, committed 81624K, reserved 1120256K
  class space    used 10293K, capacity 10898K, committed 11008K, reserved 1048576K
Event: 28.427 GC heap after
Heap after GC invocations=27 (full 4):
 PSYoungGen      total 353280K, used 13343K [0x00000000e0000000, 0x00000000fd000000, 0x0000000100000000)
  eden space 309248K, 0% used [0x00000000e0000000,0x00000000e0000000,0x00000000f2e00000)
  from space 44032K, 30% used [0x00000000f2e00000,0x00000000f3b07f70,0x00000000f5900000)
  to   space 57344K, 0% used [0x00000000f9800000,0x00000000f9800000,0x00000000fd000000)
 ParOldGen       total 134144K, used 106212K [0x00000000a0000000, 0x00000000a8300000, 0x00000000e0000000)
  object space 134144K, 79% used [0x00000000a0000000,0x00000000a67b9120,0x00000000a8300000)
 Metaspace       used 78605K, capacity 81382K, committed 81624K, reserved 1120256K
  class space    used 10293K, capacity 10898K, committed 11008K, reserved 1048576K
}
Event: 30.110 GC heap before
{Heap before GC invocations=28 (full 4):
 PSYoungGen      total 353280K, used 322591K [0x00000000e0000000, 0x00000000fd000000, 0x0000000100000000)
  eden space 309248K, 100% used [0x00000000e0000000,0x00000000f2e00000,0x00000000f2e00000)
  from space 44032K, 30% used [0x00000000f2e00000,0x00000000f3b07f70,0x00000000f5900000)
  to   space 57344K, 0% used [0x00000000f9800000,0x00000000f9800000,0x00000000fd000000)
 ParOldGen       total 134144K, used 106212K [0x00000000a0000000, 0x00000000a8300000, 0x00000000e0000000)
  object space 134144K, 79% used [0x00000000a0000000,0x00000000a67b9120,0x00000000a8300000)
 Metaspace       used 78698K, capacity 81516K, committed 81624K, reserved 1120256K
  class space    used 10309K, capacity 10939K, committed 11008K, reserved 1048576K
Event: 30.129 GC heap after
Heap after GC invocations=28 (full 4):
 PSYoungGen      total 404480K, used 16355K [0x00000000e0000000, 0x00000000fc700000, 0x0000000100000000)
  eden space 356352K, 0% used [0x00000000e0000000,0x00000000e0000000,0x00000000f5c00000)
  from space 48128K, 33% used [0x00000000f9800000,0x00000000fa7f8ef0,0x00000000fc700000)
  to   space 54784K, 0% used [0x00000000f5c00000,0x00000000f5c00000,0x00000000f9180000)
 ParOldGen       total 134144K, used 106220K [0x00000000a0000000, 0x00000000a8300000, 0x00000000e0000000)
  object space 134144K, 79% used [0x00000000a0000000,0x00000000a67bb120,0x00000000a8300000)
 Metaspace       used 78698K, capacity 81516K, committed 81624K, reserved 1120256K
  class space    used 10309K, capacity 10939K, committed 11008K, reserved 1048576K
}
Event: 32.405 GC heap before
{Heap before GC invocations=29 (full 4):
 PSYoungGen      total 404480K, used 372707K [0x00000000e0000000, 0x00000000fc700000, 0x0000000100000000)
  eden space 356352K, 100% used [0x00000000e0000000,0x00000000f5c00000,0x00000000f5c00000)
  from space 48128K, 33% used [0x00000000f9800000,0x00000000fa7f8ef0,0x00000000fc700000)
  to   space 54784K, 0% used [0x00000000f5c00000,0x00000000f5c00000,0x00000000f9180000)
 ParOldGen       total 134144K, used 106220K [0x00000000a0000000, 0x00000000a8300000, 0x00000000e0000000)
  object space 134144K, 79% used [0x00000000a0000000,0x00000000a67bb120,0x00000000a8300000)
 Metaspace       used 79402K, capacity 82272K, committed 82392K, reserved 1120256K
  class space    used 10380K, capacity 10995K, committed 11008K, reserved 1048576K
Event: 32.448 GC heap after
Heap after GC invocations=29 (full 4):
 PSYoungGen      total 411136K, used 54775K [0x00000000e0000000, 0x00000000fc700000, 0x0000000100000000)
  eden space 356352K, 0% used [0x00000000e0000000,0x00000000e0000000,0x00000000f5c00000)
  from space 54784K, 99% used [0x00000000f5c00000,0x00000000f917dfb0,0x00000000f9180000)
  to   space 48128K, 0% used [0x00000000f9800000,0x00000000f9800000,0x00000000fc700000)
 ParOldGen       total 134144K, used 108419K [0x00000000a0000000, 0x00000000a8300000, 0x00000000e0000000)
  object space 134144K, 80% used [0x00000000a0000000,0x00000000a69e0c78,0x00000000a8300000)
 Metaspace       used 79402K, capacity 82272K, committed 82392K, reserved 1120256K
  class space    used 10380K, capacity 10995K, committed 11008K, reserved 1048576K
}

Deoptimization events (10 events):
Event: 33.974 Thread 0x0000000019c47800 Uncommon trap: reason=unstable_if action=reinterpret pc=0x000000000579a314 method=com.android.tools.r8.n.a.a.a.h.H0$f.hasNext()Z @ 5
Event: 34.013 Thread 0x0000000019c47800 Uncommon trap: reason=class_check action=maybe_recompile pc=0x0000000005797020 method=com.android.tools.r8.n.a.a.a.h.N.a(Ljava/lang/Object;)I @ 35
Event: 34.013 Thread 0x0000000019c47800 Uncommon trap: reason=class_check action=maybe_recompile pc=0x0000000005797020 method=com.android.tools.r8.n.a.a.a.h.N.a(Ljava/lang/Object;)I @ 35
Event: 34.013 Thread 0x0000000019c47800 Uncommon trap: reason=class_check action=maybe_recompile pc=0x0000000005797020 method=com.android.tools.r8.n.a.a.a.h.N.a(Ljava/lang/Object;)I @ 35
Event: 34.013 Thread 0x0000000019c47800 Uncommon trap: reason=class_check action=maybe_recompile pc=0x0000000005797020 method=com.android.tools.r8.n.a.a.a.h.N.a(Ljava/lang/Object;)I @ 35
Event: 34.164 Thread 0x0000000017f5c800 Uncommon trap: reason=class_check action=maybe_recompile pc=0x0000000003123dc0 method=java.lang.Throwable.<init>(Ljava/lang/String;Ljava/lang/Throwable;)V @ 24
Event: 34.209 Thread 0x0000000017f5c800 Uncommon trap: reason=unstable_if action=reinterpret pc=0x0000000005824f90 method=java.util.stream.MatchOps$BooleanTerminalSink.<init>(Ljava/util/stream/MatchOps$MatchKind;)V @ 9
Event: 34.209 Thread 0x0000000017f5c800 Uncommon trap: reason=bimorphic action=maybe_recompile pc=0x000000000581c954 method=java.util.stream.MatchOps$1MatchSink.accept(Ljava/lang/Object;)V @ 12
Event: 34.211 Thread 0x0000000017f5c800 Uncommon trap: reason=unstable_if action=reinterpret pc=0x0000000002ceede4 method=org.gradle.execution.plan.Node.isComplete()Z @ 17
Event: 34.225 Thread 0x0000000017f5c800 Uncommon trap: reason=unstable_if action=reinterpret pc=0x0000000005188f7c method=java.nio.Bits.getInt(Ljava/nio/ByteBuffer;IZ)I @ 1

Classes redefined (0 events):
No events

Internal exceptions (10 events):
Event: 31.551 Thread 0x0000000017f5c800 Exception <a 'sun/nio/fs/WindowsException'> (0x00000000f055b2a0) thrown at [D:\src\AOSP-openjdk-cygwin\jdk8u\hotspot\src\share\vm\prims\jni.cpp, line 710]
Event: 31.717 Thread 0x0000000017f5c800 Exception <a 'java/lang/NoSuchMethodError': <clinit>> (0x00000000f09505b0) thrown at [D:\src\AOSP-openjdk-cygwin\jdk8u\hotspot\src\share\vm\prims\jni.cpp, line 1614]
Event: 32.045 Thread 0x0000000019c42000 Exception <a 'sun/nio/fs/WindowsException'> (0x00000000f17b13e8) thrown at [D:\src\AOSP-openjdk-cygwin\jdk8u\hotspot\src\share\vm\prims\jni.cpp, line 710]
Event: 32.207 Thread 0x0000000019c40800 Implicit null exception at 0x00000000052dab2f to 0x00000000052dac21
Event: 32.207 Thread 0x0000000019c45000 Implicit null exception at 0x00000000052dab2f to 0x00000000052dac21
Event: 34.161 Thread 0x0000000019c47800 Exception <a 'sun/nio/fs/WindowsException'> (0x00000000eee97960) thrown at [D:\src\AOSP-openjdk-cygwin\jdk8u\hotspot\src\share\vm\prims\jni.cpp, line 710]
Event: 34.162 Thread 0x0000000019c47800 Exception <a 'java/lang/OutOfMemoryError'> (0x00000000eee98418) thrown at [D:\src\AOSP-openjdk-cygwin\jdk8u\hotspot\src\share\vm\prims\unsafe.cpp, line 618]
Event: 34.190 Thread 0x00000000189a4000 Exception <a 'java/lang/NoSuchMethodError': <clinit>> (0x00000000ef4a7940) thrown at [D:\src\AOSP-openjdk-cygwin\jdk8u\hotspot\src\share\vm\prims\jni.cpp, line 1614]
Event: 34.191 Thread 0x00000000189a4000 Exception <a 'java/lang/NoSuchMethodError': <clinit>> (0x00000000ef4b7e08) thrown at [D:\src\AOSP-openjdk-cygwin\jdk8u\hotspot\src\share\vm\prims\jni.cpp, line 1614]
Event: 34.213 Thread 0x00000000189a4000 Exception <a 'java/lang/NoSuchMethodError': <clinit>> (0x00000000ef4eff48) thrown at [D:\src\AOSP-openjdk-cygwin\jdk8u\hotspot\src\share\vm\prims\jni.cpp, line 1614]

Events (10 events):
Event: 34.218 Executing VM operation: RevokeBias done
Event: 34.218 Executing VM operation: RevokeBias
Event: 34.218 Executing VM operation: RevokeBias done
Event: 34.218 Executing VM operation: RevokeBias
Event: 34.218 Executing VM operation: RevokeBias done
Event: 34.223 loading class org/gradle/internal/exceptions/Contextual
Event: 34.223 loading class org/gradle/internal/exceptions/Contextual done
Event: 34.225 Thread 0x0000000017f5c800 Uncommon trap: trap_request=0xffffff65 fr.pc=0x0000000005188f7c
Event: 34.225 Thread 0x0000000017f5c800 DEOPT PACKING pc=0x0000000005188f7c sp=0x000000001bbfc0e0
Event: 34.225 Thread 0x0000000017f5c800 DEOPT UNPACKING pc=0x0000000002bf557b sp=0x000000001bbfc030 mode 2


Dynamic libraries:
0x00007ff77d8f0000 - 0x00007ff77d921000 	C:\Program Files\Android\Android Studio\jre\bin\java.exe
0x00007ffcabde0000 - 0x00007ffcabfd0000 	C:\WINDOWS\SYSTEM32\ntdll.dll
0x00007ffcab470000 - 0x00007ffcab522000 	C:\WINDOWS\System32\KERNEL32.DLL
0x00007ffca9060000 - 0x00007ffca9303000 	C:\WINDOWS\System32\KERNELBASE.dll
0x00007ffcab530000 - 0x00007ffcab5d3000 	C:\WINDOWS\System32\ADVAPI32.dll
0x00007ffcaa350000 - 0x00007ffcaa3ee000 	C:\WINDOWS\System32\msvcrt.dll
0x00007ffca9e90000 - 0x00007ffca9f27000 	C:\WINDOWS\System32\sechost.dll
0x00007ffcaa880000 - 0x00007ffcaa9a0000 	C:\WINDOWS\System32\RPCRT4.dll
0x00007ffcaaa20000 - 0x00007ffcaabb4000 	C:\WINDOWS\System32\USER32.dll
0x00007ffca8ec0000 - 0x00007ffca8ee1000 	C:\WINDOWS\System32\win32u.dll
0x00007ffcab6f0000 - 0x00007ffcab716000 	C:\WINDOWS\System32\GDI32.dll
0x00007ffca9cd0000 - 0x00007ffca9e64000 	C:\WINDOWS\System32\gdi32full.dll
0x00007ffca8ef0000 - 0x00007ffca8f8e000 	C:\WINDOWS\System32\msvcp_win.dll
0x00007ffca9310000 - 0x00007ffca940a000 	C:\WINDOWS\System32\ucrtbase.dll
0x00007ffc9db80000 - 0x00007ffc9de05000 	C:\WINDOWS\WinSxS\amd64_microsoft.windows.common-controls_6595b64144ccf1df_6.0.18362.592_none_e6c0b1911312be02\COMCTL32.dll
0x00007ffca9f30000 - 0x00007ffcaa266000 	C:\WINDOWS\System32\combase.dll
0x00007ffca8fe0000 - 0x00007ffca9060000 	C:\WINDOWS\System32\bcryptPrimitives.dll
0x00007ffcabc30000 - 0x00007ffcabc5e000 	C:\WINDOWS\System32\IMM32.DLL
0x00000000569d0000 - 0x0000000056aa2000 	C:\Program Files\Android\Android Studio\jre\jre\bin\msvcr100.dll
0x0000000056ab0000 - 0x00000000572f6000 	C:\Program Files\Android\Android Studio\jre\jre\bin\server\jvm.dll
0x00007ffcabbf0000 - 0x00007ffcabbf8000 	C:\WINDOWS\System32\PSAPI.DLL
0x00007ffc9b920000 - 0x00007ffc9b944000 	C:\WINDOWS\SYSTEM32\WINMM.dll
0x00007ffca2370000 - 0x00007ffca2379000 	C:\WINDOWS\SYSTEM32\WSOCK32.dll
0x00007ffcabc60000 - 0x00007ffcabccf000 	C:\WINDOWS\System32\WS2_32.dll
0x00007ffc9b5b0000 - 0x00007ffc9b5dd000 	C:\WINDOWS\SYSTEM32\WINMMBASE.dll
0x00007ffc9f7a0000 - 0x00007ffc9f7aa000 	C:\WINDOWS\SYSTEM32\VERSION.dll
0x00007ffca8f90000 - 0x00007ffca8fda000 	C:\WINDOWS\System32\cfgmgr32.dll
0x00007ffca0c20000 - 0x00007ffca0c2f000 	C:\Program Files\Android\Android Studio\jre\jre\bin\verify.dll
0x00007ffc98bd0000 - 0x00007ffc98bf9000 	C:\Program Files\Android\Android Studio\jre\jre\bin\java.dll
0x00007ffc9b650000 - 0x00007ffc9b666000 	C:\Program Files\Android\Android Studio\jre\jre\bin\zip.dll
0x00007ffcaad80000 - 0x00007ffcab465000 	C:\WINDOWS\System32\SHELL32.dll
0x00007ffcaa3f0000 - 0x00007ffcaa499000 	C:\WINDOWS\System32\shcore.dll
0x00007ffca9550000 - 0x00007ffca9ccf000 	C:\WINDOWS\System32\windows.storage.dll
0x00007ffca8d50000 - 0x00007ffca8d6f000 	C:\WINDOWS\System32\profapi.dll
0x00007ffca8cc0000 - 0x00007ffca8d0a000 	C:\WINDOWS\System32\powrprof.dll
0x00007ffca8cb0000 - 0x00007ffca8cc0000 	C:\WINDOWS\System32\UMPDC.dll
0x00007ffcaa270000 - 0x00007ffcaa2c2000 	C:\WINDOWS\System32\shlwapi.dll
0x00007ffca8d30000 - 0x00007ffca8d41000 	C:\WINDOWS\System32\kernel.appcore.dll
0x00007ffca9e70000 - 0x00007ffca9e87000 	C:\WINDOWS\System32\cryptsp.dll
0x00007ffc9a880000 - 0x00007ffc9a89a000 	C:\Program Files\Android\Android Studio\jre\jre\bin\net.dll
0x00007ffca8520000 - 0x00007ffca8587000 	C:\WINDOWS\system32\mswsock.dll
0x00007ffc928b0000 - 0x00007ffc928c1000 	C:\Program Files\Android\Android Studio\jre\jre\bin\nio.dll
0x00007ffc917c0000 - 0x00007ffc917e6000 	C:\Users\remys_000\.gradle\native\29\windows-amd64\native-platform.dll
0x00007ffc9c2f0000 - 0x00007ffc9c2fd000 	C:\Program Files\Android\Android Studio\jre\jre\bin\management.dll
0x00007ffca8030000 - 0x00007ffca8063000 	C:\WINDOWS\system32\rsaenh.dll
0x00007ffca9520000 - 0x00007ffca9546000 	C:\WINDOWS\System32\bcrypt.dll
0x00007ffca8bd0000 - 0x00007ffca8bf5000 	C:\WINDOWS\SYSTEM32\USERENV.dll
0x00007ffca86f0000 - 0x00007ffca86fc000 	C:\WINDOWS\SYSTEM32\CRYPTBASE.dll
0x00007ffca81d0000 - 0x00007ffca820a000 	C:\WINDOWS\SYSTEM32\IPHLPAPI.DLL
0x00007ffcabc20000 - 0x00007ffcabc28000 	C:\WINDOWS\System32\NSI.dll
0x00007ffca4c50000 - 0x00007ffca4c66000 	C:\WINDOWS\SYSTEM32\dhcpcsvc6.DLL
0x00007ffca4c30000 - 0x00007ffca4c4c000 	C:\WINDOWS\SYSTEM32\dhcpcsvc.DLL
0x00007ffca8210000 - 0x00007ffca82da000 	C:\WINDOWS\SYSTEM32\DNSAPI.dll

VM Arguments:
jvm_args: -Xmx1536m -Dfile.encoding=windows-1252 -Duser.country=FR -Duser.language=fr -Duser.variant 
java_command: org.gradle.launcher.daemon.bootstrap.GradleDaemon 5.4.1
java_class_path (initial): C:\Users\remys_000\.gradle\wrapper\dists\gradle-5.4.1-all\3221gyojl5jsh0helicew7rwx\gradle-5.4.1\lib\gradle-launcher-5.4.1.jar
Launcher Type: SUN_STANDARD

Environment Variables:
PATH=C:\Program Files (x86)\Common Files\Oracle\Java\javapath;C:\Program Files (x86)\NVIDIA Corporation\PhysX\Common;C:\ProgramData\Oracle\Java\javapath;c:\Program Files (x86)\Intel\iCLS Client\;c:\Program Files\Intel\iCLS Client\;C:\WINDOWS\system32;C:\WINDOWS;C:\WINDOWS\System32\Wbem;C:\WINDOWS\System32\WindowsPowerShell\v1.0\;C:\Program Files\Intel\Intel(R) Management Engine Components\DAL;C:\Program Files\Intel\Intel(R) Management Engine Components\IPT;C:\Program Files (x86)\Intel\Intel(R) Management Engine Components\DAL;C:\Program Files (x86)\Intel\Intel(R) Management Engine Components\IPT;C:\Program Files (x86)\Windows Live\Shared;C:\Program Files\Calibre2\;C:\Program Files (x86)\AMD\ATI.ACE\Core-Static;C:\Program Files (x86)\ATI Technologies\ATI.ACE\Core-Static;C:\Program Files\MySQL\MySQL Utilities 1.6\;C:\WINDOWS\System32\OpenSSH\;C:\Program Files (x86)\ffmpeg-20151205-git-a16243a-win64-static\bin;C:\ProgramData\Oracle\Java\javapath;c:\Program Files (x86)\Intel\iCLS Client\;c:\Program Files\Intel\iCLS Client\;C:\Program Files (x86)\NVIDIA Corporation\PhysX\Common;C:\WINDOWS\system32;C:\WINDOWS;C:\WINDOWS\System32\Wbem;C:\WINDOWS\System32\WindowsPowerShell\v1.0\;C:\Program Files\Intel\Intel(R) Management Engine Components\DAL;C:\Program Files\Intel\Intel(R) Management Engine Components\IPT;C:\Program Files (x86)\Intel\Intel(R) Management Engine Components\DAL;C:\Program Files (x86)\Intel\Intel(R) Management Engine Components\IPT;C:\Program Files (x86)\Windows Live\Shared;C:\Program Files\Calibre2\;";C:\Users\remys_000\AppData\Local\Microsoft\WindowsApps";C:\Program Files\MySQL\MySQL Server 5.7\bin;C:\Users\remys_000\AppData\Local\Microsoft\WindowsApps;C:\wso2\apache-maven-3.6.0\bin;
USERNAME=remys_000
OS=Windows_NT
PROCESSOR_IDENTIFIER=Intel64 Family 6 Model 58 Stepping 9, GenuineIntel



---------------  S Y S T E M  ---------------

OS: Windows 10.0 , 64 bit Build 18362 (10.0.18362.329)

CPU:total 4 (initial active 4) (4 cores per cpu, 1 threads per core) family 6 model 58 stepping 9, cmov, cx8, fxsr, mmx, sse, sse2, sse3, ssse3, sse4.1, sse4.2, popcnt, avx, aes, clmul, erms, tsc, tscinvbit, tscinv

Memory: 4k page, physical 8342824k(1446928k free), swap 12537128k(6200k free)

vm_info: OpenJDK 64-Bit Server VM (25.202-b03) for windows-amd64 JRE (1.8.0_202-release-1483-b03), built by "builder" with MS VC++ 10.0 (VS2010)

time: Sat Jan 18 17:17:55 2020
timezone: Paris, Madrid
elapsed time: 34 seconds (0d 0h 0m 34s)

